<?xml version="1.0" encoding="UTF-8" ?>
<testsuites name="vitest tests" tests="3275" failures="0" errors="0" time="0.941142246">
    <testsuite name="test/api/AICC.spec.ts" timestamp="2025-05-05T03:31:07.950Z" hostname="jonathans-macbook-pro-2.mara-rohu.ts.net" tests="47" failures="0" errors="0" skipped="0" time="0.007436083">
        <testcase classname="test/api/AICC.spec.ts" name="AICC API Tests &gt; setCMIValue() &gt; Invalid Sets - Should Always Fail &gt; Field: cmi._version &gt; Should fail to set CMI value for cmi._version" time="0.001007083">
        </testcase>
        <testcase classname="test/api/AICC.spec.ts" name="AICC API Tests &gt; setCMIValue() &gt; Invalid Sets - Should Always Fail &gt; Field: cmi._children &gt; Should fail to set CMI value for cmi._children" time="0.0001625">
        </testcase>
        <testcase classname="test/api/AICC.spec.ts" name="AICC API Tests &gt; setCMIValue() &gt; Invalid Sets - Should Always Fail &gt; Field: cmi.core._children &gt; Should fail to set CMI value for cmi.core._children" time="0.0000785">
        </testcase>
        <testcase classname="test/api/AICC.spec.ts" name="AICC API Tests &gt; setCMIValue() &gt; Invalid Sets - Should Always Fail &gt; Field: cmi.core.score._children &gt; Should fail to set CMI value for cmi.core.score._children" time="0.0000745">
        </testcase>
        <testcase classname="test/api/AICC.spec.ts" name="AICC API Tests &gt; setCMIValue() &gt; Invalid Sets - Should Always Fail &gt; Field: cmi.objectives._children &gt; Should fail to set CMI value for cmi.objectives._children" time="0.000072083">
        </testcase>
        <testcase classname="test/api/AICC.spec.ts" name="AICC API Tests &gt; setCMIValue() &gt; Invalid Sets - Should Always Fail &gt; Field: cmi.objectives._count &gt; Should fail to set CMI value for cmi.objectives._count" time="0.000056917">
        </testcase>
        <testcase classname="test/api/AICC.spec.ts" name="AICC API Tests &gt; setCMIValue() &gt; Invalid Sets - Should Always Fail &gt; Field: cmi.interactions._children &gt; Should fail to set CMI value for cmi.interactions._children" time="0.000050875">
        </testcase>
        <testcase classname="test/api/AICC.spec.ts" name="AICC API Tests &gt; setCMIValue() &gt; Invalid Sets - Should Always Fail &gt; Field: cmi.interactions._count &gt; Should fail to set CMI value for cmi.interactions._count" time="0.000050958">
        </testcase>
        <testcase classname="test/api/AICC.spec.ts" name="AICC API Tests &gt; setCMIValue() &gt; Invalid Sets - Should Always Fail &gt; Field: cmi.interactions.0.objectives._count &gt; Should fail to set CMI value for cmi.interactions.0.objectives._count" time="0.000200791">
        </testcase>
        <testcase classname="test/api/AICC.spec.ts" name="AICC API Tests &gt; setCMIValue() &gt; Invalid Sets - Should Always Fail &gt; Field: cmi.interactions.0.correct_responses._count &gt; Should fail to set CMI value for cmi.interactions.0.correct_responses._count" time="0.000133334">
        </testcase>
        <testcase classname="test/api/AICC.spec.ts" name="AICC API Tests &gt; setCMIValue() &gt; Invalid Sets - Should Fail After Initialization &gt; Field: cmi.launch_data &gt; Should fail to set CMI value for cmi.launch_data" time="0.000103625">
        </testcase>
        <testcase classname="test/api/AICC.spec.ts" name="AICC API Tests &gt; setCMIValue() &gt; Invalid Sets - Should Fail After Initialization &gt; Field: cmi.comments_from_lms &gt; Should fail to set CMI value for cmi.comments_from_lms" time="0.000062208">
        </testcase>
        <testcase classname="test/api/AICC.spec.ts" name="AICC API Tests &gt; setCMIValue() &gt; Invalid Sets - Should Fail After Initialization &gt; Field: cmi.core.student_id &gt; Should fail to set CMI value for cmi.core.student_id" time="0.000056958">
        </testcase>
        <testcase classname="test/api/AICC.spec.ts" name="AICC API Tests &gt; setCMIValue() &gt; Invalid Sets - Should Fail After Initialization &gt; Field: cmi.core.student_name &gt; Should fail to set CMI value for cmi.core.student_name" time="0.000175167">
        </testcase>
        <testcase classname="test/api/AICC.spec.ts" name="AICC API Tests &gt; setCMIValue() &gt; Invalid Sets - Should Fail After Initialization &gt; Field: cmi.core.credit &gt; Should fail to set CMI value for cmi.core.credit" time="0.000060208">
        </testcase>
        <testcase classname="test/api/AICC.spec.ts" name="AICC API Tests &gt; setCMIValue() &gt; Invalid Sets - Should Fail After Initialization &gt; Field: cmi.core.entry &gt; Should fail to set CMI value for cmi.core.entry" time="0.000084542">
        </testcase>
        <testcase classname="test/api/AICC.spec.ts" name="AICC API Tests &gt; setCMIValue() &gt; Invalid Sets - Should Fail After Initialization &gt; Field: cmi.core.total_time &gt; Should fail to set CMI value for cmi.core.total_time" time="0.000043541">
        </testcase>
        <testcase classname="test/api/AICC.spec.ts" name="AICC API Tests &gt; setCMIValue() &gt; Invalid Sets - Should Fail After Initialization &gt; Field: cmi.core.lesson_mode &gt; Should fail to set CMI value for cmi.core.lesson_mode" time="0.000039667">
        </testcase>
        <testcase classname="test/api/AICC.spec.ts" name="AICC API Tests &gt; setCMIValue() &gt; Invalid Sets - Should Fail After Initialization &gt; Field: cmi.student_data.mastery_score &gt; Should fail to set CMI value for cmi.student_data.mastery_score" time="0.000102334">
        </testcase>
        <testcase classname="test/api/AICC.spec.ts" name="AICC API Tests &gt; setCMIValue() &gt; Invalid Sets - Should Fail After Initialization &gt; Field: cmi.student_data.max_time_allowed &gt; Should fail to set CMI value for cmi.student_data.max_time_allowed" time="0.00007875">
        </testcase>
        <testcase classname="test/api/AICC.spec.ts" name="AICC API Tests &gt; setCMIValue() &gt; Invalid Sets - Should Fail After Initialization &gt; Field: cmi.student_data.time_limit_action &gt; Should fail to set CMI value for cmi.student_data.time_limit_action" time="0.000041083">
        </testcase>
        <testcase classname="test/api/AICC.spec.ts" name="AICC API Tests &gt; LMSGetValue() &gt; Invalid Properties - Should Always Fail &gt; Field: cmi.core.close &gt; Should fail to get value for cmi.core.close" time="0.000457583">
        </testcase>
        <testcase classname="test/api/AICC.spec.ts" name="AICC API Tests &gt; LMSGetValue() &gt; Invalid Properties - Should Always Fail &gt; Field: cmi.exit &gt; Should fail to get value for cmi.exit" time="0.000064291">
        </testcase>
        <testcase classname="test/api/AICC.spec.ts" name="AICC API Tests &gt; LMSGetValue() &gt; Invalid Properties - Should Always Fail &gt; Field: cmi.entry &gt; Should fail to get value for cmi.entry" time="0.00004275">
        </testcase>
        <testcase classname="test/api/AICC.spec.ts" name="AICC API Tests &gt; LMSGetValue() &gt; Write-Only Properties - Should Always Fail &gt; Field: cmi.core.exit &gt; Should fail to get value for cmi.core.exit" time="0.00008625">
        </testcase>
        <testcase classname="test/api/AICC.spec.ts" name="AICC API Tests &gt; LMSGetValue() &gt; Write-Only Properties - Should Always Fail &gt; Field: cmi.core.session_time &gt; Should fail to get value for cmi.core.session_time" time="0.000048292">
        </testcase>
        <testcase classname="test/api/AICC.spec.ts" name="AICC API Tests &gt; LMSGetValue() &gt; Write-Only Properties - Should Always Fail &gt; Field: cmi.interactions.0.id &gt; Should fail to get value for cmi.interactions.0.id" time="0.000045291">
        </testcase>
        <testcase classname="test/api/AICC.spec.ts" name="AICC API Tests &gt; LMSGetValue() &gt; Write-Only Properties - Should Always Fail &gt; Field: cmi.interactions.0.time &gt; Should fail to get value for cmi.interactions.0.time" time="0.000041416">
        </testcase>
        <testcase classname="test/api/AICC.spec.ts" name="AICC API Tests &gt; LMSGetValue() &gt; Write-Only Properties - Should Always Fail &gt; Field: cmi.interactions.0.type &gt; Should fail to get value for cmi.interactions.0.type" time="0.000041708">
        </testcase>
        <testcase classname="test/api/AICC.spec.ts" name="AICC API Tests &gt; LMSGetValue() &gt; Write-Only Properties - Should Always Fail &gt; Field: cmi.interactions.0.weighting &gt; Should fail to get value for cmi.interactions.0.weighting" time="0.000044583">
        </testcase>
        <testcase classname="test/api/AICC.spec.ts" name="AICC API Tests &gt; LMSGetValue() &gt; Write-Only Properties - Should Always Fail &gt; Field: cmi.interactions.0.student_response &gt; Should fail to get value for cmi.interactions.0.student_response" time="0.000097625">
        </testcase>
        <testcase classname="test/api/AICC.spec.ts" name="AICC API Tests &gt; LMSGetValue() &gt; Write-Only Properties - Should Always Fail &gt; Field: cmi.interactions.0.result &gt; Should fail to get value for cmi.interactions.0.result" time="0.000052333">
        </testcase>
        <testcase classname="test/api/AICC.spec.ts" name="AICC API Tests &gt; LMSGetValue() &gt; Write-Only Properties - Should Always Fail &gt; Field: cmi.interactions.0.latency &gt; Should fail to get value for cmi.interactions.0.latency" time="0.000043666">
        </testcase>
        <testcase classname="test/api/AICC.spec.ts" name="AICC API Tests &gt; LMSGetValue() &gt; Write-Only Properties - Should Always Fail &gt; Field: cmi.interactions.0.correct_responses.0.pattern &gt; Should fail to get value for cmi.interactions.0.correct_responses.0.pattern" time="0.000041958">
        </testcase>
        <testcase classname="test/api/AICC.spec.ts" name="AICC API Tests &gt; LMSSetValue() &gt; Uninitialized - Should Fail &gt; Field: cmi.objectives.0.id &gt; Should fail to set value for cmi.objectives.0.id" time="0.000098417">
        </testcase>
        <testcase classname="test/api/AICC.spec.ts" name="AICC API Tests &gt; LMSSetValue() &gt; Uninitialized - Should Fail &gt; Field: cmi.interactions.0.id &gt; Should fail to set value for cmi.interactions.0.id" time="0.000067167">
        </testcase>
        <testcase classname="test/api/AICC.spec.ts" name="AICC API Tests &gt; LMSSetValue() &gt; Initialized - Should Succeed &gt; Field: cmi.objectives.0.id &gt; Should successfully set value for cmi.objectives.0.id" time="0.000105417">
        </testcase>
        <testcase classname="test/api/AICC.spec.ts" name="AICC API Tests &gt; LMSSetValue() &gt; Initialized - Should Succeed &gt; Field: cmi.interactions.0.id &gt; Should successfully set value for cmi.interactions.0.id" time="0.000046166">
        </testcase>
        <testcase classname="test/api/AICC.spec.ts" name="AICC API Tests &gt; LMSSetValue() &gt; Initialized - Should Succeed &gt; Field: cmi.evaluation.comments.0.content &gt; Should successfully set value for cmi.evaluation.comments.0.content" time="0.000128917">
        </testcase>
        <testcase classname="test/api/AICC.spec.ts" name="AICC API Tests &gt; LMSSetValue() &gt; Initialized - Should Succeed &gt; Field: cmi.student_data.tries.0.score.max &gt; Should successfully set value for cmi.student_data.tries.0.score.max" time="0.000135833">
        </testcase>
        <testcase classname="test/api/AICC.spec.ts" name="AICC API Tests &gt; LMSSetValue() &gt; Initialized - Should Succeed &gt; Field: cmi.student_data.attempt_records.0.score.max &gt; Should successfully set value for cmi.student_data.attempt_records.0.score.max" time="0.000082709">
        </testcase>
        <testcase classname="test/api/AICC.spec.ts" name="AICC API Tests &gt; LMSSetValue() &gt; Initialized - Should Succeed &gt; Field: cmi.paths.0.location_id &gt; Should successfully set value for cmi.paths.0.location_id" time="0.000075417">
        </testcase>
        <testcase classname="test/api/AICC.spec.ts" name="AICC API Tests &gt; reset() &gt; should reset all CMI values to their default state" time="0.000433125">
        </testcase>
        <testcase classname="test/api/AICC.spec.ts" name="AICC API Tests &gt; reset() &gt; should keep original settings" time="0.00008825">
        </testcase>
        <testcase classname="test/api/AICC.spec.ts" name="AICC API Tests &gt; reset() &gt; should be able to override original settings" time="0.000092708">
        </testcase>
        <testcase classname="test/api/AICC.spec.ts" name="AICC API Tests &gt; reset() &gt; should call commonReset from the superclass" time="0.000347708">
        </testcase>
        <testcase classname="test/api/AICC.spec.ts" name="AICC API Tests &gt; replaceWithAnotherScormAPI() &gt; should replace the current API with another SCORM API" time="0.000059042">
        </testcase>
    </testsuite>
    <testsuite name="test/api/BaseAPI.spec.ts" timestamp="2025-05-05T03:31:07.955Z" hostname="jonathans-macbook-pro-2.mara-rohu.ts.net" tests="82" failures="0" errors="0" skipped="0" time="0.036423875">
        <testcase classname="test/api/BaseAPI.spec.ts" name="BaseAPI &gt; setCMIValue &gt; should throw an error when called directly" time="0.001619166">
        </testcase>
        <testcase classname="test/api/BaseAPI.spec.ts" name="BaseAPI &gt; getCMIValue &gt; should throw an error when called directly" time="0.000352833">
        </testcase>
        <testcase classname="test/api/BaseAPI.spec.ts" name="BaseAPI &gt; getLmsErrorMessageDetails &gt; should throw an error when called directly" time="0.000270041">
        </testcase>
        <testcase classname="test/api/BaseAPI.spec.ts" name="BaseAPI &gt; renderCMIToJSONString &gt; should call serializationService.renderCMIToJSONString with cmi and sendFullCommit" time="0.000942333">
        </testcase>
        <testcase classname="test/api/BaseAPI.spec.ts" name="BaseAPI &gt; renderCMIToJSONObject &gt; should call serializationService.renderCMIToJSONObject with cmi and sendFullCommit" time="0.000301625">
        </testcase>
        <testcase classname="test/api/BaseAPI.spec.ts" name="BaseAPI &gt; initialize &gt; should return SCORM_FALSE when already initialized" time="0.00039825">
        </testcase>
        <testcase classname="test/api/BaseAPI.spec.ts" name="BaseAPI &gt; initialize &gt; should return SCORM_FALSE when already terminated" time="0.0002015">
        </testcase>
        <testcase classname="test/api/BaseAPI.spec.ts" name="BaseAPI &gt; initialize &gt; should return SCORM_TRUE when initialization is successful" time="0.000262375">
        </testcase>
        <testcase classname="test/api/BaseAPI.spec.ts" name="BaseAPI &gt; apiLog &gt; should call loggingService.log when message level is higher than apiLogLevel" time="0.00022725">
        </testcase>
        <testcase classname="test/api/BaseAPI.spec.ts" name="BaseAPI &gt; apiLog &gt; should not call loggingService.log when message level is lower than apiLogLevel" time="0.000132417">
        </testcase>
        <testcase classname="test/api/BaseAPI.spec.ts" name="BaseAPI &gt; settings &gt; should update apiLogLevel when settings.logLevel changes" time="0.000174959">
        </testcase>
        <testcase classname="test/api/BaseAPI.spec.ts" name="BaseAPI &gt; settings &gt; should update logHandler when settings.onLogMessage changes" time="0.000155125">
        </testcase>
        <testcase classname="test/api/BaseAPI.spec.ts" name="BaseAPI &gt; loadFromJSON &gt; should call serializationService.loadFromJSON with correct parameters" time="0.00017875">
        </testcase>
        <testcase classname="test/api/BaseAPI.spec.ts" name="BaseAPI &gt; loadFromFlattenedJSON &gt; should call serializationService.loadFromFlattenedJSON with correct parameters" time="0.000252292">
        </testcase>
        <testcase classname="test/api/BaseAPI.spec.ts" name="BaseAPI &gt; loadFromFlattenedJSON &gt; should use provided CMIElement when specified" time="0.000116084">
        </testcase>
        <testcase classname="test/api/BaseAPI.spec.ts" name="BaseAPI &gt; handleValueAccessException &gt; should set lastErrorCode and throw SCORM error for ValidationError" time="0.000221375">
        </testcase>
        <testcase classname="test/api/BaseAPI.spec.ts" name="BaseAPI &gt; handleValueAccessException &gt; should throw SCORM error with message for Error objects" time="0.000136333">
        </testcase>
        <testcase classname="test/api/BaseAPI.spec.ts" name="BaseAPI &gt; handleValueAccessException &gt; should throw SCORM error with &apos;Unknown error&apos; for non-Error objects" time="0.000190917">
        </testcase>
        <testcase classname="test/api/BaseAPI.spec.ts" name="BaseAPI &gt; _checkObjectHasProperty &gt; should return true for own properties" time="0.000107792">
        </testcase>
        <testcase classname="test/api/BaseAPI.spec.ts" name="BaseAPI &gt; _checkObjectHasProperty &gt; should return false for non-existent properties" time="0.000099208">
        </testcase>
        <testcase classname="test/api/BaseAPI.spec.ts" name="BaseAPI &gt; _checkObjectHasProperty &gt; should return true for inherited properties" time="0.000119417">
        </testcase>
        <testcase classname="test/api/BaseAPI.spec.ts" name="BaseAPI &gt; _checkObjectHasProperty &gt; should return true for properties defined with Object.defineProperty" time="0.000106125">
        </testcase>
        <testcase classname="test/api/BaseAPI.spec.ts" name="BaseAPI &gt; getCommitObject &gt; should call serializationService.getCommitObject with correct parameters" time="0.000497">
        </testcase>
        <testcase classname="test/api/BaseAPI.spec.ts" name="BaseAPI &gt; getCommitObject &gt; should pass the terminateCommit parameter to serializationService" time="0.000605292">
        </testcase>
        <testcase classname="test/api/BaseAPI.spec.ts" name="BaseAPI &gt; getFlattenedCMI &gt; should call Utilities.flatten with the result of renderCMIToJSONObject" time="0.000264459">
        </testcase>
        <testcase classname="test/api/BaseAPI.spec.ts" name="BaseAPI &gt; processHttpRequest &gt; should call httpService.processHttpRequest when online" time="0.0041805">
        </testcase>
        <testcase classname="test/api/BaseAPI.spec.ts" name="BaseAPI &gt; processHttpRequest &gt; should store data offline when offline support is enabled and device is offline" time="0.001776792">
        </testcase>
        <testcase classname="test/api/BaseAPI.spec.ts" name="BaseAPI &gt; processHttpRequest &gt; should return error when offline and params format is invalid" time="0.00158325">
        </testcase>
        <testcase classname="test/api/BaseAPI.spec.ts" name="BaseAPI &gt; scheduled commit methods &gt; scheduleCommit &gt; should create a new ScheduledCommit when no timeout exists" time="0.000226584">
        </testcase>
        <testcase classname="test/api/BaseAPI.spec.ts" name="BaseAPI &gt; scheduled commit methods &gt; scheduleCommit &gt; should not create a new ScheduledCommit when timeout already exists" time="0.00017375">
        </testcase>
        <testcase classname="test/api/BaseAPI.spec.ts" name="BaseAPI &gt; scheduled commit methods &gt; clearScheduledCommit &gt; should cancel and clear the timeout when it exists" time="0.000177375">
        </testcase>
        <testcase classname="test/api/BaseAPI.spec.ts" name="BaseAPI &gt; scheduled commit methods &gt; clearScheduledCommit &gt; should do nothing when no timeout exists" time="0.000114291">
        </testcase>
        <testcase classname="test/api/BaseAPI.spec.ts" name="BaseAPI &gt; checkState &gt; should return false and throw error when not initialized" time="0.000158958">
        </testcase>
        <testcase classname="test/api/BaseAPI.spec.ts" name="BaseAPI &gt; checkState &gt; should return false and throw error when terminated and checkTerminated is true" time="0.000126292">
        </testcase>
        <testcase classname="test/api/BaseAPI.spec.ts" name="BaseAPI &gt; checkState &gt; should return true when initialized" time="0.000119875">
        </testcase>
        <testcase classname="test/api/BaseAPI.spec.ts" name="BaseAPI &gt; checkState &gt; should return true when terminated but checkTerminated is false" time="0.000119708">
        </testcase>
        <testcase classname="test/api/BaseAPI.spec.ts" name="BaseAPI &gt; terminate &gt; should return SCORM_FALSE and throw error when not initialized" time="0.000199958">
        </testcase>
        <testcase classname="test/api/BaseAPI.spec.ts" name="BaseAPI &gt; terminate &gt; should call storeData with calculateTotalTime=true when checkState returns true" time="0.000184333">
        </testcase>
        <testcase classname="test/api/BaseAPI.spec.ts" name="BaseAPI &gt; terminate &gt; should throw SCORM error when storeData returns an error code" time="0.000168625">
        </testcase>
        <testcase classname="test/api/BaseAPI.spec.ts" name="BaseAPI &gt; terminate &gt; should reset lastErrorCode when checkTerminated is true" time="0.000142333">
        </testcase>
        <testcase classname="test/api/BaseAPI.spec.ts" name="BaseAPI &gt; terminate &gt; should attempt to sync offline data when online and offline data exists" time="0.000262167">
        </testcase>
        <testcase classname="test/api/BaseAPI.spec.ts" name="BaseAPI &gt; error information methods &gt; getLastError &gt; should return the last error code" time="0.00018325">
        </testcase>
        <testcase classname="test/api/BaseAPI.spec.ts" name="BaseAPI &gt; error information methods &gt; getErrorString &gt; should return empty string when CMIErrorCode is null" time="0.000165583">
        </testcase>
        <testcase classname="test/api/BaseAPI.spec.ts" name="BaseAPI &gt; error information methods &gt; getErrorString &gt; should return empty string when CMIErrorCode is empty" time="0.000143917">
        </testcase>
        <testcase classname="test/api/BaseAPI.spec.ts" name="BaseAPI &gt; error information methods &gt; getErrorString &gt; should call getLmsErrorMessageDetails and process listeners when CMIErrorCode is valid" time="0.000210709">
        </testcase>
        <testcase classname="test/api/BaseAPI.spec.ts" name="BaseAPI &gt; error information methods &gt; getDiagnostic &gt; should return empty string when CMIErrorCode is null" time="0.000160541">
        </testcase>
        <testcase classname="test/api/BaseAPI.spec.ts" name="BaseAPI &gt; error information methods &gt; getDiagnostic &gt; should return empty string when CMIErrorCode is empty" time="0.000145583">
        </testcase>
        <testcase classname="test/api/BaseAPI.spec.ts" name="BaseAPI &gt; error information methods &gt; getDiagnostic &gt; should call getLmsErrorMessageDetails with detail=true and process listeners when CMIErrorCode is valid" time="0.000171334">
        </testcase>
        <testcase classname="test/api/BaseAPI.spec.ts" name="BaseAPI &gt; commit &gt; should return SCORM_FALSE and throw error when not initialized" time="0.000240625">
        </testcase>
        <testcase classname="test/api/BaseAPI.spec.ts" name="BaseAPI &gt; commit &gt; should return SCORM_FALSE and throw error when terminated and checkTerminated is true" time="0.000189792">
        </testcase>
        <testcase classname="test/api/BaseAPI.spec.ts" name="BaseAPI &gt; commit &gt; should call storeData and process listeners when initialized" time="0.000308125">
        </testcase>
        <testcase classname="test/api/BaseAPI.spec.ts" name="BaseAPI &gt; commit &gt; should throw SCORM error when storeData returns an error code" time="0.000196833">
        </testcase>
        <testcase classname="test/api/BaseAPI.spec.ts" name="BaseAPI &gt; commit &gt; should reset lastErrorCode when checkTerminated is true" time="0.000164417">
        </testcase>
        <testcase classname="test/api/BaseAPI.spec.ts" name="BaseAPI &gt; commit &gt; should attempt to sync offline data when online and offline data exists" time="0.000239208">
        </testcase>
        <testcase classname="test/api/BaseAPI.spec.ts" name="BaseAPI &gt; setValue &gt; should return SCORM_FALSE and throw error when not initialized" time="0.000192583">
        </testcase>
        <testcase classname="test/api/BaseAPI.spec.ts" name="BaseAPI &gt; setValue &gt; should return SCORM_FALSE and throw error when terminated and checkTerminated is true" time="0.000167333">
        </testcase>
        <testcase classname="test/api/BaseAPI.spec.ts" name="BaseAPI &gt; setValue &gt; should call setCMIValue and process listeners when initialized" time="0.000193792">
        </testcase>
        <testcase classname="test/api/BaseAPI.spec.ts" name="BaseAPI &gt; setValue &gt; should handle exceptions from setCMIValue" time="0.000256583">
        </testcase>
        <testcase classname="test/api/BaseAPI.spec.ts" name="BaseAPI &gt; setValue &gt; should schedule commit when autocommit is enabled and no errors" time="0.000217291">
        </testcase>
        <testcase classname="test/api/BaseAPI.spec.ts" name="BaseAPI &gt; setValue &gt; should not schedule commit when autocommit is disabled" time="0.000184875">
        </testcase>
        <testcase classname="test/api/BaseAPI.spec.ts" name="BaseAPI &gt; setValue &gt; should not schedule commit when there are errors" time="0.0002285">
        </testcase>
        <testcase classname="test/api/BaseAPI.spec.ts" name="BaseAPI &gt; getValue &gt; should return empty string and throw error when not initialized" time="0.000205208">
        </testcase>
        <testcase classname="test/api/BaseAPI.spec.ts" name="BaseAPI &gt; getValue &gt; should return empty string and throw error when terminated and checkTerminated is true" time="0.000174042">
        </testcase>
        <testcase classname="test/api/BaseAPI.spec.ts" name="BaseAPI &gt; getValue &gt; should call getCMIValue and process listeners when initialized" time="0.000247667">
        </testcase>
        <testcase classname="test/api/BaseAPI.spec.ts" name="BaseAPI &gt; getValue &gt; should handle exceptions from getCMIValue" time="0.000216125">
        </testcase>
        <testcase classname="test/api/BaseAPI.spec.ts" name="BaseAPI &gt; error handling methods &gt; should set error code with throwSCORMError method" time="0.000175333">
        </testcase>
        <testcase classname="test/api/BaseAPI.spec.ts" name="BaseAPI &gt; error handling methods &gt; should clear error code with clearSCORMError method" time="0.000167542">
        </testcase>
        <testcase classname="test/api/BaseAPI.spec.ts" name="BaseAPI &gt; event handling methods &gt; should register event listeners with on method" time="0.000224959">
        </testcase>
        <testcase classname="test/api/BaseAPI.spec.ts" name="BaseAPI &gt; event handling methods &gt; should unregister event listeners with off method" time="0.000208084">
        </testcase>
        <testcase classname="test/api/BaseAPI.spec.ts" name="BaseAPI &gt; event handling methods &gt; should clear all event listeners with clear method" time="0.000194291">
        </testcase>
        <testcase classname="test/api/BaseAPI.spec.ts" name="BaseAPI &gt; event handling methods &gt; should process event listeners with processListeners method" time="0.000174625">
        </testcase>
        <testcase classname="test/api/BaseAPI.spec.ts" name="BaseAPI &gt; state checking methods &gt; should correctly identify initialized state" time="0.0002145">
        </testcase>
        <testcase classname="test/api/BaseAPI.spec.ts" name="BaseAPI &gt; state checking methods &gt; should correctly identify not initialized state" time="0.000184">
        </testcase>
        <testcase classname="test/api/BaseAPI.spec.ts" name="BaseAPI &gt; state checking methods &gt; should correctly identify terminated state" time="0.000178792">
        </testcase>
        <testcase classname="test/api/BaseAPI.spec.ts" name="BaseAPI &gt; constructor with offline storage &gt; should not initialize offline storage service when enableOfflineSupport is false" time="0.00095275">
        </testcase>
        <testcase classname="test/api/BaseAPI.spec.ts" name="BaseAPI &gt; constructor with offline storage &gt; should initialize offline storage service when enableOfflineSupport is true" time="0.000597042">
        </testcase>
        <testcase classname="test/api/BaseAPI.spec.ts" name="BaseAPI &gt; constructor with offline storage &gt; should store courseId when provided with settings" time="0.000474875">
        </testcase>
        <testcase classname="test/api/BaseAPI.spec.ts" name="BaseAPI &gt; constructor with offline storage &gt; should not attempt to retrieve offline data when courseId is not provided" time="0.000432709">
        </testcase>
        <testcase classname="test/api/BaseAPI.spec.ts" name="BaseAPI &gt; constructor with offline storage &gt; should attempt to retrieve offline data when courseId is provided" time="0.005809958">
        </testcase>
        <testcase classname="test/api/BaseAPI.spec.ts" name="BaseAPI &gt; constructor with offline storage &gt; should load data from offline storage when data is found" time="0.000686708">
        </testcase>
        <testcase classname="test/api/BaseAPI.spec.ts" name="BaseAPI &gt; constructor with offline storage &gt; should handle errors when retrieving offline data" time="0.001191083">
            <system-err>
constructor         : Error retrieving offline data: Error: Storage error

            </system-err>
        </testcase>
        <testcase classname="test/api/BaseAPI.spec.ts" name="BaseAPI &gt; constructor with offline storage &gt; should not attempt to load data when no offline data is found" time="0.000534709">
        </testcase>
    </testsuite>
    <testsuite name="test/api/ErrorCodes.spec.ts" timestamp="2025-05-05T03:31:07.960Z" hostname="jonathans-macbook-pro-2.mara-rohu.ts.net" tests="94" failures="0" errors="0" skipped="0" time="0.008942959">
        <testcase classname="test/api/ErrorCodes.spec.ts" name="Error Codes Tests &gt; SCORM 2004 Error Codes &gt; GENERAL Error Tests &gt; should correctly set and retrieve GENERAL error code" time="0.001435459">
        </testcase>
        <testcase classname="test/api/ErrorCodes.spec.ts" name="Error Codes Tests &gt; SCORM 2004 Error Codes &gt; INITIALIZATION_FAILED Error Tests &gt; should correctly set and retrieve INITIALIZATION_FAILED error code" time="0.000161916">
        </testcase>
        <testcase classname="test/api/ErrorCodes.spec.ts" name="Error Codes Tests &gt; SCORM 2004 Error Codes &gt; INITIALIZED Error Tests &gt; should correctly set and retrieve INITIALIZED error code" time="0.0000795">
        </testcase>
        <testcase classname="test/api/ErrorCodes.spec.ts" name="Error Codes Tests &gt; SCORM 2004 Error Codes &gt; TERMINATED Error Tests &gt; should correctly set and retrieve TERMINATED error code" time="0.000062333">
        </testcase>
        <testcase classname="test/api/ErrorCodes.spec.ts" name="Error Codes Tests &gt; SCORM 2004 Error Codes &gt; TERMINATION_FAILURE Error Tests &gt; should correctly set and retrieve TERMINATION_FAILURE error code" time="0.000068708">
        </testcase>
        <testcase classname="test/api/ErrorCodes.spec.ts" name="Error Codes Tests &gt; SCORM 2004 Error Codes &gt; TERMINATION_BEFORE_INIT Error Tests &gt; should correctly set and retrieve TERMINATION_BEFORE_INIT error code" time="0.000052875">
        </testcase>
        <testcase classname="test/api/ErrorCodes.spec.ts" name="Error Codes Tests &gt; SCORM 2004 Error Codes &gt; MULTIPLE_TERMINATION Error Tests &gt; should correctly set and retrieve MULTIPLE_TERMINATION error code" time="0.000051834">
        </testcase>
        <testcase classname="test/api/ErrorCodes.spec.ts" name="Error Codes Tests &gt; SCORM 2004 Error Codes &gt; RETRIEVE_BEFORE_INIT Error Tests &gt; should correctly set and retrieve RETRIEVE_BEFORE_INIT error code" time="0.000046042">
        </testcase>
        <testcase classname="test/api/ErrorCodes.spec.ts" name="Error Codes Tests &gt; SCORM 2004 Error Codes &gt; RETRIEVE_AFTER_TERM Error Tests &gt; should correctly set and retrieve RETRIEVE_AFTER_TERM error code" time="0.000312208">
        </testcase>
        <testcase classname="test/api/ErrorCodes.spec.ts" name="Error Codes Tests &gt; SCORM 2004 Error Codes &gt; STORE_BEFORE_INIT Error Tests &gt; should correctly set and retrieve STORE_BEFORE_INIT error code" time="0.000173167">
        </testcase>
        <testcase classname="test/api/ErrorCodes.spec.ts" name="Error Codes Tests &gt; SCORM 2004 Error Codes &gt; STORE_AFTER_TERM Error Tests &gt; should correctly set and retrieve STORE_AFTER_TERM error code" time="0.000055708">
        </testcase>
        <testcase classname="test/api/ErrorCodes.spec.ts" name="Error Codes Tests &gt; SCORM 2004 Error Codes &gt; COMMIT_BEFORE_INIT Error Tests &gt; should correctly set and retrieve COMMIT_BEFORE_INIT error code" time="0.000096416">
        </testcase>
        <testcase classname="test/api/ErrorCodes.spec.ts" name="Error Codes Tests &gt; SCORM 2004 Error Codes &gt; COMMIT_AFTER_TERM Error Tests &gt; should correctly set and retrieve COMMIT_AFTER_TERM error code" time="0.000055667">
        </testcase>
        <testcase classname="test/api/ErrorCodes.spec.ts" name="Error Codes Tests &gt; SCORM 2004 Error Codes &gt; ARGUMENT_ERROR Error Tests &gt; should correctly set and retrieve ARGUMENT_ERROR error code" time="0.000158958">
        </testcase>
        <testcase classname="test/api/ErrorCodes.spec.ts" name="Error Codes Tests &gt; SCORM 2004 Error Codes &gt; CHILDREN_ERROR Error Tests &gt; should correctly set and retrieve CHILDREN_ERROR error code" time="0.000049125">
        </testcase>
        <testcase classname="test/api/ErrorCodes.spec.ts" name="Error Codes Tests &gt; SCORM 2004 Error Codes &gt; COUNT_ERROR Error Tests &gt; should correctly set and retrieve COUNT_ERROR error code" time="0.000068917">
        </testcase>
        <testcase classname="test/api/ErrorCodes.spec.ts" name="Error Codes Tests &gt; SCORM 2004 Error Codes &gt; GENERAL_GET_FAILURE Error Tests &gt; should correctly set and retrieve GENERAL_GET_FAILURE error code" time="0.000037291">
        </testcase>
        <testcase classname="test/api/ErrorCodes.spec.ts" name="Error Codes Tests &gt; SCORM 2004 Error Codes &gt; GENERAL_SET_FAILURE Error Tests &gt; should correctly set and retrieve GENERAL_SET_FAILURE error code" time="0.000034666">
        </testcase>
        <testcase classname="test/api/ErrorCodes.spec.ts" name="Error Codes Tests &gt; SCORM 2004 Error Codes &gt; GENERAL_COMMIT_FAILURE Error Tests &gt; should correctly set and retrieve GENERAL_COMMIT_FAILURE error code" time="0.000031541">
        </testcase>
        <testcase classname="test/api/ErrorCodes.spec.ts" name="Error Codes Tests &gt; SCORM 2004 Error Codes &gt; UNDEFINED_DATA_MODEL Error Tests &gt; should correctly set and retrieve UNDEFINED_DATA_MODEL error code" time="0.000066625">
        </testcase>
        <testcase classname="test/api/ErrorCodes.spec.ts" name="Error Codes Tests &gt; SCORM 2004 Error Codes &gt; UNIMPLEMENTED_ELEMENT Error Tests &gt; should correctly set and retrieve UNIMPLEMENTED_ELEMENT error code" time="0.000029417">
        </testcase>
        <testcase classname="test/api/ErrorCodes.spec.ts" name="Error Codes Tests &gt; SCORM 2004 Error Codes &gt; VALUE_NOT_INITIALIZED Error Tests &gt; should correctly set and retrieve VALUE_NOT_INITIALIZED error code" time="0.000028166">
        </testcase>
        <testcase classname="test/api/ErrorCodes.spec.ts" name="Error Codes Tests &gt; SCORM 2004 Error Codes &gt; INVALID_SET_VALUE Error Tests &gt; should correctly set and retrieve INVALID_SET_VALUE error code" time="0.00002825">
        </testcase>
        <testcase classname="test/api/ErrorCodes.spec.ts" name="Error Codes Tests &gt; SCORM 2004 Error Codes &gt; READ_ONLY_ELEMENT Error Tests &gt; should correctly set and retrieve READ_ONLY_ELEMENT error code" time="0.000027625">
        </testcase>
        <testcase classname="test/api/ErrorCodes.spec.ts" name="Error Codes Tests &gt; SCORM 2004 Error Codes &gt; WRITE_ONLY_ELEMENT Error Tests &gt; should correctly set and retrieve WRITE_ONLY_ELEMENT error code" time="0.000028209">
        </testcase>
        <testcase classname="test/api/ErrorCodes.spec.ts" name="Error Codes Tests &gt; SCORM 2004 Error Codes &gt; TYPE_MISMATCH Error Tests &gt; should correctly set and retrieve TYPE_MISMATCH error code" time="0.000030417">
        </testcase>
        <testcase classname="test/api/ErrorCodes.spec.ts" name="Error Codes Tests &gt; SCORM 2004 Error Codes &gt; VALUE_OUT_OF_RANGE Error Tests &gt; should correctly set and retrieve VALUE_OUT_OF_RANGE error code" time="0.000030667">
        </testcase>
        <testcase classname="test/api/ErrorCodes.spec.ts" name="Error Codes Tests &gt; SCORM 2004 Error Codes &gt; DEPENDENCY_NOT_ESTABLISHED Error Tests &gt; should correctly set and retrieve DEPENDENCY_NOT_ESTABLISHED error code" time="0.000031334">
        </testcase>
        <testcase classname="test/api/ErrorCodes.spec.ts" name="Error Codes Tests &gt; SCORM 2004 Error Codes &gt; MULTIPLE_TERMINATIONS Error Tests &gt; should correctly set and retrieve MULTIPLE_TERMINATIONS error code" time="0.00003025">
        </testcase>
        <testcase classname="test/api/ErrorCodes.spec.ts" name="Error Codes Tests &gt; SCORM 2004 Error Codes &gt; throwSCORMError Behavior Tests &gt; should set lastErrorCode when throwException is false" time="0.000046333">
        </testcase>
        <testcase classname="test/api/ErrorCodes.spec.ts" name="Error Codes Tests &gt; SCORM 2004 Error Codes &gt; throwSCORMError Behavior Tests &gt; should not overwrite lastErrorCode with subsequent operations" time="0.000286583">
        </testcase>
        <testcase classname="test/api/ErrorCodes.spec.ts" name="Error Codes Tests &gt; SCORM 2004 Error Codes &gt; throwSCORMError Behavior Tests &gt; should clear lastErrorCode when clearSCORMError is called with &apos;true&apos;" time="0.000054125">
        </testcase>
        <testcase classname="test/api/ErrorCodes.spec.ts" name="Error Codes Tests &gt; SCORM 2004 Error Codes &gt; TYPE_MISMATCH Error Tests (Real Scenarios) &gt; should set TYPE_MISMATCH (406) error code when setting an invalid value type" time="0.0005475">
        </testcase>
        <testcase classname="test/api/ErrorCodes.spec.ts" name="Error Codes Tests &gt; SCORM 2004 Error Codes &gt; TYPE_MISMATCH Error Tests (Real Scenarios) &gt; should set TYPE_MISMATCH (406) error code when setting an invalid timestamp value" time="0.000223291">
        </testcase>
        <testcase classname="test/api/ErrorCodes.spec.ts" name="Error Codes Tests &gt; SCORM 2004 Error Codes &gt; TYPE_MISMATCH Error Tests (Real Scenarios) &gt; should set TYPE_MISMATCH (406) error code when setting an invalid numeric value" time="0.000080583">
        </testcase>
        <testcase classname="test/api/ErrorCodes.spec.ts" name="Error Codes Tests &gt; SCORM 2004 Error Codes &gt; TYPE_MISMATCH Error Tests (Real Scenarios) &gt; should set TYPE_MISMATCH (406) error code when setting an invalid format for matching interaction" time="0.000222542">
        </testcase>
        <testcase classname="test/api/ErrorCodes.spec.ts" name="Error Codes Tests &gt; SCORM 2004 Error Codes &gt; TYPE_MISMATCH Error Tests (Real Scenarios) &gt; should maintain TYPE_MISMATCH (406) error code after multiple operations" time="0.000135125">
        </testcase>
        <testcase classname="test/api/ErrorCodes.spec.ts" name="Error Codes Tests &gt; SCORM 2004 Error Codes &gt; TYPE_MISMATCH Error Tests (Real Scenarios) &gt; should not set GENERAL (101) error code instead of TYPE_MISMATCH (406) when setting an incorrect value" time="0.00017775">
        </testcase>
        <testcase classname="test/api/ErrorCodes.spec.ts" name="Error Codes Tests &gt; SCORM 1.2 Error Codes &gt; GENERAL Error Tests &gt; should correctly set and retrieve GENERAL error code" time="0.000237625">
        </testcase>
        <testcase classname="test/api/ErrorCodes.spec.ts" name="Error Codes Tests &gt; SCORM 1.2 Error Codes &gt; INITIALIZATION_FAILED Error Tests &gt; should correctly set and retrieve INITIALIZATION_FAILED error code" time="0.0000395">
        </testcase>
        <testcase classname="test/api/ErrorCodes.spec.ts" name="Error Codes Tests &gt; SCORM 1.2 Error Codes &gt; INITIALIZED Error Tests &gt; should correctly set and retrieve INITIALIZED error code" time="0.00003475">
        </testcase>
        <testcase classname="test/api/ErrorCodes.spec.ts" name="Error Codes Tests &gt; SCORM 1.2 Error Codes &gt; TERMINATED Error Tests &gt; should correctly set and retrieve TERMINATED error code" time="0.000031417">
        </testcase>
        <testcase classname="test/api/ErrorCodes.spec.ts" name="Error Codes Tests &gt; SCORM 1.2 Error Codes &gt; TERMINATION_FAILURE Error Tests &gt; should correctly set and retrieve TERMINATION_FAILURE error code" time="0.000031792">
        </testcase>
        <testcase classname="test/api/ErrorCodes.spec.ts" name="Error Codes Tests &gt; SCORM 1.2 Error Codes &gt; TERMINATION_BEFORE_INIT Error Tests &gt; should correctly set and retrieve TERMINATION_BEFORE_INIT error code" time="0.000030417">
        </testcase>
        <testcase classname="test/api/ErrorCodes.spec.ts" name="Error Codes Tests &gt; SCORM 1.2 Error Codes &gt; MULTIPLE_TERMINATION Error Tests &gt; should correctly set and retrieve MULTIPLE_TERMINATION error code" time="0.000097">
        </testcase>
        <testcase classname="test/api/ErrorCodes.spec.ts" name="Error Codes Tests &gt; SCORM 1.2 Error Codes &gt; RETRIEVE_BEFORE_INIT Error Tests &gt; should correctly set and retrieve RETRIEVE_BEFORE_INIT error code" time="0.00003825">
        </testcase>
        <testcase classname="test/api/ErrorCodes.spec.ts" name="Error Codes Tests &gt; SCORM 1.2 Error Codes &gt; RETRIEVE_AFTER_TERM Error Tests &gt; should correctly set and retrieve RETRIEVE_AFTER_TERM error code" time="0.00011525">
        </testcase>
        <testcase classname="test/api/ErrorCodes.spec.ts" name="Error Codes Tests &gt; SCORM 1.2 Error Codes &gt; STORE_BEFORE_INIT Error Tests &gt; should correctly set and retrieve STORE_BEFORE_INIT error code" time="0.000066708">
        </testcase>
        <testcase classname="test/api/ErrorCodes.spec.ts" name="Error Codes Tests &gt; SCORM 1.2 Error Codes &gt; STORE_AFTER_TERM Error Tests &gt; should correctly set and retrieve STORE_AFTER_TERM error code" time="0.000033167">
        </testcase>
        <testcase classname="test/api/ErrorCodes.spec.ts" name="Error Codes Tests &gt; SCORM 1.2 Error Codes &gt; COMMIT_BEFORE_INIT Error Tests &gt; should correctly set and retrieve COMMIT_BEFORE_INIT error code" time="0.000027375">
        </testcase>
        <testcase classname="test/api/ErrorCodes.spec.ts" name="Error Codes Tests &gt; SCORM 1.2 Error Codes &gt; COMMIT_AFTER_TERM Error Tests &gt; should correctly set and retrieve COMMIT_AFTER_TERM error code" time="0.000028875">
        </testcase>
        <testcase classname="test/api/ErrorCodes.spec.ts" name="Error Codes Tests &gt; SCORM 1.2 Error Codes &gt; ARGUMENT_ERROR Error Tests &gt; should correctly set and retrieve ARGUMENT_ERROR error code" time="0.000028125">
        </testcase>
        <testcase classname="test/api/ErrorCodes.spec.ts" name="Error Codes Tests &gt; SCORM 1.2 Error Codes &gt; CHILDREN_ERROR Error Tests &gt; should correctly set and retrieve CHILDREN_ERROR error code" time="0.00003">
        </testcase>
        <testcase classname="test/api/ErrorCodes.spec.ts" name="Error Codes Tests &gt; SCORM 1.2 Error Codes &gt; COUNT_ERROR Error Tests &gt; should correctly set and retrieve COUNT_ERROR error code" time="0.000028041">
        </testcase>
        <testcase classname="test/api/ErrorCodes.spec.ts" name="Error Codes Tests &gt; SCORM 1.2 Error Codes &gt; GENERAL_GET_FAILURE Error Tests &gt; should correctly set and retrieve GENERAL_GET_FAILURE error code" time="0.000028125">
        </testcase>
        <testcase classname="test/api/ErrorCodes.spec.ts" name="Error Codes Tests &gt; SCORM 1.2 Error Codes &gt; GENERAL_SET_FAILURE Error Tests &gt; should correctly set and retrieve GENERAL_SET_FAILURE error code" time="0.00002725">
        </testcase>
        <testcase classname="test/api/ErrorCodes.spec.ts" name="Error Codes Tests &gt; SCORM 1.2 Error Codes &gt; GENERAL_COMMIT_FAILURE Error Tests &gt; should correctly set and retrieve GENERAL_COMMIT_FAILURE error code" time="0.000027459">
        </testcase>
        <testcase classname="test/api/ErrorCodes.spec.ts" name="Error Codes Tests &gt; SCORM 1.2 Error Codes &gt; UNDEFINED_DATA_MODEL Error Tests &gt; should correctly set and retrieve UNDEFINED_DATA_MODEL error code" time="0.000026708">
        </testcase>
        <testcase classname="test/api/ErrorCodes.spec.ts" name="Error Codes Tests &gt; SCORM 1.2 Error Codes &gt; UNIMPLEMENTED_ELEMENT Error Tests &gt; should correctly set and retrieve UNIMPLEMENTED_ELEMENT error code" time="0.000025583">
        </testcase>
        <testcase classname="test/api/ErrorCodes.spec.ts" name="Error Codes Tests &gt; SCORM 1.2 Error Codes &gt; VALUE_NOT_INITIALIZED Error Tests &gt; should correctly set and retrieve VALUE_NOT_INITIALIZED error code" time="0.000026208">
        </testcase>
        <testcase classname="test/api/ErrorCodes.spec.ts" name="Error Codes Tests &gt; SCORM 1.2 Error Codes &gt; INVALID_SET_VALUE Error Tests &gt; should correctly set and retrieve INVALID_SET_VALUE error code" time="0.000027542">
        </testcase>
        <testcase classname="test/api/ErrorCodes.spec.ts" name="Error Codes Tests &gt; SCORM 1.2 Error Codes &gt; READ_ONLY_ELEMENT Error Tests &gt; should correctly set and retrieve READ_ONLY_ELEMENT error code" time="0.000027834">
        </testcase>
        <testcase classname="test/api/ErrorCodes.spec.ts" name="Error Codes Tests &gt; SCORM 1.2 Error Codes &gt; WRITE_ONLY_ELEMENT Error Tests &gt; should correctly set and retrieve WRITE_ONLY_ELEMENT error code" time="0.000026542">
        </testcase>
        <testcase classname="test/api/ErrorCodes.spec.ts" name="Error Codes Tests &gt; SCORM 1.2 Error Codes &gt; TYPE_MISMATCH Error Tests &gt; should correctly set and retrieve TYPE_MISMATCH error code" time="0.000060542">
        </testcase>
        <testcase classname="test/api/ErrorCodes.spec.ts" name="Error Codes Tests &gt; SCORM 1.2 Error Codes &gt; VALUE_OUT_OF_RANGE Error Tests &gt; should correctly set and retrieve VALUE_OUT_OF_RANGE error code" time="0.000025291">
        </testcase>
        <testcase classname="test/api/ErrorCodes.spec.ts" name="Error Codes Tests &gt; SCORM 1.2 Error Codes &gt; DEPENDENCY_NOT_ESTABLISHED Error Tests &gt; should correctly set and retrieve DEPENDENCY_NOT_ESTABLISHED error code" time="0.000026625">
        </testcase>
        <testcase classname="test/api/ErrorCodes.spec.ts" name="Error Codes Tests &gt; AICC Error Codes &gt; GENERAL Error Tests &gt; should correctly set and retrieve GENERAL error code" time="0.000237583">
        </testcase>
        <testcase classname="test/api/ErrorCodes.spec.ts" name="Error Codes Tests &gt; AICC Error Codes &gt; INITIALIZATION_FAILED Error Tests &gt; should correctly set and retrieve INITIALIZATION_FAILED error code" time="0.000037375">
        </testcase>
        <testcase classname="test/api/ErrorCodes.spec.ts" name="Error Codes Tests &gt; AICC Error Codes &gt; INITIALIZED Error Tests &gt; should correctly set and retrieve INITIALIZED error code" time="0.00003475">
        </testcase>
        <testcase classname="test/api/ErrorCodes.spec.ts" name="Error Codes Tests &gt; AICC Error Codes &gt; TERMINATED Error Tests &gt; should correctly set and retrieve TERMINATED error code" time="0.000033958">
        </testcase>
        <testcase classname="test/api/ErrorCodes.spec.ts" name="Error Codes Tests &gt; AICC Error Codes &gt; TERMINATION_FAILURE Error Tests &gt; should correctly set and retrieve TERMINATION_FAILURE error code" time="0.000033708">
        </testcase>
        <testcase classname="test/api/ErrorCodes.spec.ts" name="Error Codes Tests &gt; AICC Error Codes &gt; TERMINATION_BEFORE_INIT Error Tests &gt; should correctly set and retrieve TERMINATION_BEFORE_INIT error code" time="0.000035375">
        </testcase>
        <testcase classname="test/api/ErrorCodes.spec.ts" name="Error Codes Tests &gt; AICC Error Codes &gt; MULTIPLE_TERMINATION Error Tests &gt; should correctly set and retrieve MULTIPLE_TERMINATION error code" time="0.00003475">
        </testcase>
        <testcase classname="test/api/ErrorCodes.spec.ts" name="Error Codes Tests &gt; AICC Error Codes &gt; RETRIEVE_BEFORE_INIT Error Tests &gt; should correctly set and retrieve RETRIEVE_BEFORE_INIT error code" time="0.000033167">
        </testcase>
        <testcase classname="test/api/ErrorCodes.spec.ts" name="Error Codes Tests &gt; AICC Error Codes &gt; RETRIEVE_AFTER_TERM Error Tests &gt; should correctly set and retrieve RETRIEVE_AFTER_TERM error code" time="0.000112">
        </testcase>
        <testcase classname="test/api/ErrorCodes.spec.ts" name="Error Codes Tests &gt; AICC Error Codes &gt; STORE_BEFORE_INIT Error Tests &gt; should correctly set and retrieve STORE_BEFORE_INIT error code" time="0.000057166">
        </testcase>
        <testcase classname="test/api/ErrorCodes.spec.ts" name="Error Codes Tests &gt; AICC Error Codes &gt; STORE_AFTER_TERM Error Tests &gt; should correctly set and retrieve STORE_AFTER_TERM error code" time="0.000034583">
        </testcase>
        <testcase classname="test/api/ErrorCodes.spec.ts" name="Error Codes Tests &gt; AICC Error Codes &gt; COMMIT_BEFORE_INIT Error Tests &gt; should correctly set and retrieve COMMIT_BEFORE_INIT error code" time="0.000031917">
        </testcase>
        <testcase classname="test/api/ErrorCodes.spec.ts" name="Error Codes Tests &gt; AICC Error Codes &gt; COMMIT_AFTER_TERM Error Tests &gt; should correctly set and retrieve COMMIT_AFTER_TERM error code" time="0.000031167">
        </testcase>
        <testcase classname="test/api/ErrorCodes.spec.ts" name="Error Codes Tests &gt; AICC Error Codes &gt; ARGUMENT_ERROR Error Tests &gt; should correctly set and retrieve ARGUMENT_ERROR error code" time="0.000030708">
        </testcase>
        <testcase classname="test/api/ErrorCodes.spec.ts" name="Error Codes Tests &gt; AICC Error Codes &gt; CHILDREN_ERROR Error Tests &gt; should correctly set and retrieve CHILDREN_ERROR error code" time="0.000030792">
        </testcase>
        <testcase classname="test/api/ErrorCodes.spec.ts" name="Error Codes Tests &gt; AICC Error Codes &gt; COUNT_ERROR Error Tests &gt; should correctly set and retrieve COUNT_ERROR error code" time="0.000030167">
        </testcase>
        <testcase classname="test/api/ErrorCodes.spec.ts" name="Error Codes Tests &gt; AICC Error Codes &gt; GENERAL_GET_FAILURE Error Tests &gt; should correctly set and retrieve GENERAL_GET_FAILURE error code" time="0.000029875">
        </testcase>
        <testcase classname="test/api/ErrorCodes.spec.ts" name="Error Codes Tests &gt; AICC Error Codes &gt; GENERAL_SET_FAILURE Error Tests &gt; should correctly set and retrieve GENERAL_SET_FAILURE error code" time="0.000030292">
        </testcase>
        <testcase classname="test/api/ErrorCodes.spec.ts" name="Error Codes Tests &gt; AICC Error Codes &gt; GENERAL_COMMIT_FAILURE Error Tests &gt; should correctly set and retrieve GENERAL_COMMIT_FAILURE error code" time="0.000042667">
        </testcase>
        <testcase classname="test/api/ErrorCodes.spec.ts" name="Error Codes Tests &gt; AICC Error Codes &gt; UNDEFINED_DATA_MODEL Error Tests &gt; should correctly set and retrieve UNDEFINED_DATA_MODEL error code" time="0.000030042">
        </testcase>
        <testcase classname="test/api/ErrorCodes.spec.ts" name="Error Codes Tests &gt; AICC Error Codes &gt; UNIMPLEMENTED_ELEMENT Error Tests &gt; should correctly set and retrieve UNIMPLEMENTED_ELEMENT error code" time="0.000029709">
        </testcase>
        <testcase classname="test/api/ErrorCodes.spec.ts" name="Error Codes Tests &gt; AICC Error Codes &gt; VALUE_NOT_INITIALIZED Error Tests &gt; should correctly set and retrieve VALUE_NOT_INITIALIZED error code" time="0.000029916">
        </testcase>
        <testcase classname="test/api/ErrorCodes.spec.ts" name="Error Codes Tests &gt; AICC Error Codes &gt; INVALID_SET_VALUE Error Tests &gt; should correctly set and retrieve INVALID_SET_VALUE error code" time="0.000030708">
        </testcase>
        <testcase classname="test/api/ErrorCodes.spec.ts" name="Error Codes Tests &gt; AICC Error Codes &gt; READ_ONLY_ELEMENT Error Tests &gt; should correctly set and retrieve READ_ONLY_ELEMENT error code" time="0.000030833">
        </testcase>
        <testcase classname="test/api/ErrorCodes.spec.ts" name="Error Codes Tests &gt; AICC Error Codes &gt; WRITE_ONLY_ELEMENT Error Tests &gt; should correctly set and retrieve WRITE_ONLY_ELEMENT error code" time="0.000029916">
        </testcase>
        <testcase classname="test/api/ErrorCodes.spec.ts" name="Error Codes Tests &gt; AICC Error Codes &gt; TYPE_MISMATCH Error Tests &gt; should correctly set and retrieve TYPE_MISMATCH error code" time="0.000030459">
        </testcase>
        <testcase classname="test/api/ErrorCodes.spec.ts" name="Error Codes Tests &gt; AICC Error Codes &gt; VALUE_OUT_OF_RANGE Error Tests &gt; should correctly set and retrieve VALUE_OUT_OF_RANGE error code" time="0.000030875">
        </testcase>
        <testcase classname="test/api/ErrorCodes.spec.ts" name="Error Codes Tests &gt; AICC Error Codes &gt; DEPENDENCY_NOT_ESTABLISHED Error Tests &gt; should correctly set and retrieve DEPENDENCY_NOT_ESTABLISHED error code" time="0.000031">
        </testcase>
    </testsuite>
    <testsuite name="test/api/ErrorConditions.spec.ts" timestamp="2025-05-05T03:31:07.967Z" hostname="jonathans-macbook-pro-2.mara-rohu.ts.net" tests="39" failures="0" errors="0" skipped="0" time="0.011190875">
        <testcase classname="test/api/ErrorConditions.spec.ts" name="Error Conditions Tests &gt; SCORM 2004 Error Conditions &gt; Initialization and Termination Errors &gt; should set INITIALIZED (103) error when attempting to initialize an already initialized API" time="0.001642083">
        </testcase>
        <testcase classname="test/api/ErrorConditions.spec.ts" name="Error Conditions Tests &gt; SCORM 2004 Error Conditions &gt; Initialization and Termination Errors &gt; should set TERMINATION_BEFORE_INIT (112) error when attempting to terminate before initializing" time="0.000218542">
        </testcase>
        <testcase classname="test/api/ErrorConditions.spec.ts" name="Error Conditions Tests &gt; SCORM 2004 Error Conditions &gt; Initialization and Termination Errors &gt; should set MULTIPLE_TERMINATIONS (113) error when attempting to terminate an already terminated API" time="0.000550791">
        </testcase>
        <testcase classname="test/api/ErrorConditions.spec.ts" name="Error Conditions Tests &gt; SCORM 2004 Error Conditions &gt; Data Access Errors &gt; should set RETRIEVE_BEFORE_INIT (122) error when attempting to get a value before initializing" time="0.0002045">
        </testcase>
        <testcase classname="test/api/ErrorConditions.spec.ts" name="Error Conditions Tests &gt; SCORM 2004 Error Conditions &gt; Data Access Errors &gt; should set RETRIEVE_AFTER_TERM (123) error when attempting to get a value after terminating" time="0.000179209">
        </testcase>
        <testcase classname="test/api/ErrorConditions.spec.ts" name="Error Conditions Tests &gt; SCORM 2004 Error Conditions &gt; Data Access Errors &gt; should set STORE_BEFORE_INIT (132) error when attempting to set a value before initializing" time="0.00015125">
        </testcase>
        <testcase classname="test/api/ErrorConditions.spec.ts" name="Error Conditions Tests &gt; SCORM 2004 Error Conditions &gt; Data Access Errors &gt; should set STORE_AFTER_TERM (133) error when attempting to set a value after terminating" time="0.000114541">
        </testcase>
        <testcase classname="test/api/ErrorConditions.spec.ts" name="Error Conditions Tests &gt; SCORM 2004 Error Conditions &gt; Data Access Errors &gt; should set COMMIT_BEFORE_INIT (142) error when attempting to commit before initializing" time="0.000211625">
        </testcase>
        <testcase classname="test/api/ErrorConditions.spec.ts" name="Error Conditions Tests &gt; SCORM 2004 Error Conditions &gt; Data Access Errors &gt; should set COMMIT_AFTER_TERM (143) error when attempting to commit after terminating" time="0.000491917">
        </testcase>
        <testcase classname="test/api/ErrorConditions.spec.ts" name="Error Conditions Tests &gt; SCORM 2004 Error Conditions &gt; Data Model Errors &gt; should set UNDEFINED_DATA_MODEL (401) error when attempting to access an undefined data model element" time="0.000269541">
        </testcase>
        <testcase classname="test/api/ErrorConditions.spec.ts" name="Error Conditions Tests &gt; SCORM 2004 Error Conditions &gt; Data Model Errors &gt; should set READ_ONLY_ELEMENT (404) error when attempting to set a read-only element" time="0.001143875">
        </testcase>
        <testcase classname="test/api/ErrorConditions.spec.ts" name="Error Conditions Tests &gt; SCORM 2004 Error Conditions &gt; Data Model Errors &gt; should set WRITE_ONLY_ELEMENT (405) error when attempting to get a write-only element" time="0.000428125">
        </testcase>
        <testcase classname="test/api/ErrorConditions.spec.ts" name="Error Conditions Tests &gt; SCORM 2004 Error Conditions &gt; Data Model Errors &gt; should set TYPE_MISMATCH (406) error when setting a value with incorrect data type" time="0.000181334">
        </testcase>
        <testcase classname="test/api/ErrorConditions.spec.ts" name="Error Conditions Tests &gt; SCORM 2004 Error Conditions &gt; Data Model Errors &gt; should set VALUE_OUT_OF_RANGE (407) error when setting a value outside the allowed range" time="0.000367959">
        </testcase>
        <testcase classname="test/api/ErrorConditions.spec.ts" name="Error Conditions Tests &gt; SCORM 2004 Error Conditions &gt; Data Model Errors &gt; should set DEPENDENCY_NOT_ESTABLISHED (408) error when a dependency is not met" time="0.000273667">
        </testcase>
        <testcase classname="test/api/ErrorConditions.spec.ts" name="Error Conditions Tests &gt; SCORM 1.2 Error Conditions &gt; Initialization and Termination Errors &gt; should set INITIALIZED (101) error when attempting to initialize an already initialized API" time="0.00035575">
        </testcase>
        <testcase classname="test/api/ErrorConditions.spec.ts" name="Error Conditions Tests &gt; SCORM 1.2 Error Conditions &gt; Initialization and Termination Errors &gt; should set TERMINATION_BEFORE_INIT (101) error when attempting to terminate before initializing" time="0.000108333">
        </testcase>
        <testcase classname="test/api/ErrorConditions.spec.ts" name="Error Conditions Tests &gt; SCORM 1.2 Error Conditions &gt; Initialization and Termination Errors &gt; should set MULTIPLE_TERMINATION (101) error when attempting to terminate an already terminated API" time="0.000289041">
        </testcase>
        <testcase classname="test/api/ErrorConditions.spec.ts" name="Error Conditions Tests &gt; SCORM 1.2 Error Conditions &gt; Data Access Errors &gt; should set RETRIEVE_BEFORE_INIT (301) error when attempting to get a value before initializing" time="0.000068541">
        </testcase>
        <testcase classname="test/api/ErrorConditions.spec.ts" name="Error Conditions Tests &gt; SCORM 1.2 Error Conditions &gt; Data Access Errors &gt; should set STORE_BEFORE_INIT (301) error when attempting to set a value before initializing" time="0.000213584">
        </testcase>
        <testcase classname="test/api/ErrorConditions.spec.ts" name="Error Conditions Tests &gt; SCORM 1.2 Error Conditions &gt; Data Access Errors &gt; should set COMMIT_BEFORE_INIT (301) error when attempting to commit before initializing" time="0.000071167">
        </testcase>
        <testcase classname="test/api/ErrorConditions.spec.ts" name="Error Conditions Tests &gt; SCORM 1.2 Error Conditions &gt; Data Model Errors &gt; should set UNDEFINED_DATA_MODEL (401) error when attempting to access an undefined data model element" time="0.0001485">
        </testcase>
        <testcase classname="test/api/ErrorConditions.spec.ts" name="Error Conditions Tests &gt; SCORM 1.2 Error Conditions &gt; Data Model Errors &gt; should set INVALID_SET_VALUE (402) error when setting an invalid value" time="0.000142833">
        </testcase>
        <testcase classname="test/api/ErrorConditions.spec.ts" name="Error Conditions Tests &gt; SCORM 1.2 Error Conditions &gt; Data Model Errors &gt; should set READ_ONLY_ELEMENT (403) error when attempting to set a read-only element" time="0.000216625">
        </testcase>
        <testcase classname="test/api/ErrorConditions.spec.ts" name="Error Conditions Tests &gt; SCORM 1.2 Error Conditions &gt; Data Model Errors &gt; should set WRITE_ONLY_ELEMENT (404) error when attempting to get a write-only element" time="0.0001175">
        </testcase>
        <testcase classname="test/api/ErrorConditions.spec.ts" name="Error Conditions Tests &gt; SCORM 1.2 Error Conditions &gt; Data Model Errors &gt; should set TYPE_MISMATCH (405) error when setting a value with incorrect data type" time="0.000101167">
        </testcase>
        <testcase classname="test/api/ErrorConditions.spec.ts" name="Error Conditions Tests &gt; SCORM 1.2 Error Conditions &gt; Data Model Errors &gt; should set VALUE_OUT_OF_RANGE (407) error when setting a value outside the allowed range" time="0.000122708">
        </testcase>
        <testcase classname="test/api/ErrorConditions.spec.ts" name="Error Conditions Tests &gt; SCORM 1.2 Error Conditions &gt; Data Model Errors &gt; should set DEPENDENCY_NOT_ESTABLISHED (408) error when a dependency is not met" time="0.000171">
        </testcase>
        <testcase classname="test/api/ErrorConditions.spec.ts" name="Error Conditions Tests &gt; AICC Error Conditions &gt; Initialization and Termination Errors &gt; should set INITIALIZED (101) error when attempting to initialize an already initialized API" time="0.000468292">
        </testcase>
        <testcase classname="test/api/ErrorConditions.spec.ts" name="Error Conditions Tests &gt; AICC Error Conditions &gt; Initialization and Termination Errors &gt; should set TERMINATION_BEFORE_INIT (101) error when attempting to terminate before initializing" time="0.000083917">
        </testcase>
        <testcase classname="test/api/ErrorConditions.spec.ts" name="Error Conditions Tests &gt; AICC Error Conditions &gt; Initialization and Termination Errors &gt; should set MULTIPLE_TERMINATION (101) error when attempting to terminate an already terminated API" time="0.000287375">
        </testcase>
        <testcase classname="test/api/ErrorConditions.spec.ts" name="Error Conditions Tests &gt; AICC Error Conditions &gt; Data Access Errors &gt; should set RETRIEVE_BEFORE_INIT (301) error when attempting to get a value before initializing" time="0.000071875">
        </testcase>
        <testcase classname="test/api/ErrorConditions.spec.ts" name="Error Conditions Tests &gt; AICC Error Conditions &gt; Data Access Errors &gt; should set STORE_BEFORE_INIT (301) error when attempting to set a value before initializing" time="0.000064417">
        </testcase>
        <testcase classname="test/api/ErrorConditions.spec.ts" name="Error Conditions Tests &gt; AICC Error Conditions &gt; Data Access Errors &gt; should set COMMIT_BEFORE_INIT (301) error when attempting to commit before initializing" time="0.000064458">
        </testcase>
        <testcase classname="test/api/ErrorConditions.spec.ts" name="Error Conditions Tests &gt; AICC Error Conditions &gt; Data Model Errors &gt; should set UNDEFINED_DATA_MODEL (401) error when attempting to access an undefined data model element" time="0.000071792">
        </testcase>
        <testcase classname="test/api/ErrorConditions.spec.ts" name="Error Conditions Tests &gt; AICC Error Conditions &gt; Data Model Errors &gt; should set INVALID_SET_VALUE (402) error when setting an invalid value" time="0.000119208">
        </testcase>
        <testcase classname="test/api/ErrorConditions.spec.ts" name="Error Conditions Tests &gt; AICC Error Conditions &gt; Data Model Errors &gt; should set READ_ONLY_ELEMENT (403) error when attempting to set a read-only element" time="0.000196291">
        </testcase>
        <testcase classname="test/api/ErrorConditions.spec.ts" name="Error Conditions Tests &gt; AICC Error Conditions &gt; Data Model Errors &gt; should set TYPE_MISMATCH (405) error when setting a value with incorrect data type" time="0.000093791">
        </testcase>
        <testcase classname="test/api/ErrorConditions.spec.ts" name="Error Conditions Tests &gt; AICC Error Conditions &gt; Data Model Errors &gt; should set VALUE_OUT_OF_RANGE (407) error when setting a value outside the allowed range" time="0.000125375">
        </testcase>
    </testsuite>
    <testsuite name="test/api/EventHandling.spec.ts" timestamp="2025-05-05T03:31:07.969Z" hostname="jonathans-macbook-pro-2.mara-rohu.ts.net" tests="11" failures="0" errors="0" skipped="0" time="0.015008083">
        <testcase classname="test/api/EventHandling.spec.ts" name="Event Handling &gt; Basic Event Registration &gt; should register and trigger a simple event listener" time="0.001756125">
        </testcase>
        <testcase classname="test/api/EventHandling.spec.ts" name="Event Handling &gt; Basic Event Registration &gt; should register and trigger multiple event listeners for the same event" time="0.000274958">
        </testcase>
        <testcase classname="test/api/EventHandling.spec.ts" name="Event Handling &gt; Basic Event Registration &gt; should register and trigger event listeners with CMI element filtering" time="0.001732208">
        </testcase>
        <testcase classname="test/api/EventHandling.spec.ts" name="Event Handling &gt; Event Removal &gt; should remove a specific event listener" time="0.000518334">
        </testcase>
        <testcase classname="test/api/EventHandling.spec.ts" name="Event Handling &gt; Event Removal &gt; should clear all listeners for a specific event" time="0.000205708">
        </testcase>
        <testcase classname="test/api/EventHandling.spec.ts" name="Event Handling &gt; SCORM 2004 Specific Events &gt; should trigger SequenceNext event on autoProgress" time="0.002275292">
        </testcase>
        <testcase classname="test/api/EventHandling.spec.ts" name="Event Handling &gt; SCORM 2004 Specific Events &gt; should trigger navigation events based on adl.nav.request" time="0.001929041">
        </testcase>
        <testcase classname="test/api/EventHandling.spec.ts" name="Event Handling &gt; Commit Events &gt; should trigger CommitSuccess event on successful commit" time="0.002156083">
        </testcase>
        <testcase classname="test/api/EventHandling.spec.ts" name="Event Handling &gt; Commit Events &gt; should trigger CommitError event on failed commit" time="0.002130333">
        </testcase>
        <testcase classname="test/api/EventHandling.spec.ts" name="Event Handling &gt; Wildcard Event Matching &gt; should match events with wildcard patterns" time="0.000526125">
        </testcase>
        <testcase classname="test/api/EventHandling.spec.ts" name="Event Handling &gt; Multiple Event Registration &gt; should register multiple events in a single call" time="0.000694167">
        </testcase>
    </testsuite>
    <testsuite name="test/api/Scorm12API.additional.spec.ts" timestamp="2025-05-05T03:31:07.970Z" hostname="jonathans-macbook-pro-2.mara-rohu.ts.net" tests="18" failures="0" errors="0" skipped="0" time="0.005689834">
        <testcase classname="test/api/Scorm12API.additional.spec.ts" name="SCORM 1.2 API Additional Tests &gt; lmsInitialize() &gt; should initialize the API and return SCORM_TRUE" time="0.001934833">
        </testcase>
        <testcase classname="test/api/Scorm12API.additional.spec.ts" name="SCORM 1.2 API Additional Tests &gt; lmsInitialize() &gt; should set statusSetByModule to true if lesson_status is already set" time="0.000325875">
        </testcase>
        <testcase classname="test/api/Scorm12API.additional.spec.ts" name="SCORM 1.2 API Additional Tests &gt; internalFinish() &gt; should call terminate with &apos;LMSFinish&apos; and true" time="0.000267083">
        </testcase>
        <testcase classname="test/api/Scorm12API.additional.spec.ts" name="SCORM 1.2 API Additional Tests &gt; internalFinish() &gt; should process &apos;SequenceNext&apos; listener when nav.event is &apos;continue&apos;" time="0.000154584">
        </testcase>
        <testcase classname="test/api/Scorm12API.additional.spec.ts" name="SCORM 1.2 API Additional Tests &gt; internalFinish() &gt; should process &apos;SequencePrevious&apos; listener when nav.event is not &apos;continue&apos;" time="0.000189333">
        </testcase>
        <testcase classname="test/api/Scorm12API.additional.spec.ts" name="SCORM 1.2 API Additional Tests &gt; internalFinish() &gt; should process &apos;SequenceNext&apos; listener when autoProgress is true and nav.event is empty" time="0.000119833">
        </testcase>
        <testcase classname="test/api/Scorm12API.additional.spec.ts" name="SCORM 1.2 API Additional Tests &gt; internalFinish() &gt; should not process any listeners when autoProgress is false and nav.event is empty" time="0.000246083">
        </testcase>
        <testcase classname="test/api/Scorm12API.additional.spec.ts" name="SCORM 1.2 API Additional Tests &gt; lmsGetLastError() &gt; should call getLastError with &apos;LMSGetLastError&apos;" time="0.000118334">
        </testcase>
        <testcase classname="test/api/Scorm12API.additional.spec.ts" name="SCORM 1.2 API Additional Tests &gt; lmsGetErrorString() &gt; should call getErrorString with &apos;LMSGetErrorString&apos; and the error code" time="0.000231">
        </testcase>
        <testcase classname="test/api/Scorm12API.additional.spec.ts" name="SCORM 1.2 API Additional Tests &gt; lmsGetDiagnostic() &gt; should call getDiagnostic with &apos;LMSGetDiagnostic&apos; and the error code" time="0.000191542">
        </testcase>
        <testcase classname="test/api/Scorm12API.additional.spec.ts" name="SCORM 1.2 API Additional Tests &gt; validateCorrectResponse() &gt; should not throw an error (empty implementation)" time="0.000298667">
        </testcase>
        <testcase classname="test/api/Scorm12API.additional.spec.ts" name="SCORM 1.2 API Additional Tests &gt; getLmsErrorMessageDetails() &gt; should return basic message when detail is false" time="0.000131875">
        </testcase>
        <testcase classname="test/api/Scorm12API.additional.spec.ts" name="SCORM 1.2 API Additional Tests &gt; getLmsErrorMessageDetails() &gt; should return detail message when detail is true" time="0.000052833">
        </testcase>
        <testcase classname="test/api/Scorm12API.additional.spec.ts" name="SCORM 1.2 API Additional Tests &gt; getLmsErrorMessageDetails() &gt; should handle string error codes" time="0.000167458">
        </testcase>
        <testcase classname="test/api/Scorm12API.additional.spec.ts" name="SCORM 1.2 API Additional Tests &gt; getLmsErrorMessageDetails() &gt; should return &apos;No Error&apos; for unknown error codes" time="0.000055875">
        </testcase>
        <testcase classname="test/api/Scorm12API.additional.spec.ts" name="SCORM 1.2 API Additional Tests &gt; lmsCommit() &gt; should schedule commit when asyncCommit is true" time="0.000200417">
        </testcase>
        <testcase classname="test/api/Scorm12API.additional.spec.ts" name="SCORM 1.2 API Additional Tests &gt; lmsCommit() &gt; should call commit directly when asyncCommit is false" time="0.000163667">
        </testcase>
        <testcase classname="test/api/Scorm12API.additional.spec.ts" name="SCORM 1.2 API Additional Tests &gt; lmsFinish() &gt; should call internalFinish and return SCORM_TRUE" time="0.000088459">
        </testcase>
    </testsuite>
    <testsuite name="test/api/Scorm12API.spec.ts" timestamp="2025-05-05T03:31:07.971Z" hostname="jonathans-macbook-pro-2.mara-rohu.ts.net" tests="118" failures="0" errors="0" skipped="0" time="0.024198333">
        <testcase classname="test/api/Scorm12API.spec.ts" name="SCORM 1.2 API Tests &gt; loadFromJSON() &gt; should load JSON data into the CMI object" time="0.0010815">
        </testcase>
        <testcase classname="test/api/Scorm12API.spec.ts" name="SCORM 1.2 API Tests &gt; loadFromJSON() &gt; should load nested JSON data into the CMI object" time="0.000298375">
        </testcase>
        <testcase classname="test/api/Scorm12API.spec.ts" name="SCORM 1.2 API Tests &gt; loadFromJSON() &gt; should load nested JSON data into the CMI object in a backwards compatible way with v1" time="0.000177667">
        </testcase>
        <testcase classname="test/api/Scorm12API.spec.ts" name="SCORM 1.2 API Tests &gt; loadFromJSON() &gt; should load nested cmi JSON data into the CMI object" time="0.000114333">
        </testcase>
        <testcase classname="test/api/Scorm12API.spec.ts" name="SCORM 1.2 API Tests &gt; loadFromJSON() &gt; should load nested JSON data into the CMI object in a backwards compatible way with v1" time="0.000150042">
        </testcase>
        <testcase classname="test/api/Scorm12API.spec.ts" name="SCORM 1.2 API Tests &gt; loadFromJSON() &gt; should handle empty JSON data" time="0.000123334">
        </testcase>
        <testcase classname="test/api/Scorm12API.spec.ts" name="SCORM 1.2 API Tests &gt; loadFromJSON() &gt; should not load data if API is initialized" time="0.000533667">
            <system-err>
loadFromJSON can only be called before the call to lmsInitialize.

            </system-err>
        </testcase>
        <testcase classname="test/api/Scorm12API.spec.ts" name="SCORM 1.2 API Tests &gt; LMSSetValue() &gt; Field: cmi.core.score.raw &gt; Should successfully write &apos;1&apos; to cmi.core.score.raw" time="0.000097167">
        </testcase>
        <testcase classname="test/api/Scorm12API.spec.ts" name="SCORM 1.2 API Tests &gt; LMSSetValue() &gt; Field: cmi.core.score.raw &gt; Should successfully write &apos;50.25&apos; to cmi.core.score.raw" time="0.000087375">
        </testcase>
        <testcase classname="test/api/Scorm12API.spec.ts" name="SCORM 1.2 API Tests &gt; LMSSetValue() &gt; Field: cmi.core.score.raw &gt; Should successfully write &apos;70&apos; to cmi.core.score.raw" time="0.000046625">
        </testcase>
        <testcase classname="test/api/Scorm12API.spec.ts" name="SCORM 1.2 API Tests &gt; LMSSetValue() &gt; Field: cmi.core.score.raw &gt; Should successfully write &apos;100&apos; to cmi.core.score.raw" time="0.000034292">
        </testcase>
        <testcase classname="test/api/Scorm12API.spec.ts" name="SCORM 1.2 API Tests &gt; LMSSetValue() &gt; Field: cmi.core.score.raw &gt; Should successfully write &apos;1&apos; to cmi.core.score.raw" time="0.000069708">
        </testcase>
        <testcase classname="test/api/Scorm12API.spec.ts" name="SCORM 1.2 API Tests &gt; LMSSetValue() &gt; Field: cmi.core.score.raw &gt; Should successfully write &apos;50.25&apos; to cmi.core.score.raw" time="0.000035916">
        </testcase>
        <testcase classname="test/api/Scorm12API.spec.ts" name="SCORM 1.2 API Tests &gt; LMSSetValue() &gt; Field: cmi.core.score.raw &gt; Should successfully write &apos;70&apos; to cmi.core.score.raw" time="0.000149833">
        </testcase>
        <testcase classname="test/api/Scorm12API.spec.ts" name="SCORM 1.2 API Tests &gt; LMSSetValue() &gt; Field: cmi.core.score.raw &gt; Should successfully write &apos;100&apos; to cmi.core.score.raw" time="0.000043042">
        </testcase>
        <testcase classname="test/api/Scorm12API.spec.ts" name="SCORM 1.2 API Tests &gt; LMSSetValue() &gt; Field: cmi.core.score.raw &gt; Should fail to write &apos;invalid&apos; to cmi.core.score.raw" time="0.000146667">
        </testcase>
        <testcase classname="test/api/Scorm12API.spec.ts" name="SCORM 1.2 API Tests &gt; LMSSetValue() &gt; Field: cmi.core.score.raw &gt; Should fail to write &apos;a100&apos; to cmi.core.score.raw" time="0.000046625">
        </testcase>
        <testcase classname="test/api/Scorm12API.spec.ts" name="SCORM 1.2 API Tests &gt; LMSSetValue() &gt; Field: cmi.core.score.raw &gt; Should fail to write &apos;-1&apos; to cmi.core.score.raw" time="0.000081834">
        </testcase>
        <testcase classname="test/api/Scorm12API.spec.ts" name="SCORM 1.2 API Tests &gt; LMSSetValue() &gt; Field: cmi.core.score.raw &gt; Should fail to write &apos;101&apos; to cmi.core.score.raw" time="0.000043417">
        </testcase>
        <testcase classname="test/api/Scorm12API.spec.ts" name="SCORM 1.2 API Tests &gt; LMSSetValue() &gt; Field: cmi.core.score.raw &gt; Should fail to write &apos;-100000&apos; to cmi.core.score.raw" time="0.000064958">
        </testcase>
        <testcase classname="test/api/Scorm12API.spec.ts" name="SCORM 1.2 API Tests &gt; LMSSetValue() &gt; Field: cmi.core.score.raw &gt; Should fail to write &apos;100000&apos; to cmi.core.score.raw" time="0.000033458">
        </testcase>
        <testcase classname="test/api/Scorm12API.spec.ts" name="SCORM 1.2 API Tests &gt; LMSSetValue() &gt; Field: cmi.core.score.min &gt; Should successfully write &apos;1&apos; to cmi.core.score.min" time="0.000031708">
        </testcase>
        <testcase classname="test/api/Scorm12API.spec.ts" name="SCORM 1.2 API Tests &gt; LMSSetValue() &gt; Field: cmi.core.score.min &gt; Should successfully write &apos;50.25&apos; to cmi.core.score.min" time="0.000028542">
        </testcase>
        <testcase classname="test/api/Scorm12API.spec.ts" name="SCORM 1.2 API Tests &gt; LMSSetValue() &gt; Field: cmi.core.score.min &gt; Should successfully write &apos;70&apos; to cmi.core.score.min" time="0.000025291">
        </testcase>
        <testcase classname="test/api/Scorm12API.spec.ts" name="SCORM 1.2 API Tests &gt; LMSSetValue() &gt; Field: cmi.core.score.min &gt; Should successfully write &apos;100&apos; to cmi.core.score.min" time="0.000027166">
        </testcase>
        <testcase classname="test/api/Scorm12API.spec.ts" name="SCORM 1.2 API Tests &gt; LMSSetValue() &gt; Field: cmi.core.score.min &gt; Should successfully write &apos;1&apos; to cmi.core.score.min" time="0.0000255">
        </testcase>
        <testcase classname="test/api/Scorm12API.spec.ts" name="SCORM 1.2 API Tests &gt; LMSSetValue() &gt; Field: cmi.core.score.min &gt; Should successfully write &apos;50.25&apos; to cmi.core.score.min" time="0.000026375">
        </testcase>
        <testcase classname="test/api/Scorm12API.spec.ts" name="SCORM 1.2 API Tests &gt; LMSSetValue() &gt; Field: cmi.core.score.min &gt; Should successfully write &apos;70&apos; to cmi.core.score.min" time="0.000024209">
        </testcase>
        <testcase classname="test/api/Scorm12API.spec.ts" name="SCORM 1.2 API Tests &gt; LMSSetValue() &gt; Field: cmi.core.score.min &gt; Should successfully write &apos;100&apos; to cmi.core.score.min" time="0.000024208">
        </testcase>
        <testcase classname="test/api/Scorm12API.spec.ts" name="SCORM 1.2 API Tests &gt; LMSSetValue() &gt; Field: cmi.core.score.min &gt; Should fail to write &apos;invalid&apos; to cmi.core.score.min" time="0.000031334">
        </testcase>
        <testcase classname="test/api/Scorm12API.spec.ts" name="SCORM 1.2 API Tests &gt; LMSSetValue() &gt; Field: cmi.core.score.min &gt; Should fail to write &apos;a100&apos; to cmi.core.score.min" time="0.000031459">
        </testcase>
[...]
        </testcase>
        <testcase classname="test/cmi/scorm2004/sequencing/sequencing_controls.spec.ts" name="SequencingControls &gt; property getters and setters &gt; should set and get objectiveMeasureWeight property" time="0.000028167">
        </testcase>
        <testcase classname="test/cmi/scorm2004/sequencing/sequencing_controls.spec.ts" name="SequencingControls &gt; property getters and setters &gt; should not set objectiveMeasureWeight outside valid range" time="0.00017075">
        </testcase>
        <testcase classname="test/cmi/scorm2004/sequencing/sequencing_controls.spec.ts" name="SequencingControls &gt; navigation methods &gt; isChoiceNavigationAllowed should return correct value" time="0.0000745">
        </testcase>
        <testcase classname="test/cmi/scorm2004/sequencing/sequencing_controls.spec.ts" name="SequencingControls &gt; navigation methods &gt; isFlowNavigationAllowed should return correct value" time="0.00008975">
        </testcase>
        <testcase classname="test/cmi/scorm2004/sequencing/sequencing_controls.spec.ts" name="SequencingControls &gt; navigation methods &gt; isForwardNavigationAllowed should return correct value" time="0.000070875">
        </testcase>
        <testcase classname="test/cmi/scorm2004/sequencing/sequencing_controls.spec.ts" name="SequencingControls &gt; navigation methods &gt; isBackwardNavigationAllowed should return correct value" time="0.000058833">
        </testcase>
        <testcase classname="test/cmi/scorm2004/sequencing/sequencing_controls.spec.ts" name="SequencingControls &gt; toJSON &gt; should return a JSON representation of the controls" time="0.000516583">
        </testcase>
    </testsuite>
    <testsuite name="test/cmi/scorm2004/sequencing/sequencing_rule_additional_edge_cases.spec.ts" timestamp="2025-05-05T03:31:08.106Z" hostname="jonathans-macbook-pro-2.mara-rohu.ts.net" tests="14" failures="0" errors="0" skipped="0" time="0.002787125">
        <testcase classname="test/cmi/scorm2004/sequencing/sequencing_rule_additional_edge_cases.spec.ts" name="SequencingRule Edge Cases &gt; constructor &gt; should initialize with default values when no parameters are provided" time="0.000534416">
        </testcase>
        <testcase classname="test/cmi/scorm2004/sequencing/sequencing_rule_additional_edge_cases.spec.ts" name="SequencingRule Edge Cases &gt; constructor &gt; should initialize with provided values" time="0.00014225">
        </testcase>
        <testcase classname="test/cmi/scorm2004/sequencing/sequencing_rule_additional_edge_cases.spec.ts" name="SequencingRule Edge Cases &gt; reset &gt; should reset all properties to their default values" time="0.000181333">
        </testcase>
        <testcase classname="test/cmi/scorm2004/sequencing/sequencing_rule_additional_edge_cases.spec.ts" name="SequencingRule Edge Cases &gt; addCondition &gt; should add a condition to the conditions array" time="0.000061167">
        </testcase>
        <testcase classname="test/cmi/scorm2004/sequencing/sequencing_rule_additional_edge_cases.spec.ts" name="SequencingRule Edge Cases &gt; addCondition &gt; should throw an error if the condition is not a RuleCondition" time="0.000335292">
        </testcase>
        <testcase classname="test/cmi/scorm2004/sequencing/sequencing_rule_additional_edge_cases.spec.ts" name="SequencingRule Edge Cases &gt; addCondition &gt; should not add duplicate conditions" time="0.000042916">
        </testcase>
        <testcase classname="test/cmi/scorm2004/sequencing/sequencing_rule_additional_edge_cases.spec.ts" name="SequencingRule Edge Cases &gt; removeCondition &gt; should remove a condition from the conditions array" time="0.000102042">
        </testcase>
        <testcase classname="test/cmi/scorm2004/sequencing/sequencing_rule_additional_edge_cases.spec.ts" name="SequencingRule Edge Cases &gt; removeCondition &gt; should throw an error if the condition is not a RuleCondition" time="0.000066958">
        </testcase>
        <testcase classname="test/cmi/scorm2004/sequencing/sequencing_rule_additional_edge_cases.spec.ts" name="SequencingRule Edge Cases &gt; removeCondition &gt; should not throw an error if the condition is not in the array" time="0.00013525">
        </testcase>
        <testcase classname="test/cmi/scorm2004/sequencing/sequencing_rule_additional_edge_cases.spec.ts" name="SequencingRule Edge Cases &gt; evaluate &gt; should return true if there are no conditions" time="0.000101">
        </testcase>
        <testcase classname="test/cmi/scorm2004/sequencing/sequencing_rule_additional_edge_cases.spec.ts" name="SequencingRule Edge Cases &gt; evaluate &gt; should evaluate &apos;all&apos; condition combination correctly" time="0.000101792">
        </testcase>
        <testcase classname="test/cmi/scorm2004/sequencing/sequencing_rule_additional_edge_cases.spec.ts" name="SequencingRule Edge Cases &gt; evaluate &gt; should evaluate &apos;any&apos; condition combination correctly" time="0.000056167">
        </testcase>
        <testcase classname="test/cmi/scorm2004/sequencing/sequencing_rule_additional_edge_cases.spec.ts" name="SequencingRule Edge Cases &gt; evaluate &gt; should return false for invalid condition combination" time="0.000037583">
        </testcase>
        <testcase classname="test/cmi/scorm2004/sequencing/sequencing_rule_additional_edge_cases.spec.ts" name="SequencingRule Edge Cases &gt; toJSON &gt; should return an object with the correct properties" time="0.000282917">
        </testcase>
    </testsuite>
    <testsuite name="test/cmi/scorm2004/sequencing/sequencing_rules.spec.ts" timestamp="2025-05-05T03:31:08.107Z" hostname="jonathans-macbook-pro-2.mara-rohu.ts.net" tests="34" failures="0" errors="0" skipped="0" time="0.005356541">
        <testcase classname="test/cmi/scorm2004/sequencing/sequencing_rules.spec.ts" name="SequencingRules &gt; RuleCondition &gt; constructor &gt; should initialize with default values" time="0.00058375">
        </testcase>
        <testcase classname="test/cmi/scorm2004/sequencing/sequencing_rules.spec.ts" name="SequencingRules &gt; RuleCondition &gt; constructor &gt; should initialize with provided values" time="0.00010225">
        </testcase>
        <testcase classname="test/cmi/scorm2004/sequencing/sequencing_rules.spec.ts" name="SequencingRules &gt; RuleCondition &gt; reset &gt; should reset initialized flag" time="0.000073208">
        </testcase>
        <testcase classname="test/cmi/scorm2004/sequencing/sequencing_rules.spec.ts" name="SequencingRules &gt; RuleCondition &gt; evaluate &gt; should evaluate SATISFIED condition" time="0.000168375">
        </testcase>
        <testcase classname="test/cmi/scorm2004/sequencing/sequencing_rules.spec.ts" name="SequencingRules &gt; RuleCondition &gt; evaluate &gt; should evaluate OBJECTIVE_MEASURE_GREATER_THAN condition" time="0.000089583">
        </testcase>
        <testcase classname="test/cmi/scorm2004/sequencing/sequencing_rules.spec.ts" name="SequencingRules &gt; RuleCondition &gt; evaluate &gt; should evaluate COMPLETED condition" time="0.000052125">
        </testcase>
        <testcase classname="test/cmi/scorm2004/sequencing/sequencing_rules.spec.ts" name="SequencingRules &gt; RuleCondition &gt; evaluate &gt; should evaluate ALWAYS condition" time="0.000074791">
        </testcase>
        <testcase classname="test/cmi/scorm2004/sequencing/sequencing_rules.spec.ts" name="SequencingRules &gt; RuleCondition &gt; toJSON &gt; should return a JSON representation of the condition" time="0.000466375">
        </testcase>
        <testcase classname="test/cmi/scorm2004/sequencing/sequencing_rules.spec.ts" name="SequencingRules &gt; SequencingRule &gt; constructor &gt; should initialize with default values" time="0.00009275">
        </testcase>
        <testcase classname="test/cmi/scorm2004/sequencing/sequencing_rules.spec.ts" name="SequencingRules &gt; SequencingRule &gt; constructor &gt; should initialize with provided values" time="0.00011225">
        </testcase>
        <testcase classname="test/cmi/scorm2004/sequencing/sequencing_rules.spec.ts" name="SequencingRules &gt; SequencingRule &gt; reset &gt; should reset initialized flag and conditions" time="0.000080834">
        </testcase>
        <testcase classname="test/cmi/scorm2004/sequencing/sequencing_rules.spec.ts" name="SequencingRules &gt; SequencingRule &gt; addCondition &gt; should add a condition to the rule" time="0.000334833">
        </testcase>
        <testcase classname="test/cmi/scorm2004/sequencing/sequencing_rules.spec.ts" name="SequencingRules &gt; SequencingRule &gt; addCondition &gt; should throw an error if condition is not a RuleCondition" time="0.000184333">
        </testcase>
        <testcase classname="test/cmi/scorm2004/sequencing/sequencing_rules.spec.ts" name="SequencingRules &gt; SequencingRule &gt; removeCondition &gt; should remove a condition from the rule" time="0.000228834">
        </testcase>
        <testcase classname="test/cmi/scorm2004/sequencing/sequencing_rules.spec.ts" name="SequencingRules &gt; SequencingRule &gt; removeCondition &gt; should return false if condition is not found" time="0.000045042">
        </testcase>
        <testcase classname="test/cmi/scorm2004/sequencing/sequencing_rules.spec.ts" name="SequencingRules &gt; SequencingRule &gt; evaluate &gt; should return true if there are no conditions" time="0.000078167">
        </testcase>
        <testcase classname="test/cmi/scorm2004/sequencing/sequencing_rules.spec.ts" name="SequencingRules &gt; SequencingRule &gt; evaluate &gt; should evaluate conditions with AND combination" time="0.000073042">
        </testcase>
        <testcase classname="test/cmi/scorm2004/sequencing/sequencing_rules.spec.ts" name="SequencingRules &gt; SequencingRule &gt; evaluate &gt; should evaluate conditions with OR combination" time="0.000068709">
        </testcase>
        <testcase classname="test/cmi/scorm2004/sequencing/sequencing_rules.spec.ts" name="SequencingRules &gt; SequencingRule &gt; toJSON &gt; should return a JSON representation of the rule" time="0.000093834">
        </testcase>
        <testcase classname="test/cmi/scorm2004/sequencing/sequencing_rules.spec.ts" name="SequencingRules &gt; SequencingRules &gt; constructor &gt; should initialize with empty rule arrays" time="0.000485375">
        </testcase>
        <testcase classname="test/cmi/scorm2004/sequencing/sequencing_rules.spec.ts" name="SequencingRules &gt; SequencingRules &gt; reset &gt; should reset initialized flag and rule arrays" time="0.000147041">
        </testcase>
        <testcase classname="test/cmi/scorm2004/sequencing/sequencing_rules.spec.ts" name="SequencingRules &gt; SequencingRules &gt; addPreConditionRule &gt; should add a rule to preConditionRules" time="0.00010325">
        </testcase>
        <testcase classname="test/cmi/scorm2004/sequencing/sequencing_rules.spec.ts" name="SequencingRules &gt; SequencingRules &gt; addPreConditionRule &gt; should throw an error if rule is not a SequencingRule" time="0.000042333">
        </testcase>
        <testcase classname="test/cmi/scorm2004/sequencing/sequencing_rules.spec.ts" name="SequencingRules &gt; SequencingRules &gt; addExitConditionRule &gt; should add a rule to exitConditionRules" time="0.00007625">
        </testcase>
        <testcase classname="test/cmi/scorm2004/sequencing/sequencing_rules.spec.ts" name="SequencingRules &gt; SequencingRules &gt; addExitConditionRule &gt; should throw an error if rule is not a SequencingRule" time="0.000034916">
        </testcase>
        <testcase classname="test/cmi/scorm2004/sequencing/sequencing_rules.spec.ts" name="SequencingRules &gt; SequencingRules &gt; addPostConditionRule &gt; should add a rule to postConditionRules" time="0.000058875">
        </testcase>
        <testcase classname="test/cmi/scorm2004/sequencing/sequencing_rules.spec.ts" name="SequencingRules &gt; SequencingRules &gt; addPostConditionRule &gt; should throw an error if rule is not a SequencingRule" time="0.000033542">
        </testcase>
        <testcase classname="test/cmi/scorm2004/sequencing/sequencing_rules.spec.ts" name="SequencingRules &gt; SequencingRules &gt; evaluatePreConditionRules &gt; should return null if no rules match" time="0.000048625">
        </testcase>
        <testcase classname="test/cmi/scorm2004/sequencing/sequencing_rules.spec.ts" name="SequencingRules &gt; SequencingRules &gt; evaluatePreConditionRules &gt; should return the action of the first matching rule" time="0.000088375">
        </testcase>
        <testcase classname="test/cmi/scorm2004/sequencing/sequencing_rules.spec.ts" name="SequencingRules &gt; SequencingRules &gt; evaluateExitConditionRules &gt; should return null if no rules match" time="0.000046917">
        </testcase>
        <testcase classname="test/cmi/scorm2004/sequencing/sequencing_rules.spec.ts" name="SequencingRules &gt; SequencingRules &gt; evaluateExitConditionRules &gt; should return the action of the first matching rule" time="0.000035125">
        </testcase>
        <testcase classname="test/cmi/scorm2004/sequencing/sequencing_rules.spec.ts" name="SequencingRules &gt; SequencingRules &gt; evaluatePostConditionRules &gt; should return null if no rules match" time="0.000035375">
        </testcase>
        <testcase classname="test/cmi/scorm2004/sequencing/sequencing_rules.spec.ts" name="SequencingRules &gt; SequencingRules &gt; evaluatePostConditionRules &gt; should return the action of the first matching rule" time="0.00003375">
        </testcase>
        <testcase classname="test/cmi/scorm2004/sequencing/sequencing_rules.spec.ts" name="SequencingRules &gt; SequencingRules &gt; toJSON &gt; should return a JSON representation of the rules" time="0.000144">
        </testcase>
    </testsuite>
    <testsuite name="test/cmi/scorm2004/sequencing/sequencing_rules_additional.spec.ts" timestamp="2025-05-05T03:31:08.109Z" hostname="jonathans-macbook-pro-2.mara-rohu.ts.net" tests="11" failures="0" errors="0" skipped="0" time="0.002104333">
        <testcase classname="test/cmi/scorm2004/sequencing/sequencing_rules_additional.spec.ts" name="Additional SequencingRules Tests &gt; RuleCondition &gt; evaluate &gt; should evaluate OBJECTIVE_STATUS_KNOWN condition" time="0.000591625">
        </testcase>
        <testcase classname="test/cmi/scorm2004/sequencing/sequencing_rules_additional.spec.ts" name="Additional SequencingRules Tests &gt; RuleCondition &gt; evaluate &gt; should evaluate OBJECTIVE_MEASURE_KNOWN condition" time="0.000126">
        </testcase>
        <testcase classname="test/cmi/scorm2004/sequencing/sequencing_rules_additional.spec.ts" name="Additional SequencingRules Tests &gt; RuleCondition &gt; evaluate &gt; should evaluate OBJECTIVE_MEASURE_LESS_THAN condition" time="0.000165125">
        </testcase>
        <testcase classname="test/cmi/scorm2004/sequencing/sequencing_rules_additional.spec.ts" name="Additional SequencingRules Tests &gt; RuleCondition &gt; evaluate &gt; should evaluate PROGRESS_KNOWN condition" time="0.000087666">
        </testcase>
        <testcase classname="test/cmi/scorm2004/sequencing/sequencing_rules_additional.spec.ts" name="Additional SequencingRules Tests &gt; RuleCondition &gt; evaluate &gt; should evaluate ATTEMPTED condition" time="0.00010425">
        </testcase>
        <testcase classname="test/cmi/scorm2004/sequencing/sequencing_rules_additional.spec.ts" name="Additional SequencingRules Tests &gt; RuleCondition &gt; evaluate &gt; should evaluate ATTEMPT_LIMIT_EXCEEDED condition" time="0.000079042">
        </testcase>
        <testcase classname="test/cmi/scorm2004/sequencing/sequencing_rules_additional.spec.ts" name="Additional SequencingRules Tests &gt; RuleCondition &gt; evaluate &gt; should evaluate TIME_LIMIT_EXCEEDED condition" time="0.000125042">
        </testcase>
        <testcase classname="test/cmi/scorm2004/sequencing/sequencing_rules_additional.spec.ts" name="Additional SequencingRules Tests &gt; RuleCondition &gt; evaluate &gt; should evaluate OUTSIDE_AVAILABLE_TIME_RANGE condition" time="0.000035625">
        </testcase>
        <testcase classname="test/cmi/scorm2004/sequencing/sequencing_rules_additional.spec.ts" name="Additional SequencingRules Tests &gt; RuleCondition &gt; evaluate &gt; should apply NOT operator to condition result" time="0.000114542">
        </testcase>
        <testcase classname="test/cmi/scorm2004/sequencing/sequencing_rules_additional.spec.ts" name="Additional SequencingRules Tests &gt; RuleCondition &gt; evaluate &gt; should handle unknown condition types" time="0.000053625">
        </testcase>
        <testcase classname="test/cmi/scorm2004/sequencing/sequencing_rules_additional.spec.ts" name="Additional SequencingRules Tests &gt; SequencingRule &gt; evaluate &gt; should return false if conditionCombination is neither AND nor OR" time="0.000083">
        </testcase>
    </testsuite>
    <testsuite name="test/cmi/scorm2004/sequencing/sequencing_rules_additional_edge_cases.spec.ts" timestamp="2025-05-05T03:31:08.109Z" hostname="jonathans-macbook-pro-2.mara-rohu.ts.net" tests="8" failures="0" errors="0" skipped="0" time="0.002328833">
        <testcase classname="test/cmi/scorm2004/sequencing/sequencing_rules_additional_edge_cases.spec.ts" name="SequencingRules Edge Cases &gt; evaluatePreConditionRules &gt; should return null when there are no pre-condition rules" time="0.000531166">
        </testcase>
        <testcase classname="test/cmi/scorm2004/sequencing/sequencing_rules_additional_edge_cases.spec.ts" name="SequencingRules Edge Cases &gt; evaluatePreConditionRules &gt; should return the action of the first rule that evaluates to true when multiple rules match" time="0.000199958">
        </testcase>
        <testcase classname="test/cmi/scorm2004/sequencing/sequencing_rules_additional_edge_cases.spec.ts" name="SequencingRules Edge Cases &gt; evaluatePreConditionRules &gt; should handle a rule with null action" time="0.000165083">
        </testcase>
        <testcase classname="test/cmi/scorm2004/sequencing/sequencing_rules_additional_edge_cases.spec.ts" name="SequencingRules Edge Cases &gt; evaluateExitConditionRules &gt; should return null when there are no exit condition rules" time="0.000069042">
        </testcase>
        <testcase classname="test/cmi/scorm2004/sequencing/sequencing_rules_additional_edge_cases.spec.ts" name="SequencingRules Edge Cases &gt; evaluateExitConditionRules &gt; should return the action of the first rule that evaluates to true when multiple rules match" time="0.000073583">
        </testcase>
        <testcase classname="test/cmi/scorm2004/sequencing/sequencing_rules_additional_edge_cases.spec.ts" name="SequencingRules Edge Cases &gt; evaluatePostConditionRules &gt; should return null when there are no post-condition rules" time="0.000042417">
        </testcase>
        <testcase classname="test/cmi/scorm2004/sequencing/sequencing_rules_additional_edge_cases.spec.ts" name="SequencingRules Edge Cases &gt; evaluatePostConditionRules &gt; should return the action of the first rule that evaluates to true when multiple rules match" time="0.000119875">
        </testcase>
        <testcase classname="test/cmi/scorm2004/sequencing/sequencing_rules_additional_edge_cases.spec.ts" name="SequencingRules Edge Cases &gt; toJSON &gt; should return an object with the correct properties" time="0.000639375">
        </testcase>
    </testsuite>
    <testsuite name="test/cmi/scorm2004/sequencing/sequencing_rules_setters.spec.ts" timestamp="2025-05-05T03:31:08.110Z" hostname="jonathans-macbook-pro-2.mara-rohu.ts.net" tests="1" failures="0" errors="0" skipped="0" time="0.001091417">
        <testcase classname="test/cmi/scorm2004/sequencing/sequencing_rules_setters.spec.ts" name="Sequencing Rules Setters &gt; action setter &gt; should set the action property" time="0.000673917">
        </testcase>
    </testsuite>
</testsuites>
