<?xml version="1.0" encoding="UTF-8" ?>
<testsuites name="vitest tests" tests="3275" failures="0" errors="0" time="0.899158748">
    <testsuite name="test/api/AICC.spec.ts" timestamp="2025-05-05T03:40:24.952Z" hostname="jonathans-macbook-pro-2.mara-rohu.ts.net" tests="47" failures="0" errors="0" skipped="0" time="0.006601959">
        <testcase classname="test/api/AICC.spec.ts" name="AICC API Tests &gt; setCMIValue() &gt; Invalid Sets - Should Always Fail &gt; Field: cmi._version &gt; Should fail to set CMI value for cmi._version" time="0.00101125">
        </testcase>
        <testcase classname="test/api/AICC.spec.ts" name="AICC API Tests &gt; setCMIValue() &gt; Invalid Sets - Should Always Fail &gt; Field: cmi._children &gt; Should fail to set CMI value for cmi._children" time="0.000155125">
        </testcase>
        <testcase classname="test/api/AICC.spec.ts" name="AICC API Tests &gt; setCMIValue() &gt; Invalid Sets - Should Always Fail &gt; Field: cmi.core._children &gt; Should fail to set CMI value for cmi.core._children" time="0.000076416">
        </testcase>
        <testcase classname="test/api/AICC.spec.ts" name="AICC API Tests &gt; setCMIValue() &gt; Invalid Sets - Should Always Fail &gt; Field: cmi.core.score._children &gt; Should fail to set CMI value for cmi.core.score._children" time="0.000074208">
        </testcase>
        <testcase classname="test/api/AICC.spec.ts" name="AICC API Tests &gt; setCMIValue() &gt; Invalid Sets - Should Always Fail &gt; Field: cmi.objectives._children &gt; Should fail to set CMI value for cmi.objectives._children" time="0.000074041">
        </testcase>
        <testcase classname="test/api/AICC.spec.ts" name="AICC API Tests &gt; setCMIValue() &gt; Invalid Sets - Should Always Fail &gt; Field: cmi.objectives._count &gt; Should fail to set CMI value for cmi.objectives._count" time="0.000057125">
        </testcase>
        <testcase classname="test/api/AICC.spec.ts" name="AICC API Tests &gt; setCMIValue() &gt; Invalid Sets - Should Always Fail &gt; Field: cmi.interactions._children &gt; Should fail to set CMI value for cmi.interactions._children" time="0.000051709">
        </testcase>
        <testcase classname="test/api/AICC.spec.ts" name="AICC API Tests &gt; setCMIValue() &gt; Invalid Sets - Should Always Fail &gt; Field: cmi.interactions._count &gt; Should fail to set CMI value for cmi.interactions._count" time="0.00005125">
        </testcase>
        <testcase classname="test/api/AICC.spec.ts" name="AICC API Tests &gt; setCMIValue() &gt; Invalid Sets - Should Always Fail &gt; Field: cmi.interactions.0.objectives._count &gt; Should fail to set CMI value for cmi.interactions.0.objectives._count" time="0.000198875">
        </testcase>
        <testcase classname="test/api/AICC.spec.ts" name="AICC API Tests &gt; setCMIValue() &gt; Invalid Sets - Should Always Fail &gt; Field: cmi.interactions.0.correct_responses._count &gt; Should fail to set CMI value for cmi.interactions.0.correct_responses._count" time="0.00013175">
        </testcase>
        <testcase classname="test/api/AICC.spec.ts" name="AICC API Tests &gt; setCMIValue() &gt; Invalid Sets - Should Fail After Initialization &gt; Field: cmi.launch_data &gt; Should fail to set CMI value for cmi.launch_data" time="0.000101416">
        </testcase>
        <testcase classname="test/api/AICC.spec.ts" name="AICC API Tests &gt; setCMIValue() &gt; Invalid Sets - Should Fail After Initialization &gt; Field: cmi.comments_from_lms &gt; Should fail to set CMI value for cmi.comments_from_lms" time="0.00006325">
        </testcase>
        <testcase classname="test/api/AICC.spec.ts" name="AICC API Tests &gt; setCMIValue() &gt; Invalid Sets - Should Fail After Initialization &gt; Field: cmi.core.student_id &gt; Should fail to set CMI value for cmi.core.student_id" time="0.000058542">
        </testcase>
        <testcase classname="test/api/AICC.spec.ts" name="AICC API Tests &gt; setCMIValue() &gt; Invalid Sets - Should Fail After Initialization &gt; Field: cmi.core.student_name &gt; Should fail to set CMI value for cmi.core.student_name" time="0.000177958">
        </testcase>
        <testcase classname="test/api/AICC.spec.ts" name="AICC API Tests &gt; setCMIValue() &gt; Invalid Sets - Should Fail After Initialization &gt; Field: cmi.core.credit &gt; Should fail to set CMI value for cmi.core.credit" time="0.000061458">
        </testcase>
        <testcase classname="test/api/AICC.spec.ts" name="AICC API Tests &gt; setCMIValue() &gt; Invalid Sets - Should Fail After Initialization &gt; Field: cmi.core.entry &gt; Should fail to set CMI value for cmi.core.entry" time="0.000086833">
        </testcase>
        <testcase classname="test/api/AICC.spec.ts" name="AICC API Tests &gt; setCMIValue() &gt; Invalid Sets - Should Fail After Initialization &gt; Field: cmi.core.total_time &gt; Should fail to set CMI value for cmi.core.total_time" time="0.000044">
        </testcase>
        <testcase classname="test/api/AICC.spec.ts" name="AICC API Tests &gt; setCMIValue() &gt; Invalid Sets - Should Fail After Initialization &gt; Field: cmi.core.lesson_mode &gt; Should fail to set CMI value for cmi.core.lesson_mode" time="0.000039959">
        </testcase>
        <testcase classname="test/api/AICC.spec.ts" name="AICC API Tests &gt; setCMIValue() &gt; Invalid Sets - Should Fail After Initialization &gt; Field: cmi.student_data.mastery_score &gt; Should fail to set CMI value for cmi.student_data.mastery_score" time="0.000051583">
        </testcase>
        <testcase classname="test/api/AICC.spec.ts" name="AICC API Tests &gt; setCMIValue() &gt; Invalid Sets - Should Fail After Initialization &gt; Field: cmi.student_data.max_time_allowed &gt; Should fail to set CMI value for cmi.student_data.max_time_allowed" time="0.000079708">
        </testcase>
        <testcase classname="test/api/AICC.spec.ts" name="AICC API Tests &gt; setCMIValue() &gt; Invalid Sets - Should Fail After Initialization &gt; Field: cmi.student_data.time_limit_action &gt; Should fail to set CMI value for cmi.student_data.time_limit_action" time="0.000045167">
        </testcase>
        <testcase classname="test/api/AICC.spec.ts" name="AICC API Tests &gt; LMSGetValue() &gt; Invalid Properties - Should Always Fail &gt; Field: cmi.core.close &gt; Should fail to get value for cmi.core.close" time="0.000264959">
        </testcase>
        <testcase classname="test/api/AICC.spec.ts" name="AICC API Tests &gt; LMSGetValue() &gt; Invalid Properties - Should Always Fail &gt; Field: cmi.exit &gt; Should fail to get value for cmi.exit" time="0.000031917">
        </testcase>
        <testcase classname="test/api/AICC.spec.ts" name="AICC API Tests &gt; LMSGetValue() &gt; Invalid Properties - Should Always Fail &gt; Field: cmi.entry &gt; Should fail to get value for cmi.entry" time="0.000028791">
        </testcase>
        <testcase classname="test/api/AICC.spec.ts" name="AICC API Tests &gt; LMSGetValue() &gt; Write-Only Properties - Should Always Fail &gt; Field: cmi.core.exit &gt; Should fail to get value for cmi.core.exit" time="0.000061458">
        </testcase>
        <testcase classname="test/api/AICC.spec.ts" name="AICC API Tests &gt; LMSGetValue() &gt; Write-Only Properties - Should Always Fail &gt; Field: cmi.core.session_time &gt; Should fail to get value for cmi.core.session_time" time="0.000037583">
        </testcase>
        <testcase classname="test/api/AICC.spec.ts" name="AICC API Tests &gt; LMSGetValue() &gt; Write-Only Properties - Should Always Fail &gt; Field: cmi.interactions.0.id &gt; Should fail to get value for cmi.interactions.0.id" time="0.000041791">
        </testcase>
        <testcase classname="test/api/AICC.spec.ts" name="AICC API Tests &gt; LMSGetValue() &gt; Write-Only Properties - Should Always Fail &gt; Field: cmi.interactions.0.time &gt; Should fail to get value for cmi.interactions.0.time" time="0.000037625">
        </testcase>
        <testcase classname="test/api/AICC.spec.ts" name="AICC API Tests &gt; LMSGetValue() &gt; Write-Only Properties - Should Always Fail &gt; Field: cmi.interactions.0.type &gt; Should fail to get value for cmi.interactions.0.type" time="0.000038125">
        </testcase>
        <testcase classname="test/api/AICC.spec.ts" name="AICC API Tests &gt; LMSGetValue() &gt; Write-Only Properties - Should Always Fail &gt; Field: cmi.interactions.0.weighting &gt; Should fail to get value for cmi.interactions.0.weighting" time="0.000039">
        </testcase>
        <testcase classname="test/api/AICC.spec.ts" name="AICC API Tests &gt; LMSGetValue() &gt; Write-Only Properties - Should Always Fail &gt; Field: cmi.interactions.0.student_response &gt; Should fail to get value for cmi.interactions.0.student_response" time="0.000086042">
        </testcase>
        <testcase classname="test/api/AICC.spec.ts" name="AICC API Tests &gt; LMSGetValue() &gt; Write-Only Properties - Should Always Fail &gt; Field: cmi.interactions.0.result &gt; Should fail to get value for cmi.interactions.0.result" time="0.000045334">
        </testcase>
        <testcase classname="test/api/AICC.spec.ts" name="AICC API Tests &gt; LMSGetValue() &gt; Write-Only Properties - Should Always Fail &gt; Field: cmi.interactions.0.latency &gt; Should fail to get value for cmi.interactions.0.latency" time="0.000041209">
        </testcase>
        <testcase classname="test/api/AICC.spec.ts" name="AICC API Tests &gt; LMSGetValue() &gt; Write-Only Properties - Should Always Fail &gt; Field: cmi.interactions.0.correct_responses.0.pattern &gt; Should fail to get value for cmi.interactions.0.correct_responses.0.pattern" time="0.000041708">
        </testcase>
        <testcase classname="test/api/AICC.spec.ts" name="AICC API Tests &gt; LMSSetValue() &gt; Uninitialized - Should Fail &gt; Field: cmi.objectives.0.id &gt; Should fail to set value for cmi.objectives.0.id" time="0.000088041">
        </testcase>
        <testcase classname="test/api/AICC.spec.ts" name="AICC API Tests &gt; LMSSetValue() &gt; Uninitialized - Should Fail &gt; Field: cmi.interactions.0.id &gt; Should fail to set value for cmi.interactions.0.id" time="0.000057292">
        </testcase>
        <testcase classname="test/api/AICC.spec.ts" name="AICC API Tests &gt; LMSSetValue() &gt; Initialized - Should Succeed &gt; Field: cmi.objectives.0.id &gt; Should successfully set value for cmi.objectives.0.id" time="0.000099625">
        </testcase>
        <testcase classname="test/api/AICC.spec.ts" name="AICC API Tests &gt; LMSSetValue() &gt; Initialized - Should Succeed &gt; Field: cmi.interactions.0.id &gt; Should successfully set value for cmi.interactions.0.id" time="0.000040459">
        </testcase>
        <testcase classname="test/api/AICC.spec.ts" name="AICC API Tests &gt; LMSSetValue() &gt; Initialized - Should Succeed &gt; Field: cmi.evaluation.comments.0.content &gt; Should successfully set value for cmi.evaluation.comments.0.content" time="0.000117125">
        </testcase>
        <testcase classname="test/api/AICC.spec.ts" name="AICC API Tests &gt; LMSSetValue() &gt; Initialized - Should Succeed &gt; Field: cmi.student_data.tries.0.score.max &gt; Should successfully set value for cmi.student_data.tries.0.score.max" time="0.000120833">
        </testcase>
        <testcase classname="test/api/AICC.spec.ts" name="AICC API Tests &gt; LMSSetValue() &gt; Initialized - Should Succeed &gt; Field: cmi.student_data.attempt_records.0.score.max &gt; Should successfully set value for cmi.student_data.attempt_records.0.score.max" time="0.000075458">
        </testcase>
        <testcase classname="test/api/AICC.spec.ts" name="AICC API Tests &gt; LMSSetValue() &gt; Initialized - Should Succeed &gt; Field: cmi.paths.0.location_id &gt; Should successfully set value for cmi.paths.0.location_id" time="0.00007475">
        </testcase>
        <testcase classname="test/api/AICC.spec.ts" name="AICC API Tests &gt; reset() &gt; should reset all CMI values to their default state" time="0.000415833">
        </testcase>
        <testcase classname="test/api/AICC.spec.ts" name="AICC API Tests &gt; reset() &gt; should keep original settings" time="0.000080333">
        </testcase>
        <testcase classname="test/api/AICC.spec.ts" name="AICC API Tests &gt; reset() &gt; should be able to override original settings" time="0.000093416">
        </testcase>
        <testcase classname="test/api/AICC.spec.ts" name="AICC API Tests &gt; reset() &gt; should call commonReset from the superclass" time="0.000342541">
        </testcase>
        <testcase classname="test/api/AICC.spec.ts" name="AICC API Tests &gt; replaceWithAnotherScormAPI() &gt; should replace the current API with another SCORM API" time="0.000060667">
        </testcase>
    </testsuite>
    <testsuite name="test/api/BaseAPI.spec.ts" timestamp="2025-05-05T03:40:24.956Z" hostname="jonathans-macbook-pro-2.mara-rohu.ts.net" tests="82" failures="0" errors="0" skipped="0" time="0.066131708">
        <testcase classname="test/api/BaseAPI.spec.ts" name="BaseAPI &gt; setCMIValue &gt; should throw an error when called directly" time="0.001265042">
        </testcase>
        <testcase classname="test/api/BaseAPI.spec.ts" name="BaseAPI &gt; getCMIValue &gt; should throw an error when called directly" time="0.0003085">
        </testcase>
        <testcase classname="test/api/BaseAPI.spec.ts" name="BaseAPI &gt; getLmsErrorMessageDetails &gt; should throw an error when called directly" time="0.000246417">
        </testcase>
        <testcase classname="test/api/BaseAPI.spec.ts" name="BaseAPI &gt; renderCMIToJSONString &gt; should call serializationService.renderCMIToJSONString with cmi and sendFullCommit" time="0.00076525">
        </testcase>
        <testcase classname="test/api/BaseAPI.spec.ts" name="BaseAPI &gt; renderCMIToJSONObject &gt; should call serializationService.renderCMIToJSONObject with cmi and sendFullCommit" time="0.000219291">
        </testcase>
        <testcase classname="test/api/BaseAPI.spec.ts" name="BaseAPI &gt; initialize &gt; should return SCORM_FALSE when already initialized" time="0.00034375">
        </testcase>
        <testcase classname="test/api/BaseAPI.spec.ts" name="BaseAPI &gt; initialize &gt; should return SCORM_FALSE when already terminated" time="0.000186417">
        </testcase>
        <testcase classname="test/api/BaseAPI.spec.ts" name="BaseAPI &gt; initialize &gt; should return SCORM_TRUE when initialization is successful" time="0.000199959">
        </testcase>
        <testcase classname="test/api/BaseAPI.spec.ts" name="BaseAPI &gt; apiLog &gt; should call loggingService.log when message level is higher than apiLogLevel" time="0.000218208">
        </testcase>
        <testcase classname="test/api/BaseAPI.spec.ts" name="BaseAPI &gt; apiLog &gt; should not call loggingService.log when message level is lower than apiLogLevel" time="0.000123375">
        </testcase>
        <testcase classname="test/api/BaseAPI.spec.ts" name="BaseAPI &gt; settings &gt; should update apiLogLevel when settings.logLevel changes" time="0.000178417">
        </testcase>
        <testcase classname="test/api/BaseAPI.spec.ts" name="BaseAPI &gt; settings &gt; should update logHandler when settings.onLogMessage changes" time="0.000174708">
        </testcase>
        <testcase classname="test/api/BaseAPI.spec.ts" name="BaseAPI &gt; loadFromJSON &gt; should call serializationService.loadFromJSON with correct parameters" time="0.00018175">
        </testcase>
        <testcase classname="test/api/BaseAPI.spec.ts" name="BaseAPI &gt; loadFromFlattenedJSON &gt; should call serializationService.loadFromFlattenedJSON with correct parameters" time="0.000246791">
        </testcase>
        <testcase classname="test/api/BaseAPI.spec.ts" name="BaseAPI &gt; loadFromFlattenedJSON &gt; should use provided CMIElement when specified" time="0.0001145">
        </testcase>
        <testcase classname="test/api/BaseAPI.spec.ts" name="BaseAPI &gt; handleValueAccessException &gt; should set lastErrorCode and throw SCORM error for ValidationError" time="0.000219125">
        </testcase>
        <testcase classname="test/api/BaseAPI.spec.ts" name="BaseAPI &gt; handleValueAccessException &gt; should throw SCORM error with message for Error objects" time="0.000135917">
        </testcase>
        <testcase classname="test/api/BaseAPI.spec.ts" name="BaseAPI &gt; handleValueAccessException &gt; should throw SCORM error with &apos;Unknown error&apos; for non-Error objects" time="0.00019925">
        </testcase>
        <testcase classname="test/api/BaseAPI.spec.ts" name="BaseAPI &gt; _checkObjectHasProperty &gt; should return true for own properties" time="0.000106458">
        </testcase>
        <testcase classname="test/api/BaseAPI.spec.ts" name="BaseAPI &gt; _checkObjectHasProperty &gt; should return false for non-existent properties" time="0.000099">
        </testcase>
        <testcase classname="test/api/BaseAPI.spec.ts" name="BaseAPI &gt; _checkObjectHasProperty &gt; should return true for inherited properties" time="0.000117666">
        </testcase>
        <testcase classname="test/api/BaseAPI.spec.ts" name="BaseAPI &gt; _checkObjectHasProperty &gt; should return true for properties defined with Object.defineProperty" time="0.000106667">
        </testcase>
        <testcase classname="test/api/BaseAPI.spec.ts" name="BaseAPI &gt; getCommitObject &gt; should call serializationService.getCommitObject with correct parameters" time="0.000485167">
        </testcase>
        <testcase classname="test/api/BaseAPI.spec.ts" name="BaseAPI &gt; getCommitObject &gt; should pass the terminateCommit parameter to serializationService" time="0.000231708">
        </testcase>
        <testcase classname="test/api/BaseAPI.spec.ts" name="BaseAPI &gt; getFlattenedCMI &gt; should call Utilities.flatten with the result of renderCMIToJSONObject" time="0.000830834">
        </testcase>
        <testcase classname="test/api/BaseAPI.spec.ts" name="BaseAPI &gt; processHttpRequest &gt; should call httpService.processHttpRequest when online" time="0.003355291">
        </testcase>
        <testcase classname="test/api/BaseAPI.spec.ts" name="BaseAPI &gt; processHttpRequest &gt; should store data offline when offline support is enabled and device is offline" time="0.000507417">
        </testcase>
        <testcase classname="test/api/BaseAPI.spec.ts" name="BaseAPI &gt; processHttpRequest &gt; should return error when offline and params format is invalid" time="0.000202375">
        </testcase>
        <testcase classname="test/api/BaseAPI.spec.ts" name="BaseAPI &gt; scheduled commit methods &gt; scheduleCommit &gt; should create a new ScheduledCommit when no timeout exists" time="0.000200375">
        </testcase>
        <testcase classname="test/api/BaseAPI.spec.ts" name="BaseAPI &gt; scheduled commit methods &gt; scheduleCommit &gt; should not create a new ScheduledCommit when timeout already exists" time="0.000176625">
        </testcase>
        <testcase classname="test/api/BaseAPI.spec.ts" name="BaseAPI &gt; scheduled commit methods &gt; clearScheduledCommit &gt; should cancel and clear the timeout when it exists" time="0.000194042">
        </testcase>
        <testcase classname="test/api/BaseAPI.spec.ts" name="BaseAPI &gt; scheduled commit methods &gt; clearScheduledCommit &gt; should do nothing when no timeout exists" time="0.000355375">
        </testcase>
        <testcase classname="test/api/BaseAPI.spec.ts" name="BaseAPI &gt; checkState &gt; should return false and throw error when not initialized" time="0.000246958">
        </testcase>
        <testcase classname="test/api/BaseAPI.spec.ts" name="BaseAPI &gt; checkState &gt; should return false and throw error when terminated and checkTerminated is true" time="0.00016225">
        </testcase>
        <testcase classname="test/api/BaseAPI.spec.ts" name="BaseAPI &gt; checkState &gt; should return true when initialized" time="0.000143125">
        </testcase>
        <testcase classname="test/api/BaseAPI.spec.ts" name="BaseAPI &gt; checkState &gt; should return true when terminated but checkTerminated is false" time="0.0013825">
        </testcase>
        <testcase classname="test/api/BaseAPI.spec.ts" name="BaseAPI &gt; terminate &gt; should return SCORM_FALSE and throw error when not initialized" time="0.000265125">
        </testcase>
        <testcase classname="test/api/BaseAPI.spec.ts" name="BaseAPI &gt; terminate &gt; should call storeData with calculateTotalTime=true when checkState returns true" time="0.000198834">
        </testcase>
        <testcase classname="test/api/BaseAPI.spec.ts" name="BaseAPI &gt; terminate &gt; should throw SCORM error when storeData returns an error code" time="0.000166334">
        </testcase>
        <testcase classname="test/api/BaseAPI.spec.ts" name="BaseAPI &gt; terminate &gt; should reset lastErrorCode when checkTerminated is true" time="0.000148292">
        </testcase>
        <testcase classname="test/api/BaseAPI.spec.ts" name="BaseAPI &gt; terminate &gt; should attempt to sync offline data when online and offline data exists" time="0.001621666">
        </testcase>
        <testcase classname="test/api/BaseAPI.spec.ts" name="BaseAPI &gt; error information methods &gt; getLastError &gt; should return the last error code" time="0.000276375">
        </testcase>
        <testcase classname="test/api/BaseAPI.spec.ts" name="BaseAPI &gt; error information methods &gt; getErrorString &gt; should return empty string when CMIErrorCode is null" time="0.000173792">
        </testcase>
        <testcase classname="test/api/BaseAPI.spec.ts" name="BaseAPI &gt; error information methods &gt; getErrorString &gt; should return empty string when CMIErrorCode is empty" time="0.000147667">
        </testcase>
        <testcase classname="test/api/BaseAPI.spec.ts" name="BaseAPI &gt; error information methods &gt; getErrorString &gt; should call getLmsErrorMessageDetails and process listeners when CMIErrorCode is valid" time="0.000238792">
        </testcase>
        <testcase classname="test/api/BaseAPI.spec.ts" name="BaseAPI &gt; error information methods &gt; getDiagnostic &gt; should return empty string when CMIErrorCode is null" time="0.000170708">
        </testcase>
        <testcase classname="test/api/BaseAPI.spec.ts" name="BaseAPI &gt; error information methods &gt; getDiagnostic &gt; should return empty string when CMIErrorCode is empty" time="0.000148125">
        </testcase>
        <testcase classname="test/api/BaseAPI.spec.ts" name="BaseAPI &gt; error information methods &gt; getDiagnostic &gt; should call getLmsErrorMessageDetails with detail=true and process listeners when CMIErrorCode is valid" time="0.000175459">
        </testcase>
        <testcase classname="test/api/BaseAPI.spec.ts" name="BaseAPI &gt; commit &gt; should return SCORM_FALSE and throw error when not initialized" time="0.000245584">
        </testcase>
        <testcase classname="test/api/BaseAPI.spec.ts" name="BaseAPI &gt; commit &gt; should return SCORM_FALSE and throw error when terminated and checkTerminated is true" time="0.000191833">
        </testcase>
        <testcase classname="test/api/BaseAPI.spec.ts" name="BaseAPI &gt; commit &gt; should call storeData and process listeners when initialized" time="0.000264625">
        </testcase>
        <testcase classname="test/api/BaseAPI.spec.ts" name="BaseAPI &gt; commit &gt; should throw SCORM error when storeData returns an error code" time="0.000203541">
        </testcase>
        <testcase classname="test/api/BaseAPI.spec.ts" name="BaseAPI &gt; commit &gt; should reset lastErrorCode when checkTerminated is true" time="0.000165708">
        </testcase>
        <testcase classname="test/api/BaseAPI.spec.ts" name="BaseAPI &gt; commit &gt; should attempt to sync offline data when online and offline data exists" time="0.000255041">
        </testcase>
        <testcase classname="test/api/BaseAPI.spec.ts" name="BaseAPI &gt; setValue &gt; should return SCORM_FALSE and throw error when not initialized" time="0.000202833">
        </testcase>
        <testcase classname="test/api/BaseAPI.spec.ts" name="BaseAPI &gt; setValue &gt; should return SCORM_FALSE and throw error when terminated and checkTerminated is true" time="0.000165459">
        </testcase>
        <testcase classname="test/api/BaseAPI.spec.ts" name="BaseAPI &gt; setValue &gt; should call setCMIValue and process listeners when initialized" time="0.000195375">
        </testcase>
        <testcase classname="test/api/BaseAPI.spec.ts" name="BaseAPI &gt; setValue &gt; should handle exceptions from setCMIValue" time="0.001490458">
        </testcase>
        <testcase classname="test/api/BaseAPI.spec.ts" name="BaseAPI &gt; setValue &gt; should schedule commit when autocommit is enabled and no errors" time="0.00025125">
        </testcase>
        <testcase classname="test/api/BaseAPI.spec.ts" name="BaseAPI &gt; setValue &gt; should not schedule commit when autocommit is disabled" time="0.0001935">
        </testcase>
        <testcase classname="test/api/BaseAPI.spec.ts" name="BaseAPI &gt; setValue &gt; should not schedule commit when there are errors" time="0.000250917">
        </testcase>
        <testcase classname="test/api/BaseAPI.spec.ts" name="BaseAPI &gt; getValue &gt; should return empty string and throw error when not initialized" time="0.000258958">
        </testcase>
        <testcase classname="test/api/BaseAPI.spec.ts" name="BaseAPI &gt; getValue &gt; should return empty string and throw error when terminated and checkTerminated is true" time="0.000180667">
        </testcase>
        <testcase classname="test/api/BaseAPI.spec.ts" name="BaseAPI &gt; getValue &gt; should call getCMIValue and process listeners when initialized" time="0.000203125">
        </testcase>
        <testcase classname="test/api/BaseAPI.spec.ts" name="BaseAPI &gt; getValue &gt; should handle exceptions from getCMIValue" time="0.000224084">
        </testcase>
        <testcase classname="test/api/BaseAPI.spec.ts" name="BaseAPI &gt; error handling methods &gt; should set error code with throwSCORMError method" time="0.000187542">
        </testcase>
        <testcase classname="test/api/BaseAPI.spec.ts" name="BaseAPI &gt; error handling methods &gt; should clear error code with clearSCORMError method" time="0.0001695">
        </testcase>
        <testcase classname="test/api/BaseAPI.spec.ts" name="BaseAPI &gt; event handling methods &gt; should register event listeners with on method" time="0.000231125">
        </testcase>
        <testcase classname="test/api/BaseAPI.spec.ts" name="BaseAPI &gt; event handling methods &gt; should unregister event listeners with off method" time="0.00020775">
        </testcase>
        <testcase classname="test/api/BaseAPI.spec.ts" name="BaseAPI &gt; event handling methods &gt; should clear all event listeners with clear method" time="0.000192791">
        </testcase>
        <testcase classname="test/api/BaseAPI.spec.ts" name="BaseAPI &gt; event handling methods &gt; should process event listeners with processListeners method" time="0.000177042">
        </testcase>
        <testcase classname="test/api/BaseAPI.spec.ts" name="BaseAPI &gt; state checking methods &gt; should correctly identify initialized state" time="0.000178166">
        </testcase>
        <testcase classname="test/api/BaseAPI.spec.ts" name="BaseAPI &gt; state checking methods &gt; should correctly identify not initialized state" time="0.000176208">
        </testcase>
        <testcase classname="test/api/BaseAPI.spec.ts" name="BaseAPI &gt; state checking methods &gt; should correctly identify terminated state" time="0.000180666">
        </testcase>
        <testcase classname="test/api/BaseAPI.spec.ts" name="BaseAPI &gt; constructor with offline storage &gt; should not initialize offline storage service when enableOfflineSupport is false" time="0.000941584">
        </testcase>
        <testcase classname="test/api/BaseAPI.spec.ts" name="BaseAPI &gt; constructor with offline storage &gt; should initialize offline storage service when enableOfflineSupport is true" time="0.00055925">
        </testcase>
        <testcase classname="test/api/BaseAPI.spec.ts" name="BaseAPI &gt; constructor with offline storage &gt; should store courseId when provided with settings" time="0.000474084">
        </testcase>
        <testcase classname="test/api/BaseAPI.spec.ts" name="BaseAPI &gt; constructor with offline storage &gt; should not attempt to retrieve offline data when courseId is not provided" time="0.035509625">
        </testcase>
        <testcase classname="test/api/BaseAPI.spec.ts" name="BaseAPI &gt; constructor with offline storage &gt; should attempt to retrieve offline data when courseId is provided" time="0.000648">
        </testcase>
        <testcase classname="test/api/BaseAPI.spec.ts" name="BaseAPI &gt; constructor with offline storage &gt; should load data from offline storage when data is found" time="0.000626083">
        </testcase>
        <testcase classname="test/api/BaseAPI.spec.ts" name="BaseAPI &gt; constructor with offline storage &gt; should handle errors when retrieving offline data" time="0.001167416">
            <system-err>
constructor         : Error retrieving offline data: Error: Storage error

            </system-err>
        </testcase>
        <testcase classname="test/api/BaseAPI.spec.ts" name="BaseAPI &gt; constructor with offline storage &gt; should not attempt to load data when no offline data is found" time="0.000456542">
        </testcase>
    </testsuite>
    <testsuite name="test/api/ErrorCodes.spec.ts" timestamp="2025-05-05T03:40:24.962Z" hostname="jonathans-macbook-pro-2.mara-rohu.ts.net" tests="94" failures="0" errors="0" skipped="0" time="0.008789208">
        <testcase classname="test/api/ErrorCodes.spec.ts" name="Error Codes Tests &gt; SCORM 2004 Error Codes &gt; GENERAL Error Tests &gt; should correctly set and retrieve GENERAL error code" time="0.001287166">
        </testcase>
        <testcase classname="test/api/ErrorCodes.spec.ts" name="Error Codes Tests &gt; SCORM 2004 Error Codes &gt; INITIALIZATION_FAILED Error Tests &gt; should correctly set and retrieve INITIALIZATION_FAILED error code" time="0.000163375">
        </testcase>
        <testcase classname="test/api/ErrorCodes.spec.ts" name="Error Codes Tests &gt; SCORM 2004 Error Codes &gt; INITIALIZED Error Tests &gt; should correctly set and retrieve INITIALIZED error code" time="0.000078458">
        </testcase>
        <testcase classname="test/api/ErrorCodes.spec.ts" name="Error Codes Tests &gt; SCORM 2004 Error Codes &gt; TERMINATED Error Tests &gt; should correctly set and retrieve TERMINATED error code" time="0.000063542">
        </testcase>
        <testcase classname="test/api/ErrorCodes.spec.ts" name="Error Codes Tests &gt; SCORM 2004 Error Codes &gt; TERMINATION_FAILURE Error Tests &gt; should correctly set and retrieve TERMINATION_FAILURE error code" time="0.000066125">
        </testcase>
        <testcase classname="test/api/ErrorCodes.spec.ts" name="Error Codes Tests &gt; SCORM 2004 Error Codes &gt; TERMINATION_BEFORE_INIT Error Tests &gt; should correctly set and retrieve TERMINATION_BEFORE_INIT error code" time="0.000051875">
        </testcase>
        <testcase classname="test/api/ErrorCodes.spec.ts" name="Error Codes Tests &gt; SCORM 2004 Error Codes &gt; MULTIPLE_TERMINATION Error Tests &gt; should correctly set and retrieve MULTIPLE_TERMINATION error code" time="0.000050625">
        </testcase>
        <testcase classname="test/api/ErrorCodes.spec.ts" name="Error Codes Tests &gt; SCORM 2004 Error Codes &gt; RETRIEVE_BEFORE_INIT Error Tests &gt; should correctly set and retrieve RETRIEVE_BEFORE_INIT error code" time="0.000046666">
        </testcase>
        <testcase classname="test/api/ErrorCodes.spec.ts" name="Error Codes Tests &gt; SCORM 2004 Error Codes &gt; RETRIEVE_AFTER_TERM Error Tests &gt; should correctly set and retrieve RETRIEVE_AFTER_TERM error code" time="0.000307791">
        </testcase>
        <testcase classname="test/api/ErrorCodes.spec.ts" name="Error Codes Tests &gt; SCORM 2004 Error Codes &gt; STORE_BEFORE_INIT Error Tests &gt; should correctly set and retrieve STORE_BEFORE_INIT error code" time="0.000171584">
        </testcase>
        <testcase classname="test/api/ErrorCodes.spec.ts" name="Error Codes Tests &gt; SCORM 2004 Error Codes &gt; STORE_AFTER_TERM Error Tests &gt; should correctly set and retrieve STORE_AFTER_TERM error code" time="0.000055042">
        </testcase>
        <testcase classname="test/api/ErrorCodes.spec.ts" name="Error Codes Tests &gt; SCORM 2004 Error Codes &gt; COMMIT_BEFORE_INIT Error Tests &gt; should correctly set and retrieve COMMIT_BEFORE_INIT error code" time="0.000089542">
        </testcase>
        <testcase classname="test/api/ErrorCodes.spec.ts" name="Error Codes Tests &gt; SCORM 2004 Error Codes &gt; COMMIT_AFTER_TERM Error Tests &gt; should correctly set and retrieve COMMIT_AFTER_TERM error code" time="0.000053208">
        </testcase>
        <testcase classname="test/api/ErrorCodes.spec.ts" name="Error Codes Tests &gt; SCORM 2004 Error Codes &gt; ARGUMENT_ERROR Error Tests &gt; should correctly set and retrieve ARGUMENT_ERROR error code" time="0.000156875">
        </testcase>
        <testcase classname="test/api/ErrorCodes.spec.ts" name="Error Codes Tests &gt; SCORM 2004 Error Codes &gt; CHILDREN_ERROR Error Tests &gt; should correctly set and retrieve CHILDREN_ERROR error code" time="0.000049042">
        </testcase>
        <testcase classname="test/api/ErrorCodes.spec.ts" name="Error Codes Tests &gt; SCORM 2004 Error Codes &gt; COUNT_ERROR Error Tests &gt; should correctly set and retrieve COUNT_ERROR error code" time="0.000069875">
        </testcase>
        <testcase classname="test/api/ErrorCodes.spec.ts" name="Error Codes Tests &gt; SCORM 2004 Error Codes &gt; GENERAL_GET_FAILURE Error Tests &gt; should correctly set and retrieve GENERAL_GET_FAILURE error code" time="0.000038792">
        </testcase>
        <testcase classname="test/api/ErrorCodes.spec.ts" name="Error Codes Tests &gt; SCORM 2004 Error Codes &gt; GENERAL_SET_FAILURE Error Tests &gt; should correctly set and retrieve GENERAL_SET_FAILURE error code" time="0.000030959">
        </testcase>
        <testcase classname="test/api/ErrorCodes.spec.ts" name="Error Codes Tests &gt; SCORM 2004 Error Codes &gt; GENERAL_COMMIT_FAILURE Error Tests &gt; should correctly set and retrieve GENERAL_COMMIT_FAILURE error code" time="0.000029875">
        </testcase>
        <testcase classname="test/api/ErrorCodes.spec.ts" name="Error Codes Tests &gt; SCORM 2004 Error Codes &gt; UNDEFINED_DATA_MODEL Error Tests &gt; should correctly set and retrieve UNDEFINED_DATA_MODEL error code" time="0.000064542">
        </testcase>
        <testcase classname="test/api/ErrorCodes.spec.ts" name="Error Codes Tests &gt; SCORM 2004 Error Codes &gt; UNIMPLEMENTED_ELEMENT Error Tests &gt; should correctly set and retrieve UNIMPLEMENTED_ELEMENT error code" time="0.000029708">
        </testcase>
        <testcase classname="test/api/ErrorCodes.spec.ts" name="Error Codes Tests &gt; SCORM 2004 Error Codes &gt; VALUE_NOT_INITIALIZED Error Tests &gt; should correctly set and retrieve VALUE_NOT_INITIALIZED error code" time="0.000028042">
        </testcase>
        <testcase classname="test/api/ErrorCodes.spec.ts" name="Error Codes Tests &gt; SCORM 2004 Error Codes &gt; INVALID_SET_VALUE Error Tests &gt; should correctly set and retrieve INVALID_SET_VALUE error code" time="0.00002825">
        </testcase>
        <testcase classname="test/api/ErrorCodes.spec.ts" name="Error Codes Tests &gt; SCORM 2004 Error Codes &gt; READ_ONLY_ELEMENT Error Tests &gt; should correctly set and retrieve READ_ONLY_ELEMENT error code" time="0.00002775">
        </testcase>
        <testcase classname="test/api/ErrorCodes.spec.ts" name="Error Codes Tests &gt; SCORM 2004 Error Codes &gt; WRITE_ONLY_ELEMENT Error Tests &gt; should correctly set and retrieve WRITE_ONLY_ELEMENT error code" time="0.000027625">
        </testcase>
        <testcase classname="test/api/ErrorCodes.spec.ts" name="Error Codes Tests &gt; SCORM 2004 Error Codes &gt; TYPE_MISMATCH Error Tests &gt; should correctly set and retrieve TYPE_MISMATCH error code" time="0.000027917">
        </testcase>
        <testcase classname="test/api/ErrorCodes.spec.ts" name="Error Codes Tests &gt; SCORM 2004 Error Codes &gt; VALUE_OUT_OF_RANGE Error Tests &gt; should correctly set and retrieve VALUE_OUT_OF_RANGE error code" time="0.000028458">
        </testcase>
        <testcase classname="test/api/ErrorCodes.spec.ts" name="Error Codes Tests &gt; SCORM 2004 Error Codes &gt; DEPENDENCY_NOT_ESTABLISHED Error Tests &gt; should correctly set and retrieve DEPENDENCY_NOT_ESTABLISHED error code" time="0.000028791">
        </testcase>
        <testcase classname="test/api/ErrorCodes.spec.ts" name="Error Codes Tests &gt; SCORM 2004 Error Codes &gt; MULTIPLE_TERMINATIONS Error Tests &gt; should correctly set and retrieve MULTIPLE_TERMINATIONS error code" time="0.000027875">
        </testcase>
        <testcase classname="test/api/ErrorCodes.spec.ts" name="Error Codes Tests &gt; SCORM 2004 Error Codes &gt; throwSCORMError Behavior Tests &gt; should set lastErrorCode when throwException is false" time="0.000043125">
        </testcase>
        <testcase classname="test/api/ErrorCodes.spec.ts" name="Error Codes Tests &gt; SCORM 2004 Error Codes &gt; throwSCORMError Behavior Tests &gt; should not overwrite lastErrorCode with subsequent operations" time="0.000281167">
        </testcase>
        <testcase classname="test/api/ErrorCodes.spec.ts" name="Error Codes Tests &gt; SCORM 2004 Error Codes &gt; throwSCORMError Behavior Tests &gt; should clear lastErrorCode when clearSCORMError is called with &apos;true&apos;" time="0.000051625">
        </testcase>
        <testcase classname="test/api/ErrorCodes.spec.ts" name="Error Codes Tests &gt; SCORM 2004 Error Codes &gt; TYPE_MISMATCH Error Tests (Real Scenarios) &gt; should set TYPE_MISMATCH (406) error code when setting an invalid value type" time="0.000537833">
        </testcase>
        <testcase classname="test/api/ErrorCodes.spec.ts" name="Error Codes Tests &gt; SCORM 2004 Error Codes &gt; TYPE_MISMATCH Error Tests (Real Scenarios) &gt; should set TYPE_MISMATCH (406) error code when setting an invalid timestamp value" time="0.0002195">
        </testcase>
        <testcase classname="test/api/ErrorCodes.spec.ts" name="Error Codes Tests &gt; SCORM 2004 Error Codes &gt; TYPE_MISMATCH Error Tests (Real Scenarios) &gt; should set TYPE_MISMATCH (406) error code when setting an invalid numeric value" time="0.000075459">
        </testcase>
        <testcase classname="test/api/ErrorCodes.spec.ts" name="Error Codes Tests &gt; SCORM 2004 Error Codes &gt; TYPE_MISMATCH Error Tests (Real Scenarios) &gt; should set TYPE_MISMATCH (406) error code when setting an invalid format for matching interaction" time="0.00021525">
        </testcase>
        <testcase classname="test/api/ErrorCodes.spec.ts" name="Error Codes Tests &gt; SCORM 2004 Error Codes &gt; TYPE_MISMATCH Error Tests (Real Scenarios) &gt; should maintain TYPE_MISMATCH (406) error code after multiple operations" time="0.000125625">
        </testcase>
        <testcase classname="test/api/ErrorCodes.spec.ts" name="Error Codes Tests &gt; SCORM 2004 Error Codes &gt; TYPE_MISMATCH Error Tests (Real Scenarios) &gt; should not set GENERAL (101) error code instead of TYPE_MISMATCH (406) when setting an incorrect value" time="0.000174">
        </testcase>
        <testcase classname="test/api/ErrorCodes.spec.ts" name="Error Codes Tests &gt; SCORM 1.2 Error Codes &gt; GENERAL Error Tests &gt; should correctly set and retrieve GENERAL error code" time="0.000227666">
        </testcase>
        <testcase classname="test/api/ErrorCodes.spec.ts" name="Error Codes Tests &gt; SCORM 1.2 Error Codes &gt; INITIALIZATION_FAILED Error Tests &gt; should correctly set and retrieve INITIALIZATION_FAILED error code" time="0.000038584">
        </testcase>
        <testcase classname="test/api/ErrorCodes.spec.ts" name="Error Codes Tests &gt; SCORM 1.2 Error Codes &gt; INITIALIZED Error Tests &gt; should correctly set and retrieve INITIALIZED error code" time="0.000032333">
        </testcase>
        <testcase classname="test/api/ErrorCodes.spec.ts" name="Error Codes Tests &gt; SCORM 1.2 Error Codes &gt; TERMINATED Error Tests &gt; should correctly set and retrieve TERMINATED error code" time="0.0000305">
        </testcase>
        <testcase classname="test/api/ErrorCodes.spec.ts" name="Error Codes Tests &gt; SCORM 1.2 Error Codes &gt; TERMINATION_FAILURE Error Tests &gt; should correctly set and retrieve TERMINATION_FAILURE error code" time="0.000029333">
        </testcase>
        <testcase classname="test/api/ErrorCodes.spec.ts" name="Error Codes Tests &gt; SCORM 1.2 Error Codes &gt; TERMINATION_BEFORE_INIT Error Tests &gt; should correctly set and retrieve TERMINATION_BEFORE_INIT error code" time="0.000028959">
        </testcase>
        <testcase classname="test/api/ErrorCodes.spec.ts" name="Error Codes Tests &gt; SCORM 1.2 Error Codes &gt; MULTIPLE_TERMINATION Error Tests &gt; should correctly set and retrieve MULTIPLE_TERMINATION error code" time="0.000094667">
        </testcase>
        <testcase classname="test/api/ErrorCodes.spec.ts" name="Error Codes Tests &gt; SCORM 1.2 Error Codes &gt; RETRIEVE_BEFORE_INIT Error Tests &gt; should correctly set and retrieve RETRIEVE_BEFORE_INIT error code" time="0.000036458">
        </testcase>
        <testcase classname="test/api/ErrorCodes.spec.ts" name="Error Codes Tests &gt; SCORM 1.2 Error Codes &gt; RETRIEVE_AFTER_TERM Error Tests &gt; should correctly set and retrieve RETRIEVE_AFTER_TERM error code" time="0.000109792">
        </testcase>
        <testcase classname="test/api/ErrorCodes.spec.ts" name="Error Codes Tests &gt; SCORM 1.2 Error Codes &gt; STORE_BEFORE_INIT Error Tests &gt; should correctly set and retrieve STORE_BEFORE_INIT error code" time="0.000065417">
        </testcase>
        <testcase classname="test/api/ErrorCodes.spec.ts" name="Error Codes Tests &gt; SCORM 1.2 Error Codes &gt; STORE_AFTER_TERM Error Tests &gt; should correctly set and retrieve STORE_AFTER_TERM error code" time="0.000031375">
        </testcase>
        <testcase classname="test/api/ErrorCodes.spec.ts" name="Error Codes Tests &gt; SCORM 1.2 Error Codes &gt; COMMIT_BEFORE_INIT Error Tests &gt; should correctly set and retrieve COMMIT_BEFORE_INIT error code" time="0.000025667">
        </testcase>
        <testcase classname="test/api/ErrorCodes.spec.ts" name="Error Codes Tests &gt; SCORM 1.2 Error Codes &gt; COMMIT_AFTER_TERM Error Tests &gt; should correctly set and retrieve COMMIT_AFTER_TERM error code" time="0.00002525">
        </testcase>
        <testcase classname="test/api/ErrorCodes.spec.ts" name="Error Codes Tests &gt; SCORM 1.2 Error Codes &gt; ARGUMENT_ERROR Error Tests &gt; should correctly set and retrieve ARGUMENT_ERROR error code" time="0.00002525">
        </testcase>
        <testcase classname="test/api/ErrorCodes.spec.ts" name="Error Codes Tests &gt; SCORM 1.2 Error Codes &gt; CHILDREN_ERROR Error Tests &gt; should correctly set and retrieve CHILDREN_ERROR error code" time="0.000026625">
        </testcase>
        <testcase classname="test/api/ErrorCodes.spec.ts" name="Error Codes Tests &gt; SCORM 1.2 Error Codes &gt; COUNT_ERROR Error Tests &gt; should correctly set and retrieve COUNT_ERROR error code" time="0.000024958">
        </testcase>
        <testcase classname="test/api/ErrorCodes.spec.ts" name="Error Codes Tests &gt; SCORM 1.2 Error Codes &gt; GENERAL_GET_FAILURE Error Tests &gt; should correctly set and retrieve GENERAL_GET_FAILURE error code" time="0.000025875">
        </testcase>
        <testcase classname="test/api/ErrorCodes.spec.ts" name="Error Codes Tests &gt; SCORM 1.2 Error Codes &gt; GENERAL_SET_FAILURE Error Tests &gt; should correctly set and retrieve GENERAL_SET_FAILURE error code" time="0.000025125">
        </testcase>
        <testcase classname="test/api/ErrorCodes.spec.ts" name="Error Codes Tests &gt; SCORM 1.2 Error Codes &gt; GENERAL_COMMIT_FAILURE Error Tests &gt; should correctly set and retrieve GENERAL_COMMIT_FAILURE error code" time="0.000024333">
        </testcase>
        <testcase classname="test/api/ErrorCodes.spec.ts" name="Error Codes Tests &gt; SCORM 1.2 Error Codes &gt; UNDEFINED_DATA_MODEL Error Tests &gt; should correctly set and retrieve UNDEFINED_DATA_MODEL error code" time="0.000025208">
        </testcase>
        <testcase classname="test/api/ErrorCodes.spec.ts" name="Error Codes Tests &gt; SCORM 1.2 Error Codes &gt; UNIMPLEMENTED_ELEMENT Error Tests &gt; should correctly set and retrieve UNIMPLEMENTED_ELEMENT error code" time="0.000025708">
        </testcase>
        <testcase classname="test/api/ErrorCodes.spec.ts" name="Error Codes Tests &gt; SCORM 1.2 Error Codes &gt; VALUE_NOT_INITIALIZED Error Tests &gt; should correctly set and retrieve VALUE_NOT_INITIALIZED error code" time="0.000024417">
        </testcase>
        <testcase classname="test/api/ErrorCodes.spec.ts" name="Error Codes Tests &gt; SCORM 1.2 Error Codes &gt; INVALID_SET_VALUE Error Tests &gt; should correctly set and retrieve INVALID_SET_VALUE error code" time="0.000025416">
        </testcase>
        <testcase classname="test/api/ErrorCodes.spec.ts" name="Error Codes Tests &gt; SCORM 1.2 Error Codes &gt; READ_ONLY_ELEMENT Error Tests &gt; should correctly set and retrieve READ_ONLY_ELEMENT error code" time="0.000028958">
        </testcase>
        <testcase classname="test/api/ErrorCodes.spec.ts" name="Error Codes Tests &gt; SCORM 1.2 Error Codes &gt; WRITE_ONLY_ELEMENT Error Tests &gt; should correctly set and retrieve WRITE_ONLY_ELEMENT error code" time="0.000026125">
        </testcase>
        <testcase classname="test/api/ErrorCodes.spec.ts" name="Error Codes Tests &gt; SCORM 1.2 Error Codes &gt; TYPE_MISMATCH Error Tests &gt; should correctly set and retrieve TYPE_MISMATCH error code" time="0.000060584">
        </testcase>
        <testcase classname="test/api/ErrorCodes.spec.ts" name="Error Codes Tests &gt; SCORM 1.2 Error Codes &gt; VALUE_OUT_OF_RANGE Error Tests &gt; should correctly set and retrieve VALUE_OUT_OF_RANGE error code" time="0.000026709">
        </testcase>
        <testcase classname="test/api/ErrorCodes.spec.ts" name="Error Codes Tests &gt; SCORM 1.2 Error Codes &gt; DEPENDENCY_NOT_ESTABLISHED Error Tests &gt; should correctly set and retrieve DEPENDENCY_NOT_ESTABLISHED error code" time="0.000027208">
        </testcase>
        <testcase classname="test/api/ErrorCodes.spec.ts" name="Error Codes Tests &gt; AICC Error Codes &gt; GENERAL Error Tests &gt; should correctly set and retrieve GENERAL error code" time="0.000230417">
        </testcase>
        <testcase classname="test/api/ErrorCodes.spec.ts" name="Error Codes Tests &gt; AICC Error Codes &gt; INITIALIZATION_FAILED Error Tests &gt; should correctly set and retrieve INITIALIZATION_FAILED error code" time="0.000039667">
        </testcase>
        <testcase classname="test/api/ErrorCodes.spec.ts" name="Error Codes Tests &gt; AICC Error Codes &gt; INITIALIZED Error Tests &gt; should correctly set and retrieve INITIALIZED error code" time="0.000034917">
        </testcase>
        <testcase classname="test/api/ErrorCodes.spec.ts" name="Error Codes Tests &gt; AICC Error Codes &gt; TERMINATED Error Tests &gt; should correctly set and retrieve TERMINATED error code" time="0.000033792">
        </testcase>
        <testcase classname="test/api/ErrorCodes.spec.ts" name="Error Codes Tests &gt; AICC Error Codes &gt; TERMINATION_FAILURE Error Tests &gt; should correctly set and retrieve TERMINATION_FAILURE error code" time="0.000034042">
        </testcase>
        <testcase classname="test/api/ErrorCodes.spec.ts" name="Error Codes Tests &gt; AICC Error Codes &gt; TERMINATION_BEFORE_INIT Error Tests &gt; should correctly set and retrieve TERMINATION_BEFORE_INIT error code" time="0.000034375">
        </testcase>
        <testcase classname="test/api/ErrorCodes.spec.ts" name="Error Codes Tests &gt; AICC Error Codes &gt; MULTIPLE_TERMINATION Error Tests &gt; should correctly set and retrieve MULTIPLE_TERMINATION error code" time="0.000034792">
        </testcase>
        <testcase classname="test/api/ErrorCodes.spec.ts" name="Error Codes Tests &gt; AICC Error Codes &gt; RETRIEVE_BEFORE_INIT Error Tests &gt; should correctly set and retrieve RETRIEVE_BEFORE_INIT error code" time="0.000034333">
        </testcase>
        <testcase classname="test/api/ErrorCodes.spec.ts" name="Error Codes Tests &gt; AICC Error Codes &gt; RETRIEVE_AFTER_TERM Error Tests &gt; should correctly set and retrieve RETRIEVE_AFTER_TERM error code" time="0.000238709">
        </testcase>
        <testcase classname="test/api/ErrorCodes.spec.ts" name="Error Codes Tests &gt; AICC Error Codes &gt; STORE_BEFORE_INIT Error Tests &gt; should correctly set and retrieve STORE_BEFORE_INIT error code" time="0.000094917">
        </testcase>
        <testcase classname="test/api/ErrorCodes.spec.ts" name="Error Codes Tests &gt; AICC Error Codes &gt; STORE_AFTER_TERM Error Tests &gt; should correctly set and retrieve STORE_AFTER_TERM error code" time="0.000052042">
        </testcase>
        <testcase classname="test/api/ErrorCodes.spec.ts" name="Error Codes Tests &gt; AICC Error Codes &gt; COMMIT_BEFORE_INIT Error Tests &gt; should correctly set and retrieve COMMIT_BEFORE_INIT error code" time="0.000038416">
        </testcase>
        <testcase classname="test/api/ErrorCodes.spec.ts" name="Error Codes Tests &gt; AICC Error Codes &gt; COMMIT_AFTER_TERM Error Tests &gt; should correctly set and retrieve COMMIT_AFTER_TERM error code" time="0.000034917">
        </testcase>
        <testcase classname="test/api/ErrorCodes.spec.ts" name="Error Codes Tests &gt; AICC Error Codes &gt; ARGUMENT_ERROR Error Tests &gt; should correctly set and retrieve ARGUMENT_ERROR error code" time="0.000034542">
        </testcase>
        <testcase classname="test/api/ErrorCodes.spec.ts" name="Error Codes Tests &gt; AICC Error Codes &gt; CHILDREN_ERROR Error Tests &gt; should correctly set and retrieve CHILDREN_ERROR error code" time="0.000032208">
        </testcase>
        <testcase classname="test/api/ErrorCodes.spec.ts" name="Error Codes Tests &gt; AICC Error Codes &gt; COUNT_ERROR Error Tests &gt; should correctly set and retrieve COUNT_ERROR error code" time="0.000031458">
        </testcase>
        <testcase classname="test/api/ErrorCodes.spec.ts" name="Error Codes Tests &gt; AICC Error Codes &gt; GENERAL_GET_FAILURE Error Tests &gt; should correctly set and retrieve GENERAL_GET_FAILURE error code" time="0.000031417">
        </testcase>
        <testcase classname="test/api/ErrorCodes.spec.ts" name="Error Codes Tests &gt; AICC Error Codes &gt; GENERAL_SET_FAILURE Error Tests &gt; should correctly set and retrieve GENERAL_SET_FAILURE error code" time="0.000030792">
        </testcase>
        <testcase classname="test/api/ErrorCodes.spec.ts" name="Error Codes Tests &gt; AICC Error Codes &gt; GENERAL_COMMIT_FAILURE Error Tests &gt; should correctly set and retrieve GENERAL_COMMIT_FAILURE error code" time="0.000043583">
        </testcase>
        <testcase classname="test/api/ErrorCodes.spec.ts" name="Error Codes Tests &gt; AICC Error Codes &gt; UNDEFINED_DATA_MODEL Error Tests &gt; should correctly set and retrieve UNDEFINED_DATA_MODEL error code" time="0.000033833">
        </testcase>
        <testcase classname="test/api/ErrorCodes.spec.ts" name="Error Codes Tests &gt; AICC Error Codes &gt; UNIMPLEMENTED_ELEMENT Error Tests &gt; should correctly set and retrieve UNIMPLEMENTED_ELEMENT error code" time="0.000030875">
        </testcase>
        <testcase classname="test/api/ErrorCodes.spec.ts" name="Error Codes Tests &gt; AICC Error Codes &gt; VALUE_NOT_INITIALIZED Error Tests &gt; should correctly set and retrieve VALUE_NOT_INITIALIZED error code" time="0.000030791">
        </testcase>
        <testcase classname="test/api/ErrorCodes.spec.ts" name="Error Codes Tests &gt; AICC Error Codes &gt; INVALID_SET_VALUE Error Tests &gt; should correctly set and retrieve INVALID_SET_VALUE error code" time="0.000030291">
        </testcase>
        <testcase classname="test/api/ErrorCodes.spec.ts" name="Error Codes Tests &gt; AICC Error Codes &gt; READ_ONLY_ELEMENT Error Tests &gt; should correctly set and retrieve READ_ONLY_ELEMENT error code" time="0.000031041">
        </testcase>
        <testcase classname="test/api/ErrorCodes.spec.ts" name="Error Codes Tests &gt; AICC Error Codes &gt; WRITE_ONLY_ELEMENT Error Tests &gt; should correctly set and retrieve WRITE_ONLY_ELEMENT error code" time="0.000030458">
        </testcase>
        <testcase classname="test/api/ErrorCodes.spec.ts" name="Error Codes Tests &gt; AICC Error Codes &gt; TYPE_MISMATCH Error Tests &gt; should correctly set and retrieve TYPE_MISMATCH error code" time="0.000032208">
        </testcase>
        <testcase classname="test/api/ErrorCodes.spec.ts" name="Error Codes Tests &gt; AICC Error Codes &gt; VALUE_OUT_OF_RANGE Error Tests &gt; should correctly set and retrieve VALUE_OUT_OF_RANGE error code" time="0.000030833">
        </testcase>
        <testcase classname="test/api/ErrorCodes.spec.ts" name="Error Codes Tests &gt; AICC Error Codes &gt; DEPENDENCY_NOT_ESTABLISHED Error Tests &gt; should correctly set and retrieve DEPENDENCY_NOT_ESTABLISHED error code" time="0.000030875">
        </testcase>
    </testsuite>
    <testsuite name="test/api/ErrorConditions.spec.ts" timestamp="2025-05-05T03:40:24.968Z" hostname="jonathans-macbook-pro-2.mara-rohu.ts.net" tests="39" failures="0" errors="0" skipped="0" time="0.009294542">
        <testcase classname="test/api/ErrorConditions.spec.ts" name="Error Conditions Tests &gt; SCORM 2004 Error Conditions &gt; Initialization and Termination Errors &gt; should set INITIALIZED (103) error when attempting to initialize an already initialized API" time="0.001561334">
        </testcase>
        <testcase classname="test/api/ErrorConditions.spec.ts" name="Error Conditions Tests &gt; SCORM 2004 Error Conditions &gt; Initialization and Termination Errors &gt; should set TERMINATION_BEFORE_INIT (112) error when attempting to terminate before initializing" time="0.000205042">
        </testcase>
        <testcase classname="test/api/ErrorConditions.spec.ts" name="Error Conditions Tests &gt; SCORM 2004 Error Conditions &gt; Initialization and Termination Errors &gt; should set MULTIPLE_TERMINATIONS (113) error when attempting to terminate an already terminated API" time="0.000564916">
        </testcase>
        <testcase classname="test/api/ErrorConditions.spec.ts" name="Error Conditions Tests &gt; SCORM 2004 Error Conditions &gt; Data Access Errors &gt; should set RETRIEVE_BEFORE_INIT (122) error when attempting to get a value before initializing" time="0.000202958">
        </testcase>
        <testcase classname="test/api/ErrorConditions.spec.ts" name="Error Conditions Tests &gt; SCORM 2004 Error Conditions &gt; Data Access Errors &gt; should set RETRIEVE_AFTER_TERM (123) error when attempting to get a value after terminating" time="0.000155833">
        </testcase>
        <testcase classname="test/api/ErrorConditions.spec.ts" name="Error Conditions Tests &gt; SCORM 2004 Error Conditions &gt; Data Access Errors &gt; should set STORE_BEFORE_INIT (132) error when attempting to set a value before initializing" time="0.000147416">
        </testcase>
        <testcase classname="test/api/ErrorConditions.spec.ts" name="Error Conditions Tests &gt; SCORM 2004 Error Conditions &gt; Data Access Errors &gt; should set STORE_AFTER_TERM (133) error when attempting to set a value after terminating" time="0.000110083">
        </testcase>
        <testcase classname="test/api/ErrorConditions.spec.ts" name="Error Conditions Tests &gt; SCORM 2004 Error Conditions &gt; Data Access Errors &gt; should set COMMIT_BEFORE_INIT (142) error when attempting to commit before initializing" time="0.000117791">
        </testcase>
        <testcase classname="test/api/ErrorConditions.spec.ts" name="Error Conditions Tests &gt; SCORM 2004 Error Conditions &gt; Data Access Errors &gt; should set COMMIT_AFTER_TERM (143) error when attempting to commit after terminating" time="0.00038225">
        </testcase>
        <testcase classname="test/api/ErrorConditions.spec.ts" name="Error Conditions Tests &gt; SCORM 2004 Error Conditions &gt; Data Model Errors &gt; should set UNDEFINED_DATA_MODEL (401) error when attempting to access an undefined data model element" time="0.000237542">
        </testcase>
        <testcase classname="test/api/ErrorConditions.spec.ts" name="Error Conditions Tests &gt; SCORM 2004 Error Conditions &gt; Data Model Errors &gt; should set READ_ONLY_ELEMENT (404) error when attempting to set a read-only element" time="0.00025775">
        </testcase>
        <testcase classname="test/api/ErrorConditions.spec.ts" name="Error Conditions Tests &gt; SCORM 2004 Error Conditions &gt; Data Model Errors &gt; should set WRITE_ONLY_ELEMENT (405) error when attempting to get a write-only element" time="0.0003065">
        </testcase>
        <testcase classname="test/api/ErrorConditions.spec.ts" name="Error Conditions Tests &gt; SCORM 2004 Error Conditions &gt; Data Model Errors &gt; should set TYPE_MISMATCH (406) error when setting a value with incorrect data type" time="0.000134791">
        </testcase>
        <testcase classname="test/api/ErrorConditions.spec.ts" name="Error Conditions Tests &gt; SCORM 2004 Error Conditions &gt; Data Model Errors &gt; should set VALUE_OUT_OF_RANGE (407) error when setting a value outside the allowed range" time="0.000264083">
        </testcase>
        <testcase classname="test/api/ErrorConditions.spec.ts" name="Error Conditions Tests &gt; SCORM 2004 Error Conditions &gt; Data Model Errors &gt; should set DEPENDENCY_NOT_ESTABLISHED (408) error when a dependency is not met" time="0.000219708">
        </testcase>
        <testcase classname="test/api/ErrorConditions.spec.ts" name="Error Conditions Tests &gt; SCORM 1.2 Error Conditions &gt; Initialization and Termination Errors &gt; should set INITIALIZED (101) error when attempting to initialize an already initialized API" time="0.000310708">
        </testcase>
        <testcase classname="test/api/ErrorConditions.spec.ts" name="Error Conditions Tests &gt; SCORM 1.2 Error Conditions &gt; Initialization and Termination Errors &gt; should set TERMINATION_BEFORE_INIT (101) error when attempting to terminate before initializing" time="0.000097584">
        </testcase>
        <testcase classname="test/api/ErrorConditions.spec.ts" name="Error Conditions Tests &gt; SCORM 1.2 Error Conditions &gt; Initialization and Termination Errors &gt; should set MULTIPLE_TERMINATION (101) error when attempting to terminate an already terminated API" time="0.000270334">
        </testcase>
        <testcase classname="test/api/ErrorConditions.spec.ts" name="Error Conditions Tests &gt; SCORM 1.2 Error Conditions &gt; Data Access Errors &gt; should set RETRIEVE_BEFORE_INIT (301) error when attempting to get a value before initializing" time="0.000056417">
        </testcase>
        <testcase classname="test/api/ErrorConditions.spec.ts" name="Error Conditions Tests &gt; SCORM 1.2 Error Conditions &gt; Data Access Errors &gt; should set STORE_BEFORE_INIT (301) error when attempting to set a value before initializing" time="0.000086375">
        </testcase>
        <testcase classname="test/api/ErrorConditions.spec.ts" name="Error Conditions Tests &gt; SCORM 1.2 Error Conditions &gt; Data Access Errors &gt; should set COMMIT_BEFORE_INIT (301) error when attempting to commit before initializing" time="0.0000595">
        </testcase>
        <testcase classname="test/api/ErrorConditions.spec.ts" name="Error Conditions Tests &gt; SCORM 1.2 Error Conditions &gt; Data Model Errors &gt; should set UNDEFINED_DATA_MODEL (401) error when attempting to access an undefined data model element" time="0.000130708">
        </testcase>
        <testcase classname="test/api/ErrorConditions.spec.ts" name="Error Conditions Tests &gt; SCORM 1.2 Error Conditions &gt; Data Model Errors &gt; should set INVALID_SET_VALUE (402) error when setting an invalid value" time="0.000125459">
        </testcase>
        <testcase classname="test/api/ErrorConditions.spec.ts" name="Error Conditions Tests &gt; SCORM 1.2 Error Conditions &gt; Data Model Errors &gt; should set READ_ONLY_ELEMENT (403) error when attempting to set a read-only element" time="0.000148959">
        </testcase>
        <testcase classname="test/api/ErrorConditions.spec.ts" name="Error Conditions Tests &gt; SCORM 1.2 Error Conditions &gt; Data Model Errors &gt; should set WRITE_ONLY_ELEMENT (404) error when attempting to get a write-only element" time="0.000109209">
        </testcase>
        <testcase classname="test/api/ErrorConditions.spec.ts" name="Error Conditions Tests &gt; SCORM 1.2 Error Conditions &gt; Data Model Errors &gt; should set TYPE_MISMATCH (405) error when setting a value with incorrect data type" time="0.000094">
        </testcase>
        <testcase classname="test/api/ErrorConditions.spec.ts" name="Error Conditions Tests &gt; SCORM 1.2 Error Conditions &gt; Data Model Errors &gt; should set VALUE_OUT_OF_RANGE (407) error when setting a value outside the allowed range" time="0.000113625">
        </testcase>
        <testcase classname="test/api/ErrorConditions.spec.ts" name="Error Conditions Tests &gt; SCORM 1.2 Error Conditions &gt; Data Model Errors &gt; should set DEPENDENCY_NOT_ESTABLISHED (408) error when a dependency is not met" time="0.000160625">
        </testcase>
        <testcase classname="test/api/ErrorConditions.spec.ts" name="Error Conditions Tests &gt; AICC Error Conditions &gt; Initialization and Termination Errors &gt; should set INITIALIZED (101) error when attempting to initialize an already initialized API" time="0.000282667">
        </testcase>
        <testcase classname="test/api/ErrorConditions.spec.ts" name="Error Conditions Tests &gt; AICC Error Conditions &gt; Initialization and Termination Errors &gt; should set TERMINATION_BEFORE_INIT (101) error when attempting to terminate before initializing" time="0.000055417">
        </testcase>
        <testcase classname="test/api/ErrorConditions.spec.ts" name="Error Conditions Tests &gt; AICC Error Conditions &gt; Initialization and Termination Errors &gt; should set MULTIPLE_TERMINATION (101) error when attempting to terminate an already terminated API" time="0.000225625">
        </testcase>
        <testcase classname="test/api/ErrorConditions.spec.ts" name="Error Conditions Tests &gt; AICC Error Conditions &gt; Data Access Errors &gt; should set RETRIEVE_BEFORE_INIT (301) error when attempting to get a value before initializing" time="0.000055667">
        </testcase>
        <testcase classname="test/api/ErrorConditions.spec.ts" name="Error Conditions Tests &gt; AICC Error Conditions &gt; Data Access Errors &gt; should set STORE_BEFORE_INIT (301) error when attempting to set a value before initializing" time="0.00005625">
        </testcase>
        <testcase classname="test/api/ErrorConditions.spec.ts" name="Error Conditions Tests &gt; AICC Error Conditions &gt; Data Access Errors &gt; should set COMMIT_BEFORE_INIT (301) error when attempting to commit before initializing" time="0.00005675">
        </testcase>
        <testcase classname="test/api/ErrorConditions.spec.ts" name="Error Conditions Tests &gt; AICC Error Conditions &gt; Data Model Errors &gt; should set UNDEFINED_DATA_MODEL (401) error when attempting to access an undefined data model element" time="0.000060791">
        </testcase>
        <testcase classname="test/api/ErrorConditions.spec.ts" name="Error Conditions Tests &gt; AICC Error Conditions &gt; Data Model Errors &gt; should set INVALID_SET_VALUE (402) error when setting an invalid value" time="0.00008825">
        </testcase>
        <testcase classname="test/api/ErrorConditions.spec.ts" name="Error Conditions Tests &gt; AICC Error Conditions &gt; Data Model Errors &gt; should set READ_ONLY_ELEMENT (403) error when attempting to set a read-only element" time="0.000154959">
        </testcase>
        <testcase classname="test/api/ErrorConditions.spec.ts" name="Error Conditions Tests &gt; AICC Error Conditions &gt; Data Model Errors &gt; should set TYPE_MISMATCH (405) error when setting a value with incorrect data type" time="0.000083375">
        </testcase>
        <testcase classname="test/api/ErrorConditions.spec.ts" name="Error Conditions Tests &gt; AICC Error Conditions &gt; Data Model Errors &gt; should set VALUE_OUT_OF_RANGE (407) error when setting a value outside the allowed range" time="0.000115542">
        </testcase>
    </testsuite>
    <testsuite name="test/api/EventHandling.spec.ts" timestamp="2025-05-05T03:40:24.971Z" hostname="jonathans-macbook-pro-2.mara-rohu.ts.net" tests="11" failures="0" errors="0" skipped="0" time="0.018340708">
        <testcase classname="test/api/EventHandling.spec.ts" name="Event Handling &gt; Basic Event Registration &gt; should register and trigger a simple event listener" time="0.001953875">
        </testcase>
        <testcase classname="test/api/EventHandling.spec.ts" name="Event Handling &gt; Basic Event Registration &gt; should register and trigger multiple event listeners for the same event" time="0.00027425">
        </testcase>
        <testcase classname="test/api/EventHandling.spec.ts" name="Event Handling &gt; Basic Event Registration &gt; should register and trigger event listeners with CMI element filtering" time="0.001194875">
        </testcase>
        <testcase classname="test/api/EventHandling.spec.ts" name="Event Handling &gt; Event Removal &gt; should remove a specific event listener" time="0.000296458">
        </testcase>
        <testcase classname="test/api/EventHandling.spec.ts" name="Event Handling &gt; Event Removal &gt; should clear all listeners for a specific event" time="0.000167792">
        </testcase>
        <testcase classname="test/api/EventHandling.spec.ts" name="Event Handling &gt; SCORM 2004 Specific Events &gt; should trigger SequenceNext event on autoProgress" time="0.002867792">
        </testcase>
        <testcase classname="test/api/EventHandling.spec.ts" name="Event Handling &gt; SCORM 2004 Specific Events &gt; should trigger navigation events based on adl.nav.request" time="0.002882459">
        </testcase>
        <testcase classname="test/api/EventHandling.spec.ts" name="Event Handling &gt; Commit Events &gt; should trigger CommitSuccess event on successful commit" time="0.002982292">
        </testcase>
        <testcase classname="test/api/EventHandling.spec.ts" name="Event Handling &gt; Commit Events &gt; should trigger CommitError event on failed commit" time="0.002542834">
        </testcase>
        <testcase classname="test/api/EventHandling.spec.ts" name="Event Handling &gt; Wildcard Event Matching &gt; should match events with wildcard patterns" time="0.001928334">
        </testcase>
        <testcase classname="test/api/EventHandling.spec.ts" name="Event Handling &gt; Multiple Event Registration &gt; should register multiple events in a single call" time="0.000335083">
        </testcase>
    </testsuite>
    <testsuite name="test/api/Scorm12API.additional.spec.ts" timestamp="2025-05-05T03:40:24.972Z" hostname="jonathans-macbook-pro-2.mara-rohu.ts.net" tests="18" failures="0" errors="0" skipped="0" time="0.006938833">
        <testcase classname="test/api/Scorm12API.additional.spec.ts" name="SCORM 1.2 API Additional Tests &gt; lmsInitialize() &gt; should initialize the API and return SCORM_TRUE" time="0.002372833">
        </testcase>
        <testcase classname="test/api/Scorm12API.additional.spec.ts" name="SCORM 1.2 API Additional Tests &gt; lmsInitialize() &gt; should set statusSetByModule to true if lesson_status is already set" time="0.000334584">
        </testcase>
        <testcase classname="test/api/Scorm12API.additional.spec.ts" name="SCORM 1.2 API Additional Tests &gt; internalFinish() &gt; should call terminate with &apos;LMSFinish&apos; and true" time="0.000321125">
        </testcase>
        <testcase classname="test/api/Scorm12API.additional.spec.ts" name="SCORM 1.2 API Additional Tests &gt; internalFinish() &gt; should process &apos;SequenceNext&apos; listener when nav.event is &apos;continue&apos;" time="0.000171375">
        </testcase>
        <testcase classname="test/api/Scorm12API.additional.spec.ts" name="SCORM 1.2 API Additional Tests &gt; internalFinish() &gt; should process &apos;SequencePrevious&apos; listener when nav.event is not &apos;continue&apos;" time="0.000193625">
        </testcase>
        <testcase classname="test/api/Scorm12API.additional.spec.ts" name="SCORM 1.2 API Additional Tests &gt; internalFinish() &gt; should process &apos;SequenceNext&apos; listener when autoProgress is true and nav.event is empty" time="0.000124708">
        </testcase>
        <testcase classname="test/api/Scorm12API.additional.spec.ts" name="SCORM 1.2 API Additional Tests &gt; internalFinish() &gt; should not process any listeners when autoProgress is false and nav.event is empty" time="0.000235625">
        </testcase>
        <testcase classname="test/api/Scorm12API.additional.spec.ts" name="SCORM 1.2 API Additional Tests &gt; lmsGetLastError() &gt; should call getLastError with &apos;LMSGetLastError&apos;" time="0.000122667">
        </testcase>
        <testcase classname="test/api/Scorm12API.additional.spec.ts" name="SCORM 1.2 API Additional Tests &gt; lmsGetErrorString() &gt; should call getErrorString with &apos;LMSGetErrorString&apos; and the error code" time="0.000231792">
        </testcase>
        <testcase classname="test/api/Scorm12API.additional.spec.ts" name="SCORM 1.2 API Additional Tests &gt; lmsGetDiagnostic() &gt; should call getDiagnostic with &apos;LMSGetDiagnostic&apos; and the error code" time="0.00018975">
        </testcase>
        <testcase classname="test/api/Scorm12API.additional.spec.ts" name="SCORM 1.2 API Additional Tests &gt; validateCorrectResponse() &gt; should not throw an error (empty implementation)" time="0.000299792">
        </testcase>
        <testcase classname="test/api/Scorm12API.additional.spec.ts" name="SCORM 1.2 API Additional Tests &gt; getLmsErrorMessageDetails() &gt; should return basic message when detail is false" time="0.00010725">
        </testcase>
        <testcase classname="test/api/Scorm12API.additional.spec.ts" name="SCORM 1.2 API Additional Tests &gt; getLmsErrorMessageDetails() &gt; should return detail message when detail is true" time="0.000052">
        </testcase>
        <testcase classname="test/api/Scorm12API.additional.spec.ts" name="SCORM 1.2 API Additional Tests &gt; getLmsErrorMessageDetails() &gt; should handle string error codes" time="0.000166125">
        </testcase>
        <testcase classname="test/api/Scorm12API.additional.spec.ts" name="SCORM 1.2 API Additional Tests &gt; getLmsErrorMessageDetails() &gt; should return &apos;No Error&apos; for unknown error codes" time="0.000054791">
        </testcase>
        <testcase classname="test/api/Scorm12API.additional.spec.ts" name="SCORM 1.2 API Additional Tests &gt; lmsCommit() &gt; should schedule commit when asyncCommit is true" time="0.000197666">
        </testcase>
        <testcase classname="test/api/Scorm12API.additional.spec.ts" name="SCORM 1.2 API Additional Tests &gt; lmsCommit() &gt; should call commit directly when asyncCommit is false" time="0.000163416">
        </testcase>
        <testcase classname="test/api/Scorm12API.additional.spec.ts" name="SCORM 1.2 API Additional Tests &gt; lmsFinish() &gt; should call internalFinish and return SCORM_TRUE" time="0.000087916">
        </testcase>
    </testsuite>
    <testsuite name="test/api/Scorm12API.spec.ts" timestamp="2025-05-05T03:40:24.973Z" hostname="jonathans-macbook-pro-2.mara-rohu.ts.net" tests="118" failures="0" errors="0" skipped="0" time="0.024052458">
        <testcase classname="test/api/Scorm12API.spec.ts" name="SCORM 1.2 API Tests &gt; loadFromJSON() &gt; should load JSON data into the CMI object" time="0.000816625">
        </testcase>
        <testcase classname="test/api/Scorm12API.spec.ts" name="SCORM 1.2 API Tests &gt; loadFromJSON() &gt; should load nested JSON data into the CMI object" time="0.000416042">
        </testcase>
        <testcase classname="test/api/Scorm12API.spec.ts" name="SCORM 1.2 API Tests &gt; loadFromJSON() &gt; should load nested JSON data into the CMI object in a backwards compatible way with v1" time="0.000215375">
        </testcase>
        <testcase classname="test/api/Scorm12API.spec.ts" name="SCORM 1.2 API Tests &gt; loadFromJSON() &gt; should load nested cmi JSON data into the CMI object" time="0.000126334">
        </testcase>
        <testcase classname="test/api/Scorm12API.spec.ts" name="SCORM 1.2 API Tests &gt; loadFromJSON() &gt; should load nested JSON data into the CMI object in a backwards compatible way with v1" time="0.000097625">
        </testcase>
        <testcase classname="test/api/Scorm12API.spec.ts" name="SCORM 1.2 API Tests &gt; loadFromJSON() &gt; should handle empty JSON data" time="0.000154042">
        </testcase>
        <testcase classname="test/api/Scorm12API.spec.ts" name="SCORM 1.2 API Tests &gt; loadFromJSON() &gt; should not load data if API is initialized" time="0.000594791">
            <system-err>
loadFromJSON can only be called before the call to lmsInitialize.

            </system-err>
        </testcase>
        <testcase classname="test/api/Scorm12API.spec.ts" name="SCORM 1.2 API Tests &gt; LMSSetValue() &gt; Field: cmi.core.score.raw &gt; Should successfully write &apos;1&apos; to cmi.core.score.raw" time="0.000103">
        </testcase>
        <testcase classname="test/api/Scorm12API.spec.ts" name="SCORM 1.2 API Tests &gt; LMSSetValue() &gt; Field: cmi.core.score.raw &gt; Should successfully write &apos;50.25&apos; to cmi.core.score.raw" time="0.000087458">
        </testcase>
        <testcase classname="test/api/Scorm12API.spec.ts" name="SCORM 1.2 API Tests &gt; LMSSetValue() &gt; Field: cmi.core.score.raw &gt; Should successfully write &apos;70&apos; to cmi.core.score.raw" time="0.000047916">
        </testcase>
        <testcase classname="test/api/Scorm12API.spec.ts" name="SCORM 1.2 API Tests &gt; LMSSetValue() &gt; Field: cmi.core.score.raw &gt; Should successfully write &apos;100&apos; to cmi.core.score.raw" time="0.000035">
        </testcase>
        <testcase classname="test/api/Scorm12API.spec.ts" name="SCORM 1.2 API Tests &gt; LMSSetValue() &gt; Field: cmi.core.score.raw &gt; Should successfully write &apos;1&apos; to cmi.core.score.raw" time="0.000073584">
        </testcase>
        <testcase classname="test/api/Scorm12API.spec.ts" name="SCORM 1.2 API Tests &gt; LMSSetValue() &gt; Field: cmi.core.score.raw &gt; Should successfully write &apos;50.25&apos; to cmi.core.score.raw" time="0.000284709">
        </testcase>
        <testcase classname="test/api/Scorm12API.spec.ts" name="SCORM 1.2 API Tests &gt; LMSSetValue() &gt; Field: cmi.core.score.raw &gt; Should successfully write &apos;70&apos; to cmi.core.score.raw" time="0.000273542">
        </testcase>
        <testcase classname="test/api/Scorm12API.spec.ts" name="SCORM 1.2 API Tests &gt; LMSSetValue() &gt; Field: cmi.core.score.raw &gt; Should successfully write &apos;100&apos; to cmi.core.score.raw" time="0.000066708">
        </testcase>
        <testcase classname="test/api/Scorm12API.spec.ts" name="SCORM 1.2 API Tests &gt; LMSSetValue() &gt; Field: cmi.core.score.raw &gt; Should fail to write &apos;invalid&apos; to cmi.core.score.raw" time="0.000188">
        </testcase>
        <testcase classname="test/api/Scorm12API.spec.ts" name="SCORM 1.2 API Tests &gt; LMSSetValue() &gt; Field: cmi.core.score.raw &gt; Should fail to write &apos;a100&apos; to cmi.core.score.raw" time="0.000053666">
        </testcase>
        <testcase classname="test/api/Scorm12API.spec.ts" name="SCORM 1.2 API Tests &gt; LMSSetValue() &gt; Field: cmi.core.score.raw &gt; Should fail to write &apos;-1&apos; to cmi.core.score.raw" time="0.000090792">
        </testcase>
        <testcase classname="test/api/Scorm12API.spec.ts" name="SCORM 1.2 API Tests &gt; LMSSetValue() &gt; Field: cmi.core.score.raw &gt; Should fail to write &apos;101&apos; to cmi.core.score.raw" time="0.0000505">
        </testcase>
        <testcase classname="test/api/Scorm12API.spec.ts" name="SCORM 1.2 API Tests &gt; LMSSetValue() &gt; Field: cmi.core.score.raw &gt; Should fail to write &apos;-100000&apos; to cmi.core.score.raw" time="0.000070541">
        </testcase>
        <testcase classname="test/api/Scorm12API.spec.ts" name="SCORM 1.2 API Tests &gt; LMSSetValue() &gt; Field: cmi.core.score.raw &gt; Should fail to write &apos;100000&apos; to cmi.core.score.raw" time="0.000034459">
        </testcase>
        <testcase classname="test/api/Scorm12API.spec.ts" name="SCORM 1.2 API Tests &gt; LMSSetValue() &gt; Field: cmi.core.score.min &gt; Should successfully write &apos;1&apos; to cmi.core.score.min" time="0.000039292">
        </testcase>
        <testcase classname="test/api/Scorm12API.spec.ts" name="SCORM 1.2 API Tests &gt; LMSSetValue() &gt; Field: cmi.core.score.min &gt; Should successfully write &apos;50.25&apos; to cmi.core.score.min" time="0.000032">
        </testcase>
        <testcase classname="test/api/Scorm12API.spec.ts" name="SCORM 1.2 API Tests &gt; LMSSetValue() &gt; Field: cmi.core.score.min &gt; Should successfully write &apos;70&apos; to cmi.core.score.min" time="0.000034708">
        </testcase>
        <testcase classname="test/api/Scorm12API.spec.ts" name="SCORM 1.2 API Tests &gt; LMSSetValue() &gt; Field: cmi.core.score.min &gt; Should successfully write &apos;100&apos; to cmi.core.score.min" time="0.00003">
        </testcase>
        <testcase classname="test/api/Scorm12API.spec.ts" name="SCORM 1.2 API Tests &gt; LMSSetValue() &gt; Field: cmi.core.score.min &gt; Should successfully write &apos;1&apos; to cmi.core.score.min" time="0.000026542">
        </testcase>
        <testcase classname="test/api/Scorm12API.spec.ts" name="SCORM 1.2 API Tests &gt; LMSSetValue() &gt; Field: cmi.core.score.min &gt; Should successfully write &apos;50.25&apos; to cmi.core.score.min" time="0.000028458">
        </testcase>
        <testcase classname="test/api/Scorm12API.spec.ts" name="SCORM 1.2 API Tests &gt; LMSSetValue() &gt; Field: cmi.core.score.min &gt; Should successfully write &apos;70&apos; to cmi.core.score.min" time="0.000024958">
        </testcase>
        <testcase classname="test/api/Scorm12API.spec.ts" name="SCORM 1.2 API Tests &gt; LMSSetValue() &gt; Field: cmi.core.score.min &gt; Should successfully write &apos;100&apos; to cmi.core.score.min" time="0.000024875">
        </testcase>
        <testcase classname="test/api/Scorm12API.spec.ts" name="SCORM 1.2 API Tests &gt; LMSSetValue() &gt; Field: cmi.core.score.min &gt; Should fail to write &apos;invalid&apos; to cmi.core.score.min" time="0.000038292">
        </testcase>
        <testcase classname="test/api/Scorm12API.spec.ts" name="SCORM 1.2 API Tests &gt; LMSSetValue() &gt; Field: cmi.core.score.min &gt; Should fail to write &apos;a100&apos; to cmi.core.score.min" time="0.000033875">
        </testcase>
[...]
        </testcase>
        <testcase classname="test/cmi/scorm2004/sequencing/sequencing_controls.spec.ts" name="SequencingControls &gt; property getters and setters &gt; should set and get objectiveMeasureWeight property" time="0.000028167">
        </testcase>
        <testcase classname="test/cmi/scorm2004/sequencing/sequencing_controls.spec.ts" name="SequencingControls &gt; property getters and setters &gt; should not set objectiveMeasureWeight outside valid range" time="0.000925708">
        </testcase>
        <testcase classname="test/cmi/scorm2004/sequencing/sequencing_controls.spec.ts" name="SequencingControls &gt; navigation methods &gt; isChoiceNavigationAllowed should return correct value" time="0.000081667">
        </testcase>
        <testcase classname="test/cmi/scorm2004/sequencing/sequencing_controls.spec.ts" name="SequencingControls &gt; navigation methods &gt; isFlowNavigationAllowed should return correct value" time="0.00027925">
        </testcase>
        <testcase classname="test/cmi/scorm2004/sequencing/sequencing_controls.spec.ts" name="SequencingControls &gt; navigation methods &gt; isForwardNavigationAllowed should return correct value" time="0.000113417">
        </testcase>
        <testcase classname="test/cmi/scorm2004/sequencing/sequencing_controls.spec.ts" name="SequencingControls &gt; navigation methods &gt; isBackwardNavigationAllowed should return correct value" time="0.000068041">
        </testcase>
        <testcase classname="test/cmi/scorm2004/sequencing/sequencing_controls.spec.ts" name="SequencingControls &gt; toJSON &gt; should return a JSON representation of the controls" time="0.000537042">
        </testcase>
    </testsuite>
    <testsuite name="test/cmi/scorm2004/sequencing/sequencing_rule_additional_edge_cases.spec.ts" timestamp="2025-05-05T03:40:25.099Z" hostname="jonathans-macbook-pro-2.mara-rohu.ts.net" tests="14" failures="0" errors="0" skipped="0" time="0.003207416">
        <testcase classname="test/cmi/scorm2004/sequencing/sequencing_rule_additional_edge_cases.spec.ts" name="SequencingRule Edge Cases &gt; constructor &gt; should initialize with default values when no parameters are provided" time="0.000580625">
        </testcase>
        <testcase classname="test/cmi/scorm2004/sequencing/sequencing_rule_additional_edge_cases.spec.ts" name="SequencingRule Edge Cases &gt; constructor &gt; should initialize with provided values" time="0.0001255">
        </testcase>
        <testcase classname="test/cmi/scorm2004/sequencing/sequencing_rule_additional_edge_cases.spec.ts" name="SequencingRule Edge Cases &gt; reset &gt; should reset all properties to their default values" time="0.000162">
        </testcase>
        <testcase classname="test/cmi/scorm2004/sequencing/sequencing_rule_additional_edge_cases.spec.ts" name="SequencingRule Edge Cases &gt; addCondition &gt; should add a condition to the conditions array" time="0.00006125">
        </testcase>
        <testcase classname="test/cmi/scorm2004/sequencing/sequencing_rule_additional_edge_cases.spec.ts" name="SequencingRule Edge Cases &gt; addCondition &gt; should throw an error if the condition is not a RuleCondition" time="0.000339125">
        </testcase>
        <testcase classname="test/cmi/scorm2004/sequencing/sequencing_rule_additional_edge_cases.spec.ts" name="SequencingRule Edge Cases &gt; addCondition &gt; should not add duplicate conditions" time="0.000043958">
        </testcase>
        <testcase classname="test/cmi/scorm2004/sequencing/sequencing_rule_additional_edge_cases.spec.ts" name="SequencingRule Edge Cases &gt; removeCondition &gt; should remove a condition from the conditions array" time="0.000109333">
        </testcase>
        <testcase classname="test/cmi/scorm2004/sequencing/sequencing_rule_additional_edge_cases.spec.ts" name="SequencingRule Edge Cases &gt; removeCondition &gt; should throw an error if the condition is not a RuleCondition" time="0.000071875">
        </testcase>
        <testcase classname="test/cmi/scorm2004/sequencing/sequencing_rule_additional_edge_cases.spec.ts" name="SequencingRule Edge Cases &gt; removeCondition &gt; should not throw an error if the condition is not in the array" time="0.000133125">
        </testcase>
        <testcase classname="test/cmi/scorm2004/sequencing/sequencing_rule_additional_edge_cases.spec.ts" name="SequencingRule Edge Cases &gt; evaluate &gt; should return true if there are no conditions" time="0.00015775">
        </testcase>
        <testcase classname="test/cmi/scorm2004/sequencing/sequencing_rule_additional_edge_cases.spec.ts" name="SequencingRule Edge Cases &gt; evaluate &gt; should evaluate &apos;all&apos; condition combination correctly" time="0.000131167">
        </testcase>
        <testcase classname="test/cmi/scorm2004/sequencing/sequencing_rule_additional_edge_cases.spec.ts" name="SequencingRule Edge Cases &gt; evaluate &gt; should evaluate &apos;any&apos; condition combination correctly" time="0.000066375">
        </testcase>
        <testcase classname="test/cmi/scorm2004/sequencing/sequencing_rule_additional_edge_cases.spec.ts" name="SequencingRule Edge Cases &gt; evaluate &gt; should return false for invalid condition combination" time="0.000042959">
        </testcase>
        <testcase classname="test/cmi/scorm2004/sequencing/sequencing_rule_additional_edge_cases.spec.ts" name="SequencingRule Edge Cases &gt; toJSON &gt; should return an object with the correct properties" time="0.000434042">
        </testcase>
    </testsuite>
    <testsuite name="test/cmi/scorm2004/sequencing/sequencing_rules.spec.ts" timestamp="2025-05-05T03:40:25.100Z" hostname="jonathans-macbook-pro-2.mara-rohu.ts.net" tests="34" failures="0" errors="0" skipped="0" time="0.005074834">
        <testcase classname="test/cmi/scorm2004/sequencing/sequencing_rules.spec.ts" name="SequencingRules &gt; RuleCondition &gt; constructor &gt; should initialize with default values" time="0.000565958">
        </testcase>
        <testcase classname="test/cmi/scorm2004/sequencing/sequencing_rules.spec.ts" name="SequencingRules &gt; RuleCondition &gt; constructor &gt; should initialize with provided values" time="0.000103291">
        </testcase>
        <testcase classname="test/cmi/scorm2004/sequencing/sequencing_rules.spec.ts" name="SequencingRules &gt; RuleCondition &gt; reset &gt; should reset initialized flag" time="0.000068792">
        </testcase>
        <testcase classname="test/cmi/scorm2004/sequencing/sequencing_rules.spec.ts" name="SequencingRules &gt; RuleCondition &gt; evaluate &gt; should evaluate SATISFIED condition" time="0.00018">
        </testcase>
        <testcase classname="test/cmi/scorm2004/sequencing/sequencing_rules.spec.ts" name="SequencingRules &gt; RuleCondition &gt; evaluate &gt; should evaluate OBJECTIVE_MEASURE_GREATER_THAN condition" time="0.000093334">
        </testcase>
        <testcase classname="test/cmi/scorm2004/sequencing/sequencing_rules.spec.ts" name="SequencingRules &gt; RuleCondition &gt; evaluate &gt; should evaluate COMPLETED condition" time="0.000053958">
        </testcase>
        <testcase classname="test/cmi/scorm2004/sequencing/sequencing_rules.spec.ts" name="SequencingRules &gt; RuleCondition &gt; evaluate &gt; should evaluate ALWAYS condition" time="0.000075417">
        </testcase>
        <testcase classname="test/cmi/scorm2004/sequencing/sequencing_rules.spec.ts" name="SequencingRules &gt; RuleCondition &gt; toJSON &gt; should return a JSON representation of the condition" time="0.000476333">
        </testcase>
        <testcase classname="test/cmi/scorm2004/sequencing/sequencing_rules.spec.ts" name="SequencingRules &gt; SequencingRule &gt; constructor &gt; should initialize with default values" time="0.000097041">
        </testcase>
        <testcase classname="test/cmi/scorm2004/sequencing/sequencing_rules.spec.ts" name="SequencingRules &gt; SequencingRule &gt; constructor &gt; should initialize with provided values" time="0.000120417">
        </testcase>
        <testcase classname="test/cmi/scorm2004/sequencing/sequencing_rules.spec.ts" name="SequencingRules &gt; SequencingRule &gt; reset &gt; should reset initialized flag and conditions" time="0.000080083">
        </testcase>
        <testcase classname="test/cmi/scorm2004/sequencing/sequencing_rules.spec.ts" name="SequencingRules &gt; SequencingRule &gt; addCondition &gt; should add a condition to the rule" time="0.000335375">
        </testcase>
        <testcase classname="test/cmi/scorm2004/sequencing/sequencing_rules.spec.ts" name="SequencingRules &gt; SequencingRule &gt; addCondition &gt; should throw an error if condition is not a RuleCondition" time="0.000182292">
        </testcase>
        <testcase classname="test/cmi/scorm2004/sequencing/sequencing_rules.spec.ts" name="SequencingRules &gt; SequencingRule &gt; removeCondition &gt; should remove a condition from the rule" time="0.000333292">
        </testcase>
        <testcase classname="test/cmi/scorm2004/sequencing/sequencing_rules.spec.ts" name="SequencingRules &gt; SequencingRule &gt; removeCondition &gt; should return false if condition is not found" time="0.000073959">
        </testcase>
        <testcase classname="test/cmi/scorm2004/sequencing/sequencing_rules.spec.ts" name="SequencingRules &gt; SequencingRule &gt; evaluate &gt; should return true if there are no conditions" time="0.000107583">
        </testcase>
        <testcase classname="test/cmi/scorm2004/sequencing/sequencing_rules.spec.ts" name="SequencingRules &gt; SequencingRule &gt; evaluate &gt; should evaluate conditions with AND combination" time="0.000084667">
        </testcase>
        <testcase classname="test/cmi/scorm2004/sequencing/sequencing_rules.spec.ts" name="SequencingRules &gt; SequencingRule &gt; evaluate &gt; should evaluate conditions with OR combination" time="0.000076584">
        </testcase>
        <testcase classname="test/cmi/scorm2004/sequencing/sequencing_rules.spec.ts" name="SequencingRules &gt; SequencingRule &gt; toJSON &gt; should return a JSON representation of the rule" time="0.000107916">
        </testcase>
        <testcase classname="test/cmi/scorm2004/sequencing/sequencing_rules.spec.ts" name="SequencingRules &gt; SequencingRules &gt; constructor &gt; should initialize with empty rule arrays" time="0.000091834">
        </testcase>
        <testcase classname="test/cmi/scorm2004/sequencing/sequencing_rules.spec.ts" name="SequencingRules &gt; SequencingRules &gt; reset &gt; should reset initialized flag and rule arrays" time="0.000113083">
        </testcase>
        <testcase classname="test/cmi/scorm2004/sequencing/sequencing_rules.spec.ts" name="SequencingRules &gt; SequencingRules &gt; addPreConditionRule &gt; should add a rule to preConditionRules" time="0.000099">
        </testcase>
        <testcase classname="test/cmi/scorm2004/sequencing/sequencing_rules.spec.ts" name="SequencingRules &gt; SequencingRules &gt; addPreConditionRule &gt; should throw an error if rule is not a SequencingRule" time="0.000044417">
        </testcase>
        <testcase classname="test/cmi/scorm2004/sequencing/sequencing_rules.spec.ts" name="SequencingRules &gt; SequencingRules &gt; addExitConditionRule &gt; should add a rule to exitConditionRules" time="0.000079291">
        </testcase>
        <testcase classname="test/cmi/scorm2004/sequencing/sequencing_rules.spec.ts" name="SequencingRules &gt; SequencingRules &gt; addExitConditionRule &gt; should throw an error if rule is not a SequencingRule" time="0.000035958">
        </testcase>
        <testcase classname="test/cmi/scorm2004/sequencing/sequencing_rules.spec.ts" name="SequencingRules &gt; SequencingRules &gt; addPostConditionRule &gt; should add a rule to postConditionRules" time="0.000059125">
        </testcase>
        <testcase classname="test/cmi/scorm2004/sequencing/sequencing_rules.spec.ts" name="SequencingRules &gt; SequencingRules &gt; addPostConditionRule &gt; should throw an error if rule is not a SequencingRule" time="0.000033958">
        </testcase>
        <testcase classname="test/cmi/scorm2004/sequencing/sequencing_rules.spec.ts" name="SequencingRules &gt; SequencingRules &gt; evaluatePreConditionRules &gt; should return null if no rules match" time="0.000044542">
        </testcase>
        <testcase classname="test/cmi/scorm2004/sequencing/sequencing_rules.spec.ts" name="SequencingRules &gt; SequencingRules &gt; evaluatePreConditionRules &gt; should return the action of the first matching rule" time="0.000088208">
        </testcase>
        <testcase classname="test/cmi/scorm2004/sequencing/sequencing_rules.spec.ts" name="SequencingRules &gt; SequencingRules &gt; evaluateExitConditionRules &gt; should return null if no rules match" time="0.000046667">
        </testcase>
        <testcase classname="test/cmi/scorm2004/sequencing/sequencing_rules.spec.ts" name="SequencingRules &gt; SequencingRules &gt; evaluateExitConditionRules &gt; should return the action of the first matching rule" time="0.000035708">
        </testcase>
        <testcase classname="test/cmi/scorm2004/sequencing/sequencing_rules.spec.ts" name="SequencingRules &gt; SequencingRules &gt; evaluatePostConditionRules &gt; should return null if no rules match" time="0.000035917">
        </testcase>
        <testcase classname="test/cmi/scorm2004/sequencing/sequencing_rules.spec.ts" name="SequencingRules &gt; SequencingRules &gt; evaluatePostConditionRules &gt; should return the action of the first matching rule" time="0.000034125">
        </testcase>
        <testcase classname="test/cmi/scorm2004/sequencing/sequencing_rules.spec.ts" name="SequencingRules &gt; SequencingRules &gt; toJSON &gt; should return a JSON representation of the rules" time="0.000142459">
        </testcase>
    </testsuite>
    <testsuite name="test/cmi/scorm2004/sequencing/sequencing_rules_additional.spec.ts" timestamp="2025-05-05T03:40:25.101Z" hostname="jonathans-macbook-pro-2.mara-rohu.ts.net" tests="11" failures="0" errors="0" skipped="0" time="0.003188833">
        <testcase classname="test/cmi/scorm2004/sequencing/sequencing_rules_additional.spec.ts" name="Additional SequencingRules Tests &gt; RuleCondition &gt; evaluate &gt; should evaluate OBJECTIVE_STATUS_KNOWN condition" time="0.00060275">
        </testcase>
        <testcase classname="test/cmi/scorm2004/sequencing/sequencing_rules_additional.spec.ts" name="Additional SequencingRules Tests &gt; RuleCondition &gt; evaluate &gt; should evaluate OBJECTIVE_MEASURE_KNOWN condition" time="0.0005645">
        </testcase>
        <testcase classname="test/cmi/scorm2004/sequencing/sequencing_rules_additional.spec.ts" name="Additional SequencingRules Tests &gt; RuleCondition &gt; evaluate &gt; should evaluate OBJECTIVE_MEASURE_LESS_THAN condition" time="0.000641042">
        </testcase>
        <testcase classname="test/cmi/scorm2004/sequencing/sequencing_rules_additional.spec.ts" name="Additional SequencingRules Tests &gt; RuleCondition &gt; evaluate &gt; should evaluate PROGRESS_KNOWN condition" time="0.00009775">
        </testcase>
        <testcase classname="test/cmi/scorm2004/sequencing/sequencing_rules_additional.spec.ts" name="Additional SequencingRules Tests &gt; RuleCondition &gt; evaluate &gt; should evaluate ATTEMPTED condition" time="0.000107291">
        </testcase>
        <testcase classname="test/cmi/scorm2004/sequencing/sequencing_rules_additional.spec.ts" name="Additional SequencingRules Tests &gt; RuleCondition &gt; evaluate &gt; should evaluate ATTEMPT_LIMIT_EXCEEDED condition" time="0.000075375">
        </testcase>
        <testcase classname="test/cmi/scorm2004/sequencing/sequencing_rules_additional.spec.ts" name="Additional SequencingRules Tests &gt; RuleCondition &gt; evaluate &gt; should evaluate TIME_LIMIT_EXCEEDED condition" time="0.000070958">
        </testcase>
        <testcase classname="test/cmi/scorm2004/sequencing/sequencing_rules_additional.spec.ts" name="Additional SequencingRules Tests &gt; RuleCondition &gt; evaluate &gt; should evaluate OUTSIDE_AVAILABLE_TIME_RANGE condition" time="0.000035542">
        </testcase>
        <testcase classname="test/cmi/scorm2004/sequencing/sequencing_rules_additional.spec.ts" name="Additional SequencingRules Tests &gt; RuleCondition &gt; evaluate &gt; should apply NOT operator to condition result" time="0.000115375">
        </testcase>
        <testcase classname="test/cmi/scorm2004/sequencing/sequencing_rules_additional.spec.ts" name="Additional SequencingRules Tests &gt; RuleCondition &gt; evaluate &gt; should handle unknown condition types" time="0.00005525">
        </testcase>
        <testcase classname="test/cmi/scorm2004/sequencing/sequencing_rules_additional.spec.ts" name="Additional SequencingRules Tests &gt; SequencingRule &gt; evaluate &gt; should return false if conditionCombination is neither AND nor OR" time="0.000087708">
        </testcase>
    </testsuite>
    <testsuite name="test/cmi/scorm2004/sequencing/sequencing_rules_additional_edge_cases.spec.ts" timestamp="2025-05-05T03:40:25.102Z" hostname="jonathans-macbook-pro-2.mara-rohu.ts.net" tests="8" failures="0" errors="0" skipped="0" time="0.002299542">
        <testcase classname="test/cmi/scorm2004/sequencing/sequencing_rules_additional_edge_cases.spec.ts" name="SequencingRules Edge Cases &gt; evaluatePreConditionRules &gt; should return null when there are no pre-condition rules" time="0.000564416">
        </testcase>
        <testcase classname="test/cmi/scorm2004/sequencing/sequencing_rules_additional_edge_cases.spec.ts" name="SequencingRules Edge Cases &gt; evaluatePreConditionRules &gt; should return the action of the first rule that evaluates to true when multiple rules match" time="0.000196">
        </testcase>
        <testcase classname="test/cmi/scorm2004/sequencing/sequencing_rules_additional_edge_cases.spec.ts" name="SequencingRules Edge Cases &gt; evaluatePreConditionRules &gt; should handle a rule with null action" time="0.000124292">
        </testcase>
        <testcase classname="test/cmi/scorm2004/sequencing/sequencing_rules_additional_edge_cases.spec.ts" name="SequencingRules Edge Cases &gt; evaluateExitConditionRules &gt; should return null when there are no exit condition rules" time="0.000064708">
        </testcase>
        <testcase classname="test/cmi/scorm2004/sequencing/sequencing_rules_additional_edge_cases.spec.ts" name="SequencingRules Edge Cases &gt; evaluateExitConditionRules &gt; should return the action of the first rule that evaluates to true when multiple rules match" time="0.000075">
        </testcase>
        <testcase classname="test/cmi/scorm2004/sequencing/sequencing_rules_additional_edge_cases.spec.ts" name="SequencingRules Edge Cases &gt; evaluatePostConditionRules &gt; should return null when there are no post-condition rules" time="0.000044583">
        </testcase>
        <testcase classname="test/cmi/scorm2004/sequencing/sequencing_rules_additional_edge_cases.spec.ts" name="SequencingRules Edge Cases &gt; evaluatePostConditionRules &gt; should return the action of the first rule that evaluates to true when multiple rules match" time="0.0001225">
        </testcase>
        <testcase classname="test/cmi/scorm2004/sequencing/sequencing_rules_additional_edge_cases.spec.ts" name="SequencingRules Edge Cases &gt; toJSON &gt; should return an object with the correct properties" time="0.000628084">
        </testcase>
    </testsuite>
    <testsuite name="test/cmi/scorm2004/sequencing/sequencing_rules_setters.spec.ts" timestamp="2025-05-05T03:40:25.102Z" hostname="jonathans-macbook-pro-2.mara-rohu.ts.net" tests="1" failures="0" errors="0" skipped="0" time="0.001022125">
        <testcase classname="test/cmi/scorm2004/sequencing/sequencing_rules_setters.spec.ts" name="Sequencing Rules Setters &gt; action setter &gt; should set the action property" time="0.000561041">
        </testcase>
    </testsuite>
</testsuites>
