TN:
SF:src/AICC.ts
FN:21,AICC
FN:39,getChildElement
FN:66,replaceWithAnotherScormAPI
FNF:3
FNH:3
FNDA:87,AICC
FNDA:18,getChildElement
FNDA:1,replaceWithAnotherScormAPI
DA:1,1
DA:2,1
DA:5,1
DA:6,1
DA:7,1
DA:8,1
DA:9,1
DA:11,1
DA:16,1
DA:21,1
DA:22,87
DA:24,87
DA:25,87
DA:26,87
DA:39,1
DA:40,18
DA:41,18
DA:42,18
DA:43,18
DA:44,18
DA:46,18
DA:47,5
DA:48,1
DA:49,5
DA:50,2
DA:51,2
DA:52,1
DA:53,1
DA:54,1
DA:55,1
DA:56,5
DA:58,18
DA:59,18
DA:66,1
DA:68,1
DA:69,1
DA:70,1
DA:71,1
DA:73,1
LF:39
LH:39
BRDA:21,0,0,87
BRDA:39,1,0,18
BRDA:46,2,0,5
BRDA:47,3,0,1
BRDA:49,4,0,4
BRDA:49,5,0,2
BRDA:51,6,0,1
BRDA:66,7,0,1
BRF:8
BRH:8
end_of_record
TN:
SF:src/BaseAPI.ts
FN:64,BaseAPI
FN:104,BaseAPI._eventService
FN:128,BaseAPI._offlineStorageService
FN:169,get lastErrorCode
FN:177,set lastErrorCode
FN:197,commonReset
FN:225,initialize
FN:405,apiLog
FN:418,get settings
FN:426,set settings
FN:454,terminate
FN:512,getValue
FN:556,setValue
FN:618,commit
FN:680,getLastError
FN:697,getErrorString
FN:717,getDiagnostic
FN:738,checkState
FN:759,getLmsErrorMessageDetails
FN:771,getCMIValue
FN:784,setCMIValue
FN:797,_commonSetCMIValue
FN:917,_commonGetCMIValue
FN:1003,isInitialized
FN:1012,isNotInitialized
FN:1021,isTerminated
FN:1043,on
FN:1061,off
FN:1074,clear
FN:1087,processListeners
FN:1103,throwSCORMError
FN:1117,clearSCORMError
FN:1136,loadFromFlattenedJSON
FN:1146,_serializationService.loadFromFlattenedJSON.startingData
FN:1156,getFlattenedCMI
FN:1180,loadFromJSON
FN:1193,_serializationService.loadFromJSON.startingData
FN:1211,renderCMIToJSONString
FN:1226,renderCMIToJSONObject
FN:1239,processHttpRequest
FN:1296,scheduleCommit
FN:1312,clearScheduledCommit
FN:1348,_checkObjectHasProperty
FN:1385,handleValueAccessException
FN:1421,getCommitObject
FNF:45
FNH:44
FNDA:556,BaseAPI
FNDA:1306,BaseAPI._eventService
FNDA:0,BaseAPI._offlineStorageService
FNDA:2623,get lastErrorCode
FNDA:1015,set lastErrorCode
FNDA:8,commonReset
FNDA:205,initialize
FNDA:4486,apiLog
FNDA:3610,get settings
FNDA:491,set settings
FNDA:20,terminate
FNDA:648,getValue
FNDA:818,setValue
FNDA:57,commit
FNDA:243,getLastError
FNDA:6,getErrorString
FNDA:6,getDiagnostic
FNDA:1542,checkState
FNDA:1,getLmsErrorMessageDetails
FNDA:1,getCMIValue
FNDA:2,setCMIValue
FNDA:700,_commonSetCMIValue
FNDA:258,_commonGetCMIValue
FNDA:224,isInitialized
FNDA:2752,isNotInitialized
FNDA:763,isTerminated
FNDA:39,on
FNDA:4,off
FNDA:4,clear
FNDA:1220,processListeners
FNDA:1070,throwSCORMError
FNDA:807,clearSCORMError
FNDA:4,loadFromFlattenedJSON
FNDA:1052,_serializationService.loadFromFlattenedJSON.startingData
FNDA:1,getFlattenedCMI
FNDA:130,loadFromJSON
FNDA:155,_serializationService.loadFromJSON.startingData
FNDA:1,renderCMIToJSONString
FNDA:92,renderCMIToJSONObject
FNDA:48,processHttpRequest
FNDA:22,scheduleCommit
FNDA:67,clearScheduledCommit
FNDA:1402,_checkObjectHasProperty
FNDA:93,handleValueAccessException
FNDA:73,getCommitObject
DA:2,1
DA:3,1
DA:4,1
DA:13,1
DA:15,1
DA:16,1
DA:17,1
DA:18,1
DA:19,1
DA:20,1
DA:21,1
DA:22,1
DA:32,1
DA:33,1
DA:39,1
DA:42,1
DA:49,1
DA:64,1
DA:65,556
DA:66,556
DA:67,556
DA:68,556
DA:69,556
DA:70,556
DA:71,556
DA:72,556
DA:73,556
DA:74,556
DA:75,556
DA:76,0
DA:77,0
DA:78,556
DA:80,556
DA:82,556
DA:83,474
DA:84,474
DA:85,474
DA:86,474
DA:87,474
DA:90,556
DA:91,556
DA:94,556
DA:95,556
DA:96,556
DA:99,556
DA:102,556
DA:103,556
DA:104,556
DA:105,1306
DA:106,556
DA:109,556
DA:112,556
DA:113,556
DA:114,556
DA:115,556
DA:116,556
DA:117,1070
DA:118,556
DA:119,556
DA:122,556
DA:123,7
DA:124,7
DA:125,7
DA:126,7
DA:127,7
DA:128,7
DA:129,0
DA:130,7
DA:132,7
DA:133,5
DA:134,5
DA:137,7
DA:138,5
DA:139,5
DA:140,5
DA:141,4
DA:142,1
DA:144,1
DA:145,1
DA:146,5
DA:147,5
DA:148,2
DA:149,2
DA:150,2
DA:151,2
DA:152,2
DA:153,5
DA:154,5
DA:155,7
DA:156,556
DA:169,1
DA:170,2623
DA:171,2623
DA:177,1
DA:178,1015
DA:179,1015
DA:180,1015
DA:181,1015
DA:197,1
DA:198,8
DA:200,8
DA:202,8
DA:203,8
DA:204,8
DA:205,8
DA:206,8
DA:209,8
DA:210,0
DA:212,0
DA:213,0
DA:214,0
DA:215,0
DA:216,8
DA:225,1
DA:226,205
DA:227,205
DA:228,205
DA:229,205
DA:230,205
DA:232,205
DA:233,4
DA:234,205
DA:235,1
DA:236,200
DA:237,200
DA:238,1
DA:239,1
DA:241,200
DA:242,200
DA:243,200
DA:244,200
DA:247,200
DA:248,200
DA:249,0
DA:250,0
DA:251,0
DA:252,0
DA:253,200
DA:254,0
DA:255,0
DA:256,0
DA:257,0
DA:258,0
DA:259,0
DA:260,0
DA:261,0
DA:262,0
DA:263,0
DA:264,0
DA:265,0
DA:266,0
DA:267,0
DA:268,0
DA:269,0
DA:270,200
DA:272,205
DA:273,205
DA:275,205
DA:276,205
DA:405,1
DA:406,4486
DA:408,4486
DA:410,1
DA:411,1
DA:412,4486
DA:418,1
DA:419,3610
DA:420,3610
DA:426,1
DA:427,491
DA:428,491
DA:431,491
DA:434,491
DA:435,463
DA:436,463
DA:437,463
DA:440,491
DA:441,491
DA:442,483
DA:443,491
DA:444,1
DA:445,1
DA:446,491
DA:454,1
DA:455,20
DA:457,20
DA:458,20
DA:459,20
DA:460,20
DA:461,20
DA:462,20
DA:463,20
DA:464,12
DA:466,12
DA:467,12
DA:468,1
DA:469,1
DA:470,1
DA:471,1
DA:472,12
DA:473,1
DA:474,1
DA:475,1
DA:476,1
DA:477,1
DA:478,1
DA:479,1
DA:480,1
DA:481,1
DA:482,1
DA:483,1
DA:484,1
DA:486,12
DA:487,12
DA:488,1
DA:489,1
DA:490,12
DA:492,12
DA:494,12
DA:495,12
DA:496,12
DA:498,20
DA:499,20
DA:501,20
DA:502,20
DA:512,1
DA:513,648
DA:515,648
DA:516,648
DA:517,648
DA:518,648
DA:519,648
DA:520,648
DA:521,648
DA:524,242
DA:525,242
DA:526,242
DA:527,24
DA:528,24
DA:529,242
DA:530,242
DA:532,648
DA:534,648
DA:535,12
DA:536,12
DA:539,648
DA:540,205
DA:541,205
DA:543,636
DA:544,648
DA:556,1
DA:557,818
DA:558,818
DA:559,818
DA:560,818
DA:561,818
DA:562,818
DA:563,818
DA:564,818
DA:565,818
DA:566,818
DA:568,818
DA:569,818
DA:570,818
DA:571,818
DA:572,818
DA:573,818
DA:574,818
DA:577,399
DA:578,399
DA:579,399
DA:580,68
DA:581,68
DA:582,399
DA:583,399
DA:585,818
DA:586,0
DA:587,0
DA:591,818
DA:592,325
DA:593,14
DA:594,14
DA:595,325
DA:597,818
DA:598,818
DA:599,818
DA:600,818
DA:601,818
DA:602,818
DA:605,818
DA:606,325
DA:607,325
DA:609,818
DA:610,818
DA:618,1
DA:619,57
DA:621,57
DA:623,57
DA:624,57
DA:625,57
DA:626,57
DA:627,57
DA:628,57
DA:629,57
DA:630,51
DA:631,51
DA:632,2
DA:633,2
DA:634,51
DA:636,51
DA:638,51
DA:640,51
DA:643,51
DA:644,51
DA:645,1
DA:646,1
DA:647,1
DA:648,51
DA:649,1
DA:650,1
DA:651,1
DA:652,1
DA:653,1
DA:654,1
DA:655,1
DA:656,1
DA:657,0
DA:658,0
DA:659,1
DA:660,1
DA:661,1
DA:662,1
DA:663,51
DA:665,57
DA:668,57
DA:669,50
DA:670,50
DA:672,57
DA:673,57
DA:680,1
DA:681,243
DA:683,243
DA:685,243
DA:687,243
DA:688,243
DA:697,1
DA:698,6
DA:700,6
DA:701,4
DA:702,4
DA:703,4
DA:705,6
DA:707,6
DA:708,6
DA:717,1
DA:718,6
DA:720,6
DA:721,4
DA:722,4
DA:723,4
DA:725,6
DA:727,6
DA:728,6
DA:738,1
DA:739,1542
DA:740,831
DA:741,831
DA:742,1542
DA:743,9
DA:744,9
DA:745,9
DA:747,702
DA:748,1542
DA:759,1
DA:760,1
DA:761,1
DA:771,1
DA:772,1
DA:773,1
DA:784,1
DA:785,2
DA:786,2
DA:797,1
DA:798,700
DA:799,700
DA:800,700
DA:801,700
DA:802,700
DA:803,700
DA:804,0
DA:805,0
DA:807,700
DA:809,700
DA:810,700
DA:811,700
DA:812,700
DA:814,700
DA:815,700
DA:816,419
DA:817,281
DA:819,700
DA:820,2208
DA:822,2208
DA:823,693
DA:824,1
DA:825,0
DA:826,0
DA:827,1
DA:828,1
DA:829,1
DA:830,1
DA:831,1
DA:832,1
DA:833,693
DA:834,1
DA:835,1
DA:836,692
DA:837,691
DA:838,691
DA:839,0
DA:840,0
DA:841,691
DA:842,0
DA:843,0
DA:844,0
DA:845,0
DA:846,0
DA:847,0
DA:849,691
DA:850,691
DA:851,0
DA:852,0
DA:853,0
DA:854,691
DA:855,691
DA:856,691
DA:857,691
DA:858,2208
DA:859,1515
DA:860,1515
DA:861,2
DA:862,2
DA:863,2
DA:865,1515
DA:866,534
DA:869,534
DA:870,511
DA:872,511
DA:873,232
DA:874,232
DA:875,511
DA:876,279
DA:877,279
DA:879,279
DA:880,5
DA:881,0
DA:882,0
DA:883,5
DA:884,279
DA:885,274
DA:886,274
DA:887,274
DA:888,274
DA:889,279
DA:892,506
DA:893,506
DA:894,534
DA:895,1515
DA:896,2208
DA:898,700
DA:899,9
DA:900,9
DA:901,9
DA:902,9
DA:903,9
DA:904,9
DA:906,562
DA:907,700
DA:917,1
DA:918,258
DA:919,0
DA:920,0
DA:922,258
DA:923,258
DA:924,258
DA:926,258
DA:927,258
DA:928,258
DA:929,226
DA:930,32
DA:932,258
DA:933,767
DA:935,767
DA:936,93
DA:937,32
DA:938,8
DA:939,8
DA:940,8
DA:941,32
DA:942,767
DA:943,674
DA:944,674
DA:945,0
DA:946,674
DA:947,0
DA:948,0
DA:949,674
DA:950,4
DA:951,4
DA:952,4
DA:953,674
DA:955,755
DA:956,767
DA:957,0
DA:958,0
DA:959,0
DA:961,767
DA:962,240
DA:965,240
DA:966,239
DA:968,239
DA:969,239
DA:970,239
DA:971,0
DA:972,0
DA:973,0
DA:974,0
DA:975,0
DA:976,0
DA:977,0
DA:980,239
DA:981,239
DA:982,240
DA:983,767
DA:985,258
DA:986,0
DA:987,0
DA:988,0
DA:989,0
DA:990,0
DA:991,0
DA:992,0
DA:993,258
DA:994,223
DA:995,223
DA:996,258
DA:1003,1
DA:1004,224
DA:1005,224
DA:1012,1
DA:1013,2752
DA:1014,2752
DA:1021,1
DA:1022,763
DA:1023,763
DA:1043,1
DA:1044,39
DA:1045,39
DA:1061,1
DA:1062,4
DA:1063,4
DA:1074,1
DA:1075,4
DA:1076,4
DA:1087,1
DA:1088,1220
DA:1089,1220
DA:1103,1
DA:1104,1070
DA:1105,1070
DA:1117,1
DA:1118,807
DA:1119,807
DA:1136,1
DA:1137,4
DA:1139,3
DA:1140,3
DA:1142,4
DA:1143,4
DA:1144,4
DA:1145,4
DA:1146,4
DA:1147,4
DA:1148,1050
DA:1149,1050
DA:1150,4
DA:1151,4
DA:1156,1
DA:1157,1
DA:1158,1
DA:1180,1
DA:1181,130
DA:1182,130
DA:1183,129
DA:1184,121
DA:1185,130
DA:1187,121
DA:1188,121
DA:1189,130
DA:1190,130
DA:1191,130
DA:1192,130
DA:1193,130
DA:1194,130
DA:1195,154
DA:1196,154
DA:1197,130
DA:1198,130
DA:1211,1
DA:1212,1
DA:1213,1
DA:1226,1
DA:1227,92
DA:1228,92
DA:1239,1
DA:1240,48
DA:1241,48
DA:1242,48
DA:1243,48
DA:1245,48
DA:1246,48
DA:1247,2
DA:1248,2
DA:1249,2
DA:1250,48
DA:1251,2
DA:1252,2
DA:1253,2
DA:1254,2
DA:1255,2
DA:1257,2
DA:1258,1
DA:1259,1
DA:1260,1
DA:1261,1
DA:1262,1
DA:1263,1
DA:1264,1
DA:1265,1
DA:1266,1
DA:1267,1
DA:1268,1
DA:1269,1
DA:1270,1
DA:1271,1
DA:1272,1
DA:1273,2
DA:1276,46
DA:1277,46
DA:1278,46
DA:1279,46
DA:1280,46
DA:1281,46
DA:1282,46
DA:1283,48
DA:1296,1
DA:1297,22
DA:1298,16
DA:1299,16
DA:1300,16
DA:1301,22
DA:1312,1
DA:1313,67
DA:1314,12
DA:1315,12
DA:1316,12
DA:1317,12
DA:1318,67
DA:1348,1
DA:1349,1402
DA:1350,1402
DA:1351,951
DA:1352,86
DA:1354,1402
DA:1385,1
DA:1386,93
DA:1387,91
DA:1388,91
DA:1389,91
DA:1390,93
DA:1391,2
DA:1392,1
DA:1393,1
DA:1394,1
DA:1395,1
DA:1396,2
DA:1397,93
DA:1398,93
DA:1421,1
DA:1422,73
DA:1423,73
DA:1424,73
DA:1425,73
DA:1426,73
DA:1427,73
DA:1428,73
DA:1429,73
DA:1430,73
DA:1431,1
LF:699
LH:628
BRDA:64,0,0,556
BRDA:75,1,0,0
BRDA:82,2,0,474
BRDA:122,3,0,7
BRDA:132,4,0,5
BRDA:137,5,0,5
BRDA:104,6,0,1306
BRDA:116,7,0,1070
BRDA:118,8,0,930
BRDA:140,9,0,4
BRDA:141,10,0,1
BRDA:147,11,0,2
BRDA:169,12,0,2623
BRDA:170,13,0,0
BRDA:177,14,0,1015
BRDA:197,15,0,8
BRDA:209,16,0,0
BRDA:225,17,0,205
BRDA:232,18,0,4
BRDA:234,19,0,201
BRDA:234,20,0,200
BRDA:234,21,0,1
BRDA:237,22,0,1
BRDA:248,23,0,0
BRDA:249,24,0,0
BRDA:250,25,0,0
BRDA:251,26,0,0
BRDA:253,27,0,0
BRDA:405,28,0,4486
BRDA:408,29,0,1
BRDA:418,30,0,3610
BRDA:426,31,0,491
BRDA:431,32,0,17
BRDA:434,33,0,483
BRDA:434,34,0,463
BRDA:436,35,0,1
BRDA:441,36,0,483
BRDA:443,37,0,1
BRDA:454,38,0,20
BRDA:463,39,0,12
BRDA:467,40,0,1
BRDA:468,41,0,1
BRDA:469,42,0,1
BRDA:470,43,0,1
BRDA:472,44,0,1
BRDA:487,45,0,0
BRDA:487,46,0,1
BRDA:490,47,0,0
BRDA:512,48,0,648
BRDA:521,49,0,242
BRDA:526,50,0,24
BRDA:534,51,0,645
BRDA:534,52,0,12
BRDA:536,53,0,636
BRDA:539,54,0,205
BRDA:541,55,0,636
BRDA:556,56,0,818
BRDA:574,57,0,399
BRDA:579,58,0,68
BRDA:585,59,0,0
BRDA:591,60,0,325
BRDA:592,61,0,14
BRDA:605,62,0,325
BRDA:618,63,0,57
BRDA:629,64,0,51
BRDA:631,65,0,0
BRDA:631,66,0,2
BRDA:634,67,0,0
BRDA:638,68,0,4
BRDA:644,69,0,1
BRDA:645,70,0,1
BRDA:646,71,0,1
BRDA:648,72,0,1
BRDA:668,73,0,50
BRDA:649,74,0,1
BRDA:652,75,0,1
BRDA:656,76,0,0
BRDA:680,77,0,243
BRDA:697,78,0,6
BRDA:700,79,0,5
BRDA:700,80,0,4
BRDA:717,81,0,6
BRDA:720,82,0,5
BRDA:720,83,0,4
BRDA:738,84,0,1542
BRDA:739,85,0,831
BRDA:742,86,0,734
BRDA:742,87,0,711
BRDA:742,88,0,559
BRDA:742,89,0,9
BRDA:745,90,0,702
BRDA:759,91,0,1
BRDA:771,92,0,1
BRDA:784,93,0,2
BRDA:797,94,0,700
BRDA:803,95,0,0
BRDA:815,96,0,419
BRDA:816,97,0,281
BRDA:819,98,0,2208
BRDA:822,99,0,693
BRDA:823,100,0,412
BRDA:823,101,0,1
BRDA:824,102,0,0
BRDA:833,103,0,692
BRDA:833,104,0,1
BRDA:836,105,0,691
BRDA:838,106,0,0
BRDA:839,107,0,0
BRDA:841,108,0,0
BRDA:849,109,0,410
BRDA:850,110,0,0
BRDA:858,111,0,1515
BRDA:860,112,0,2
BRDA:863,113,0,1513
BRDA:865,114,0,534
BRDA:869,115,0,511
BRDA:872,116,0,232
BRDA:875,117,0,279
BRDA:879,118,0,5
BRDA:880,119,0,0
BRDA:884,120,0,274
BRDA:885,121,0,216
BRDA:889,122,0,506
BRDA:896,123,0,562
BRDA:898,124,0,9
BRDA:904,125,0,562
BRDA:917,126,0,258
BRDA:918,127,0,0
BRDA:928,128,0,226
BRDA:929,129,0,32
BRDA:932,130,0,767
BRDA:935,131,0,93
BRDA:936,132,0,32
BRDA:937,133,0,8
BRDA:942,134,0,674
BRDA:944,135,0,0
BRDA:946,136,0,0
BRDA:949,137,0,4
BRDA:953,138,0,755
BRDA:956,139,0,0
BRDA:959,140,0,732
BRDA:961,141,0,240
BRDA:965,142,0,239
BRDA:970,143,0,0
BRDA:983,144,0,223
BRDA:985,145,0,0
BRDA:993,146,0,223
BRDA:1003,147,0,224
BRDA:1012,148,0,2752
BRDA:1021,149,0,763
BRDA:1043,150,0,39
BRDA:1061,151,0,4
BRDA:1074,152,0,4
BRDA:1087,153,0,1220
BRDA:1103,154,0,1070
BRDA:1117,155,0,807
BRDA:1136,156,0,4
BRDA:1137,157,0,3
BRDA:1145,158,0,142
BRDA:1146,159,0,1052
BRDA:1147,160,0,1050
BRDA:1156,161,0,1
BRDA:1180,162,0,130
BRDA:1182,163,0,1
BRDA:1182,164,0,129
BRDA:1183,165,0,121
BRDA:1185,166,0,121
BRDA:1192,167,0,24
BRDA:1193,168,0,155
BRDA:1194,169,0,154
BRDA:1211,170,0,1
BRDA:1226,171,0,92
BRDA:1239,172,0,48
BRDA:1246,173,0,2
BRDA:1247,174,0,2
BRDA:1248,175,0,2
BRDA:1250,176,0,2
BRDA:1257,177,0,1
BRDA:1273,178,0,46
BRDA:1281,179,0,45
BRDA:1296,180,0,22
BRDA:1297,181,0,16
BRDA:1312,182,0,67
BRDA:1313,183,0,12
BRDA:1348,184,0,1402
BRDA:1350,185,0,951
BRDA:1351,186,0,86
BRDA:1385,187,0,93
BRDA:1386,188,0,91
BRDA:1390,189,0,2
BRDA:1391,190,0,1
BRDA:1391,191,0,1
BRDA:1421,192,0,73
BRDA:1427,193,0,71
BRF:194
BRH:167
end_of_record
TN:
SF:src/CrossFrameAPI.ts
FN:82,CrossFrameAPI
FN:18,get
FN:89,_post
FN:116,_onMessage
FN:127,_capture
FNF:5
FNH:5
FNDA:18,CrossFrameAPI
FNDA:63,get
FNDA:21,_post
FNDA:4,_onMessage
FNDA:4,_capture
DA:3,1
DA:10,1
DA:11,1
DA:12,1
DA:13,1
DA:14,1
DA:17,1
DA:18,1
DA:20,63
DA:21,45
DA:22,45
DA:23,45
DA:26,18
DA:27,18
DA:28,63
DA:29,63
DA:30,63
DA:31,63
DA:33,63
DA:35,18
DA:36,2
DA:37,2
DA:38,2
DA:41,18
DA:42,18
DA:43,18
DA:44,3
DA:45,1
DA:46,1
DA:47,1
DA:48,3
DA:49,1
DA:50,1
DA:51,18
DA:52,18
DA:55,18
DA:56,4
DA:57,4
DA:58,18
DA:60,10
DA:62,10
DA:63,10
DA:64,10
DA:65,1
DA:66,3
DA:67,1
DA:69,1
DA:70,10
DA:71,10
DA:72,10
DA:73,10
DA:74,18
DA:75,3
DA:76,3
DA:77,1
DA:78,18
DA:79,63
DA:80,1
DA:82,1
DA:83,18
DA:84,18
DA:85,18
DA:86,18
DA:89,1
DA:90,21
DA:93,21
DA:94,6
DA:95,1
DA:96,1
DA:97,1
DA:98,5
DA:99,21
DA:101,21
DA:102,21
DA:103,21
DA:104,21
DA:106,21
DA:107,1
DA:108,1
DA:109,1
DA:110,1
DA:111,21
DA:112,21
DA:113,21
DA:116,1
DA:117,4
DA:118,4
DA:119,3
DA:120,3
DA:121,2
DA:122,4
DA:123,1
DA:124,4
DA:127,1
DA:128,4
DA:129,4
DA:130,4
DA:131,4
DA:132,4
DA:133,1
LF:100
LH:100
BRDA:82,0,0,18
BRDA:18,1,0,63
BRDA:20,2,0,45
BRDA:22,3,0,5
BRDA:22,4,0,40
BRDA:23,5,0,18
BRDA:28,6,0,16
BRDA:29,7,0,15
BRDA:30,8,0,17
BRDA:31,9,0,17
BRDA:33,10,0,18
BRDA:35,11,0,2
BRDA:35,12,0,2
BRDA:55,13,0,4
BRDA:55,14,0,4
BRDA:56,15,0,3
BRDA:57,16,0,14
BRDA:58,17,0,10
BRDA:58,18,0,8
BRDA:58,19,0,6
BRDA:58,20,0,10
BRDA:73,21,0,4
BRDA:74,22,0,2
BRDA:74,23,0,3
BRDA:76,24,0,1
BRDA:43,25,0,3
BRDA:44,26,0,1
BRDA:44,27,0,1
BRDA:48,28,0,2
BRDA:48,29,0,1
BRDA:52,30,0,3
BRDA:64,31,0,1
BRDA:65,32,0,3
BRDA:71,33,0,1
BRDA:89,34,0,21
BRDA:93,35,0,6
BRDA:94,36,0,1
BRDA:97,37,0,5
BRDA:101,38,0,21
BRDA:106,39,0,1
BRDA:116,40,0,4
BRDA:118,41,0,1
BRDA:118,42,0,3
BRDA:120,43,0,1
BRDA:120,44,0,2
BRDA:122,45,0,1
BRDA:127,46,0,4
BRDA:129,47,0,1
BRDA:129,48,0,1
BRF:49
BRH:49
end_of_record
TN:
SF:src/CrossFrameLMS.ts
FN:14,CrossFrameLMS
FN:20,_onMessage
FN:26,_process
FNF:3
FNH:3
FNDA:5,CrossFrameLMS
FNDA:3,_onMessage
FNDA:3,_process
DA:10,1
DA:14,1
DA:15,5
DA:16,5
DA:17,5
DA:18,5
DA:20,1
DA:21,3
DA:22,3
DA:23,1
DA:24,3
DA:26,1
DA:27,3
DA:28,3
DA:29,3
DA:30,3
DA:31,1
DA:32,1
DA:33,1
DA:34,3
DA:35,2
DA:36,2
DA:37,3
DA:38,1
DA:39,1
DA:40,3
DA:41,3
DA:42,3
DA:43,3
DA:44,3
DA:45,3
DA:46,3
DA:47,1
LF:33
LH:33
BRDA:14,0,0,5
BRDA:20,1,0,3
BRDA:22,2,0,2
BRDA:22,3,0,2
BRDA:22,4,0,1
BRDA:26,5,0,3
BRDA:30,6,0,1
BRDA:34,7,0,2
BRDA:37,8,0,1
BRF:9
BRH:9
end_of_record
TN:
SF:src/Scorm12API.ts
FN:28,Scorm12API
FN:68,reset
FN:80,lmsInitialize
FN:99,lmsFinish
FN:106,internalFinish
FN:130,lmsGetValue
FN:141,lmsSetValue
FN:153,lmsCommit
FN:169,lmsGetLastError
FN:179,lmsGetErrorString
FN:189,lmsGetDiagnostic
FN:200,setCMIValue
FN:210,getCMIValue
FN:222,getChildElement
FN:248,validateCorrectResponse
FN:259,getLmsErrorMessageDetails
FN:278,replaceWithAnotherScormAPI
FN:290,renderCommitCMI
FN:324,renderCommitObject
FN:362,storeData
FNF:20
FNH:20
FNDA:226,Scorm12API
FNDA:4,reset
FNDA:96,lmsInitialize
FNDA:7,lmsFinish
FNDA:12,internalFinish
FNDA:32,lmsGetValue
FNDA:80,lmsSetValue
FNDA:14,lmsCommit
FNDA:125,lmsGetLastError
FNDA:1,lmsGetErrorString
FNDA:1,lmsGetDiagnostic
FNDA:281,setCMIValue
FNDA:32,getCMIValue
FNDA:83,getChildElement
FNDA:1,validateCorrectResponse
FNDA:78,getLmsErrorMessageDetails
FNDA:1,replaceWithAnotherScormAPI
FNDA:23,renderCommitCMI
FNDA:5,renderCommitObject
FNDA:14,storeData
DA:1,1
DA:2,1
DA:3,1
DA:4,1
DA:5,1
DA:8,1
DA:9,1
DA:14,1
DA:16,1
DA:17,1
DA:18,1
DA:23,1
DA:28,1
DA:29,226
DA:30,226
DA:31,222
DA:32,222
DA:33,226
DA:35,226
DA:37,226
DA:38,226
DA:41,226
DA:42,226
DA:43,226
DA:44,226
DA:45,226
DA:46,226
DA:47,226
DA:48,226
DA:49,226
DA:51,1
DA:68,1
DA:69,4
DA:71,4
DA:72,4
DA:73,4
DA:80,1
DA:81,96
DA:82,96
DA:83,96
DA:84,96
DA:85,0
DA:86,0
DA:87,96
DA:88,96
DA:89,96
DA:90,96
DA:91,96
DA:92,96
DA:99,1
DA:100,7
DA:101,7
DA:102,7
DA:103,7
DA:104,7
DA:106,1
DA:107,12
DA:109,12
DA:110,7
DA:111,2
DA:112,1
DA:113,1
DA:114,1
DA:115,1
DA:116,7
DA:117,1
DA:118,1
DA:119,7
DA:121,12
DA:122,12
DA:130,1
DA:131,32
DA:132,32
DA:141,1
DA:142,80
DA:143,4
DA:144,4
DA:145,80
DA:146,80
DA:153,1
DA:154,14
DA:155,4
DA:156,13
DA:157,10
DA:158,10
DA:159,10
DA:160,10
DA:161,14
DA:162,14
DA:169,1
DA:170,125
DA:171,125
DA:179,1
DA:180,1
DA:181,1
DA:189,1
DA:190,1
DA:191,1
DA:200,1
DA:201,281
DA:202,281
DA:210,1
DA:211,32
DA:212,32
DA:222,1
DA:223,83
DA:224,46
DA:225,46
DA:226,37
DA:227,6
DA:228,37
DA:229,4
DA:230,4
DA:231,33
DA:232,2
DA:233,33
DA:234,2
DA:235,33
DA:236,26
DA:237,26
DA:239,5
DA:240,83
DA:248,1
DA:250,1
DA:259,1
DA:260,78
DA:261,78
DA:264,78
DA:265,78
DA:266,77
DA:267,77
DA:268,77
DA:270,78
DA:271,78
DA:278,1
DA:280,1
DA:281,1
DA:290,1
DA:291,23
DA:292,23
DA:293,23
DA:294,23
DA:296,23
DA:297,4
DA:298,4
DA:300,23
DA:301,23
DA:302,23
DA:303,23
DA:304,1
DA:305,23
DA:306,1
DA:307,25
DA:308,25
DA:309,25
DA:310,25
DA:311,1
DA:312,23
DA:313,23
DA:314,21
DA:315,23
DA:316,23
DA:324,1
DA:325,5
DA:326,5
DA:327,5
DA:328,5
DA:329,5
DA:330,5
DA:331,5
DA:332,5
DA:333,5
DA:334,2
DA:335,3
DA:336,5
DA:337,1
DA:338,5
DA:339,1
DA:340,1
DA:341,5
DA:343,5
DA:344,5
DA:345,5
DA:346,5
DA:347,5
DA:348,5
DA:349,5
DA:350,5
DA:351,5
DA:352,5
DA:353,5
DA:354,5
DA:362,1
DA:363,14
DA:364,9
DA:365,9
DA:366,9
DA:367,9
DA:368,9
DA:369,5
DA:370,5
DA:372,9
DA:373,7
DA:374,4
DA:375,4
DA:376,2
DA:377,2
DA:378,4
DA:379,2
DA:380,2
DA:381,1
DA:382,1
DA:383,2
DA:384,4
DA:385,9
DA:386,2
DA:387,2
DA:388,2
DA:389,2
DA:390,2
DA:391,2
DA:392,2
DA:393,9
DA:395,14
DA:396,14
DA:397,0
DA:398,0
DA:399,0
DA:400,0
DA:401,0
DA:402,14
DA:403,14
DA:404,14
DA:405,14
DA:406,14
DA:407,14
DA:408,14
DA:409,1
DA:411,1
LF:239
LH:232
BRDA:28,0,0,226
BRDA:30,1,0,222
BRDA:68,2,0,4
BRDA:80,3,0,96
BRDA:84,4,0,0
BRDA:99,5,0,7
BRDA:100,6,0,7
BRDA:106,7,0,12
BRDA:109,8,0,7
BRDA:110,9,0,2
BRDA:111,10,0,1
BRDA:116,11,0,5
BRDA:116,12,0,1
BRDA:130,13,0,32
BRDA:141,14,0,80
BRDA:142,15,0,4
BRDA:153,16,0,14
BRDA:154,17,0,13
BRDA:154,18,0,4
BRDA:156,19,0,10
BRDA:157,20,0,10
BRDA:169,21,0,125
BRDA:179,22,0,1
BRDA:189,23,0,1
BRDA:200,24,0,281
BRDA:210,25,0,32
BRDA:222,26,0,83
BRDA:223,27,0,46
BRDA:225,28,0,37
BRDA:226,29,0,6
BRDA:228,30,0,36
BRDA:228,31,0,4
BRDA:230,32,0,33
BRDA:231,33,0,2
BRDA:233,34,0,2
BRDA:235,35,0,31
BRDA:235,36,0,26
BRDA:237,37,0,5
BRDA:248,38,0,1
BRDA:259,39,0,78
BRDA:265,40,0,77
BRDA:270,41,0,74
BRDA:270,42,0,4
BRDA:278,43,0,1
BRDA:290,44,0,23
BRDA:296,45,0,4
BRDA:303,46,0,1
BRDA:305,47,0,1
BRDA:306,48,0,25
BRDA:312,49,0,21
BRDA:313,50,0,21
BRDA:324,51,0,5
BRDA:326,52,0,2
BRDA:326,53,0,3
BRDA:333,54,0,4
BRDA:333,55,0,2
BRDA:334,56,0,3
BRDA:336,57,0,1
BRDA:338,58,0,4
BRDA:338,59,0,1
BRDA:343,60,0,0
BRDA:362,61,0,14
BRDA:363,62,0,9
BRDA:367,63,0,7
BRDA:368,64,0,5
BRDA:372,65,0,7
BRDA:373,66,0,4
BRDA:375,67,0,2
BRDA:376,68,0,2
BRDA:378,69,0,2
BRDA:380,70,0,1
BRDA:381,71,0,1
BRDA:385,72,0,2
BRDA:387,73,0,1
BRDA:396,74,0,0
BRF:75
BRH:72
end_of_record
TN:
SF:src/Scorm2004API.ts
FN:49,Scorm2004API
FN:98,reset
FN:110,get version
FN:117,get globalObjectives
FN:126,lmsInitialize
FN:140,lmsFinish
FN:147,internalFinish
FN:194,lmsGetValue
FN:225,lmsSetValue
FN:235,lmsCommit
FN:251,lmsGetLastError
FN:261,lmsGetErrorString
FN:271,lmsGetDiagnostic
FN:282,setCMIValue
FN:334,getChildElement
FN:369,createCorrectResponsesObject
FN:408,checkValidResponseType
FN:438,checkDuplicateChoiceResponse
FN:455,validateCorrectResponse
FN:499,getCMIValue
FN:510,getLmsErrorMessageDetails
FN:531,checkDuplicatedPattern
FN:549,checkCorrectResponseValue
FN:637,removeCorrectResponsePrefixes
FN:689,replaceWithAnotherScormAPI
FN:702,renderCommitCMI
FN:736,renderCommitObject
FN:780,storeData
FN:851,configureSequencing
FN:877,configureActivityTree
FN:894,extractActivityIds
FN:910,createActivity
FN:943,configureSequencingRules
FN:976,createSequencingRule
FN:997,configureSequencingControls
FN:1046,configureRollupRules
FN:1063,createRollupRule
FNF:37
FNH:35
FNDA:240,Scorm2004API
FNDA:4,reset
FNDA:0,get version
FNDA:2,get globalObjectives
FNDA:106,lmsInitialize
FNDA:7,lmsFinish
FNDA:21,internalFinish
FNDA:616,lmsGetValue
FNDA:731,lmsSetValue
FNDA:38,lmsCommit
FNDA:117,lmsGetLastError
FNDA:2,lmsGetErrorString
FNDA:2,lmsGetDiagnostic
FNDA:412,setCMIValue
FNDA:198,getChildElement
FNDA:16,createCorrectResponsesObject
FNDA:14,checkValidResponseType
FNDA:17,checkDuplicateChoiceResponse
FNDA:2,validateCorrectResponse
FNDA:226,getCMIValue
FNDA:852,getLmsErrorMessageDetails
FNDA:0,checkDuplicatedPattern
FNDA:26,checkCorrectResponseValue
FNDA:15,removeCorrectResponsePrefixes
FNDA:1,replaceWithAnotherScormAPI
FNDA:68,renderCommitCMI
FNDA:5,renderCommitObject
FNDA:57,storeData
FNDA:5,configureSequencing
FNDA:2,configureActivityTree
FNDA:8,extractActivityIds
FNDA:8,createActivity
FNDA:1,configureSequencingRules
FNDA:3,createSequencingRule
FNDA:1,configureSequencingControls
FNDA:1,configureRollupRules
FNDA:2,createRollupRule
DA:1,1
DA:2,1
DA:3,1
DA:4,1
DA:5,1
DA:6,1
DA:7,1
DA:8,1
DA:19,1
DA:20,1
DA:21,1
DA:23,1
DA:29,1
DA:30,1
DA:31,1
DA:32,1
DA:33,1
DA:34,1
DA:39,1
DA:40,1
DA:41,1
DA:43,1
DA:49,1
DA:50,240
DA:51,240
DA:52,240
DA:53,240
DA:54,240
DA:56,240
DA:58,240
DA:59,240
DA:60,240
DA:65,240
DA:68,240
DA:69,5
DA:70,5
DA:73,240
DA:74,240
DA:75,240
DA:76,240
DA:77,240
DA:78,240
DA:79,240
DA:80,240
DA:81,240
DA:98,1
DA:99,4
DA:101,4
DA:102,4
DA:103,4
DA:104,4
DA:110,1
DA:111,0
DA:112,0
DA:117,1
DA:118,2
DA:119,2
DA:126,1
DA:127,106
DA:128,106
DA:129,106
DA:130,106
DA:131,106
DA:132,106
DA:133,106
DA:140,1
DA:141,7
DA:142,7
DA:143,7
DA:144,7
DA:145,7
DA:147,1
DA:148,21
DA:150,21
DA:151,19
DA:152,10
DA:153,10
DA:154,10
DA:155,10
DA:156,10
DA:157,10
DA:158,10
DA:159,10
DA:160,10
DA:161,10
DA:163,10
DA:164,10
DA:165,10
DA:166,10
DA:167,10
DA:168,10
DA:169,2
DA:170,2
DA:171,10
DA:172,0
DA:173,0
DA:174,0
DA:175,10
DA:176,10
DA:177,10
DA:178,10
DA:179,10
DA:180,19
DA:181,2
DA:182,2
DA:183,19
DA:185,21
DA:186,21
DA:194,1
DA:195,616
DA:196,616
DA:197,616
DA:198,4
DA:199,4
DA:200,4
DA:201,4
DA:202,4
DA:203,4
DA:204,1
DA:205,1
DA:207,4
DA:208,0
DA:209,0
DA:211,4
DA:212,4
DA:213,4
DA:214,4
DA:215,612
DA:216,616
DA:225,1
DA:227,731
DA:228,731
DA:235,1
DA:236,38
DA:237,0
DA:238,38
DA:239,38
DA:240,38
DA:241,38
DA:242,38
DA:243,38
DA:244,38
DA:251,1
DA:252,117
DA:253,117
DA:261,1
DA:262,2
DA:263,2
DA:271,1
DA:272,2
DA:273,2
DA:282,1
DA:284,412
DA:285,160
DA:286,160
DA:287,160
DA:289,160
DA:290,160
DA:292,160
DA:294,143
DA:295,160
DA:297,17
DA:298,17
DA:299,17
DA:302,160
DA:304,160
DA:306,7
DA:308,7
DA:309,1
DA:310,1
DA:311,1
DA:312,1
DA:313,1
DA:316,7
DA:317,7
DA:318,7
DA:319,7
DA:320,7
DA:321,7
DA:322,160
DA:323,412
DA:324,412
DA:334,1
DA:335,198
DA:336,118
DA:337,118
DA:339,198
DA:340,15
DA:341,13
DA:342,15
DA:343,2
DA:344,2
DA:345,198
DA:346,55
DA:347,55
DA:349,46
DA:350,3
DA:351,46
DA:352,6
DA:353,6
DA:355,1
DA:356,1
DA:357,1
DA:359,0
DA:360,198
DA:369,1
DA:370,16
DA:371,16
DA:372,16
DA:374,16
DA:375,16
DA:376,4
DA:377,4
DA:378,16
DA:379,12
DA:380,12
DA:381,12
DA:382,10
DA:383,12
DA:384,2
DA:385,2
DA:386,2
DA:387,2
DA:388,2
DA:389,2
DA:390,2
DA:391,12
DA:392,16
DA:394,10
DA:395,6
DA:396,6
DA:398,4
DA:399,16
DA:408,1
DA:409,14
DA:410,14
DA:411,14
DA:412,14
DA:413,14
DA:414,14
DA:415,14
DA:416,7
DA:417,7
DA:418,7
DA:419,7
DA:421,14
DA:422,13
DA:423,14
DA:424,1
DA:425,1
DA:426,1
DA:427,1
DA:428,1
DA:429,1
DA:430,14
DA:438,1
DA:439,17
DA:440,17
DA:441,6
DA:442,3
DA:443,3
DA:444,2
DA:445,2
DA:446,3
DA:447,6
DA:448,17
DA:455,1
DA:456,2
DA:457,2
DA:458,2
DA:459,2
DA:461,2
DA:462,2
DA:464,2
DA:465,2
DA:466,2
DA:468,2
DA:469,2
DA:470,1
DA:471,0
DA:472,1
DA:473,2
DA:475,1
DA:476,1
DA:477,0
DA:478,0
DA:479,0
DA:480,0
DA:481,0
DA:482,0
DA:483,1
DA:484,2
DA:485,0
DA:486,0
DA:487,0
DA:488,0
DA:489,0
DA:490,0
DA:491,2
DA:499,1
DA:500,226
DA:501,226
DA:510,1
DA:511,852
DA:512,852
DA:515,852
DA:516,852
DA:517,850
DA:518,850
DA:519,850
DA:521,852
DA:522,852
DA:531,1
DA:532,0
DA:533,0
DA:534,0
DA:535,0
DA:536,0
DA:537,0
DA:538,0
DA:539,0
DA:540,0
DA:549,1
DA:550,26
DA:551,26
DA:552,26
DA:553,26
DA:554,26
DA:555,26
DA:556,26
DA:557,1
DA:558,1
DA:559,1
DA:560,1
DA:561,1
DA:562,1
DA:563,1
DA:564,25
DA:565,26
DA:566,27
DA:567,7
DA:568,7
DA:570,27
DA:571,5
DA:572,5
DA:573,1
DA:574,1
DA:575,0
DA:576,0
DA:577,0
DA:578,0
DA:579,0
DA:580,1
DA:581,1
DA:582,0
DA:583,0
DA:584,0
DA:585,0
DA:586,0
DA:587,0
DA:588,1
DA:589,5
DA:590,4
DA:591,4
DA:592,4
DA:593,4
DA:594,4
DA:595,4
DA:596,27
DA:597,22
DA:598,22
DA:599,5
DA:600,5
DA:601,5
DA:602,5
DA:603,5
DA:604,22
DA:605,17
DA:606,1
DA:607,1
DA:608,1
DA:609,1
DA:610,1
DA:611,1
DA:612,1
DA:613,17
DA:614,16
DA:615,9
DA:616,3
DA:617,1
DA:618,1
DA:619,1
DA:620,1
DA:621,1
DA:622,1
DA:623,3
DA:624,9
DA:625,16
DA:626,17
DA:627,22
DA:628,27
DA:629,26
DA:637,1
DA:638,15
DA:639,15
DA:640,15
DA:642,15
DA:643,15
DA:644,15
DA:645,15
DA:646,8
DA:647,8
DA:648,2
DA:649,2
DA:650,2
DA:651,2
DA:652,2
DA:653,1
DA:654,1
DA:655,2
DA:656,2
DA:657,2
DA:658,2
DA:659,8
DA:660,2
DA:661,1
DA:662,1
DA:663,1
DA:664,1
DA:666,2
DA:667,2
DA:668,8
DA:669,4
DA:670,3
DA:671,1
DA:672,1
DA:673,3
DA:675,4
DA:676,4
DA:677,8
DA:678,8
DA:679,8
DA:680,8
DA:682,15
DA:683,15
DA:689,1
DA:691,1
DA:692,1
DA:693,1
DA:702,1
DA:703,68
DA:704,68
DA:705,68
DA:706,68
DA:708,68
DA:709,4
DA:710,4
DA:712,68
DA:713,68
DA:714,68
DA:715,68
DA:716,1
DA:717,68
DA:718,1
DA:719,29
DA:720,29
DA:721,29
DA:722,29
DA:723,1
DA:724,68
DA:725,68
DA:726,66
DA:727,68
DA:728,68
DA:736,1
DA:737,5
DA:738,5
DA:739,5
DA:740,5
DA:741,5
DA:742,5
DA:744,5
DA:745,5
DA:746,5
DA:747,5
DA:748,1
DA:749,5
DA:750,1
DA:751,1
DA:752,5
DA:753,5
DA:754,5
DA:755,1
DA:756,5
DA:757,1
DA:758,1
DA:759,5
DA:761,5
DA:762,5
DA:763,5
DA:764,5
DA:765,5
DA:766,5
DA:767,5
DA:768,5
DA:769,5
DA:770,5
DA:771,5
DA:772,5
DA:780,1
DA:781,57
DA:782,13
DA:783,13
DA:784,13
DA:785,2
DA:786,1
DA:787,1
DA:788,1
DA:789,1
DA:790,2
DA:791,13
DA:792,2
DA:793,1
DA:794,1
DA:795,1
DA:796,1
DA:797,2
DA:798,13
DA:799,13
DA:800,13
DA:802,57
DA:803,57
DA:804,57
DA:805,57
DA:806,56
DA:807,57
DA:808,3
DA:809,3
DA:811,57
DA:812,57
DA:813,48
DA:814,48
DA:815,48
DA:816,48
DA:817,48
DA:818,48
DA:819,48
DA:822,48
DA:823,48
DA:824,3
DA:825,2
DA:826,1
DA:827,48
DA:828,1
DA:829,48
DA:830,1
DA:831,1
DA:832,0
DA:833,1
DA:834,0
DA:835,0
DA:836,1
DA:838,48
DA:839,48
DA:841,9
DA:842,9
DA:843,9
DA:844,9
DA:845,57
DA:851,1
DA:853,5
DA:854,2
DA:855,2
DA:858,5
DA:859,1
DA:860,1
DA:863,5
DA:864,1
DA:865,1
DA:868,5
DA:869,1
DA:870,1
DA:871,5
DA:877,1
DA:879,2
DA:882,2
DA:883,2
DA:886,2
DA:887,2
DA:894,1
DA:895,8
DA:898,8
DA:899,6
DA:900,6
DA:902,8
DA:903,8
DA:910,1
DA:912,8
DA:915,8
DA:916,1
DA:917,1
DA:918,8
DA:919,1
DA:920,1
DA:921,8
DA:922,1
DA:923,1
DA:924,8
DA:925,1
DA:926,1
DA:929,8
DA:930,3
DA:931,6
DA:932,6
DA:933,6
DA:934,3
DA:936,8
DA:937,8
DA:943,1
DA:944,1
DA:947,1
DA:948,1
DA:949,1
DA:950,1
DA:951,1
DA:952,1
DA:955,1
DA:956,1
DA:957,1
DA:958,1
DA:959,1
DA:960,1
DA:963,1
DA:964,1
DA:965,1
DA:966,1
DA:967,1
DA:968,1
DA:969,1
DA:976,1
DA:978,3
DA:981,3
DA:982,3
DA:983,3
DA:984,3
DA:985,3
DA:986,3
DA:987,3
DA:988,3
DA:990,3
DA:991,3
DA:997,1
DA:998,1
DA:999,1
DA:1000,1
DA:1003,1
DA:1004,1
DA:1005,1
DA:1006,1
DA:1007,1
DA:1008,1
DA:1009,1
DA:1010,1
DA:1011,1
DA:1012,1
DA:1013,1
DA:1014,1
DA:1015,1
DA:1016,1
DA:1017,1
DA:1018,1
DA:1019,1
DA:1020,1
DA:1021,1
DA:1022,1
DA:1023,1
DA:1024,1
DA:1025,1
DA:1026,1
DA:1027,1
DA:1028,1
DA:1029,1
DA:1030,1
DA:1031,1
DA:1032,1
DA:1033,1
DA:1034,1
DA:1035,1
DA:1036,1
DA:1037,1
DA:1038,1
DA:1039,1
DA:1040,1
DA:1046,1
DA:1047,1
DA:1050,1
DA:1051,1
DA:1052,2
DA:1053,2
DA:1054,2
DA:1055,1
DA:1056,1
DA:1063,1
DA:1065,2
DA:1066,2
DA:1067,2
DA:1068,2
DA:1069,2
DA:1070,2
DA:1073,2
DA:1074,2
DA:1075,2
DA:1076,2
DA:1077,2
DA:1078,2
DA:1079,2
DA:1081,2
DA:1082,2
DA:1083,1
DA:1085,1
LF:720
LH:675
BRDA:49,0,0,240
BRDA:68,1,0,5
BRDA:98,2,0,4
BRDA:117,3,0,2
BRDA:126,4,0,106
BRDA:140,5,0,7
BRDA:141,6,0,7
BRDA:147,7,0,21
BRDA:150,8,0,19
BRDA:151,9,0,10
BRDA:168,10,0,2
BRDA:171,11,0,8
BRDA:171,12,0,0
BRDA:180,13,0,9
BRDA:180,14,0,2
BRDA:194,15,0,616
BRDA:197,16,0,4
BRDA:202,17,0,1
BRDA:203,18,0,1
BRDA:205,19,0,3
BRDA:207,20,0,0
BRDA:209,21,0,3
BRDA:214,22,0,612
BRDA:225,23,0,731
BRDA:235,24,0,38
BRDA:236,25,0,0
BRDA:239,26,0,38
BRDA:251,27,0,117
BRDA:261,28,0,2
BRDA:271,29,0,2
BRDA:282,30,0,412
BRDA:284,31,0,160
BRDA:292,32,0,143
BRDA:295,33,0,17
BRDA:298,34,0,12
BRDA:298,35,0,5
BRDA:302,36,0,155
BRDA:304,37,0,7
BRDA:308,38,0,1
BRDA:306,39,0,6
BRDA:334,40,0,198
BRDA:335,41,0,118
BRDA:337,42,0,80
BRDA:339,43,0,15
BRDA:340,44,0,13
BRDA:342,45,0,2
BRDA:345,46,0,65
BRDA:345,47,0,55
BRDA:347,48,0,46
BRDA:347,49,0,10
BRDA:349,50,0,3
BRDA:351,51,0,7
BRDA:351,52,0,6
BRDA:353,53,0,1
BRDA:357,54,0,0
BRDA:369,55,0,16
BRDA:375,56,0,14
BRDA:375,57,0,4
BRDA:378,58,0,12
BRDA:381,59,0,10
BRDA:383,60,0,2
BRDA:392,61,0,15
BRDA:392,62,0,10
BRDA:394,63,0,6
BRDA:396,64,0,4
BRDA:408,65,0,14
BRDA:415,66,0,7
BRDA:421,67,0,13
BRDA:423,68,0,1
BRDA:438,69,0,17
BRDA:440,70,0,6
BRDA:441,71,0,3
BRDA:441,72,0,3
BRDA:443,73,0,2
BRDA:455,74,0,2
BRDA:465,75,0,1
BRDA:469,76,0,1
BRDA:470,77,0,0
BRDA:471,78,0,1
BRDA:472,79,0,0
BRDA:473,80,0,1
BRDA:476,81,0,0
BRDA:484,82,0,0
BRDA:499,83,0,226
BRDA:510,84,0,852
BRDA:516,85,0,850
BRDA:521,86,0,850
BRDA:521,87,0,2
BRDA:549,88,0,26
BRDA:556,89,0,1
BRDA:563,90,0,25
BRDA:565,91,0,29
BRDA:565,92,0,27
BRDA:566,93,0,7
BRDA:570,94,0,5
BRDA:572,95,0,1
BRDA:574,96,0,0
BRDA:581,97,0,0
BRDA:589,98,0,4
BRDA:596,99,0,22
BRDA:598,100,0,5
BRDA:598,101,0,17
BRDA:598,102,0,0
BRDA:598,103,0,5
BRDA:604,104,0,17
BRDA:605,105,0,1
BRDA:605,106,0,1
BRDA:613,107,0,16
BRDA:614,108,0,9
BRDA:615,109,0,4
BRDA:615,110,0,3
BRDA:616,111,0,1
BRDA:628,112,0,25
BRDA:637,113,0,15
BRDA:645,114,0,8
BRDA:647,115,0,2
BRDA:652,116,0,1
BRDA:659,117,0,2
BRDA:660,118,0,1
BRDA:660,119,0,1
BRDA:660,120,0,1
BRDA:668,121,0,4
BRDA:669,122,0,3
BRDA:669,123,0,3
BRDA:670,124,0,1
BRDA:670,125,0,1
BRDA:689,126,0,1
BRDA:702,127,0,68
BRDA:708,128,0,4
BRDA:715,129,0,1
BRDA:717,130,0,1
BRDA:718,131,0,29
BRDA:724,132,0,66
BRDA:725,133,0,66
BRDA:736,134,0,5
BRDA:738,135,0,2
BRDA:738,136,0,3
BRDA:747,137,0,1
BRDA:749,138,0,4
BRDA:749,139,0,1
BRDA:754,140,0,1
BRDA:756,141,0,4
BRDA:756,142,0,1
BRDA:761,143,0,0
BRDA:780,144,0,57
BRDA:781,145,0,13
BRDA:784,146,0,2
BRDA:784,147,0,2
BRDA:785,148,0,1
BRDA:791,149,0,2
BRDA:791,150,0,2
BRDA:792,151,0,1
BRDA:805,152,0,18
BRDA:805,153,0,3
BRDA:805,154,0,56
BRDA:807,155,0,3
BRDA:812,156,0,48
BRDA:823,157,0,3
BRDA:824,158,0,2
BRDA:825,159,0,1
BRDA:827,160,0,1
BRDA:829,161,0,47
BRDA:829,162,0,1
BRDA:829,163,0,1
BRDA:831,164,0,0
BRDA:833,165,0,0
BRDA:839,166,0,9
BRDA:851,167,0,5
BRDA:853,168,0,2
BRDA:858,169,0,1
BRDA:863,170,0,1
BRDA:868,171,0,1
BRDA:877,172,0,2
BRDA:894,173,0,8
BRDA:898,174,0,6
BRDA:910,175,0,8
BRDA:915,176,0,1
BRDA:918,177,0,1
BRDA:921,178,0,1
BRDA:924,179,0,1
BRDA:929,180,0,3
BRDA:930,181,0,6
BRDA:943,182,0,1
BRDA:976,183,0,3
BRDA:997,184,0,1
BRDA:1046,185,0,1
BRDA:1051,186,0,2
BRDA:1063,187,0,2
BRF:188
BRH:174
end_of_record
TN:
SF:src/exceptions.ts
FN:8,BaseScormValidationError
FN:22,get errorCode
FN:38,ValidationError
FN:62,get errorMessage
FN:70,get detailedMessage
FNF:5
FNH:4
FNDA:2334,BaseScormValidationError
FNDA:480,get errorCode
FNDA:1808,ValidationError
FNDA:91,get errorMessage
FNDA:0,get detailedMessage
DA:7,1
DA:8,1
DA:9,2334
DA:10,2334
DA:13,2334
DA:14,2334
DA:22,1
DA:23,480
DA:24,480
DA:25,1
DA:30,1
DA:38,1
DA:39,1808
DA:40,1808
DA:41,1808
DA:42,1808
DA:43,1808
DA:44,1808
DA:45,1808
DA:46,1808
DA:47,1808
DA:48,1804
DA:49,1804
DA:52,1808
DA:53,1808
DA:56,1
DA:62,1
DA:63,91
DA:64,91
DA:70,1
DA:71,0
DA:72,0
DA:73,1
LF:33
LH:31
BRDA:8,0,0,2334
BRDA:22,1,0,480
BRDA:38,2,0,1808
BRDA:47,3,0,1804
BRDA:62,4,0,91
BRF:5
BRH:5
end_of_record
TN:
SF:src/global.d.ts
FN:1,(empty-report)
FNF:1
FNH:1
FNDA:1,(empty-report)
LF:0
LH:0
BRDA:1,0,0,1
BRF:1
BRH:1
end_of_record
TN:
SF:src/index.ts
FNF:0
FNH:0
DA:2,1
DA:3,1
DA:4,1
DA:7,1
DA:8,1
DA:11,1
DA:12,1
DA:13,1
DA:14,1
DA:15,1
DA:16,1
DA:19,1
DA:20,1
DA:21,1
LF:14
LH:14
BRF:0
BRH:0
end_of_record
TN:
SF:src/utilities.ts
FN:216,durationStr
FN:267,addTwoDurations
FN:302,addHHMMSSTimeStrings
FN:339,flatten
FN:347,recurse
FN:409,unflatten
FN:464,countDecimals
FN:492,formatMessage
FN:537,stringMatches
FN:575,memoize
FNF:10
FNH:10
FNDA:34,durationStr
FNDA:18,addTwoDurations
FNDA:15,addHHMMSSTimeStrings
FNDA:94,flatten
FNDA:6914,recurse
FNDA:242,unflatten
FNDA:98,countDecimals
FNDA:4486,formatMessage
FNDA:2311,stringMatches
FNDA:339,memoize
DA:5,1
DA:6,1
DA:7,1
DA:8,1
DA:20,1
DA:21,1
DA:22,1
DA:23,1
DA:24,1
DA:25,1
DA:46,1
DA:48,18
DA:49,2
DA:50,2
DA:52,16
DA:53,16
DA:54,16
DA:56,16
DA:57,16
DA:58,16
DA:60,18
DA:61,2
DA:62,0
DA:63,2
DA:64,2
DA:65,2
DA:67,2
DA:68,2
DA:70,16
DA:71,16
DA:97,1
DA:99,23
DA:100,3
DA:101,3
DA:103,20
DA:104,20
DA:107,20
DA:110,20
DA:111,80
DA:112,80
DA:115,80
DA:116,2
DA:117,2
DA:121,80
DA:122,2
DA:123,2
DA:125,80
DA:127,48
DA:128,48
DA:129,42
DA:131,48
DA:132,20
DA:133,20
DA:135,48
DA:136,48
DA:137,20
DA:139,20
DA:140,20
DA:165,1
DA:166,1
DA:167,26
DA:168,2
DA:169,2
DA:170,26
DA:171,10
DA:172,10
DA:173,26
DA:174,7
DA:175,7
DA:177,19
DA:178,19
DA:179,19
DA:180,19
DA:181,19
DA:182,26
DA:184,1
DA:185,43
DA:186,43
DA:187,43
DA:188,43
DA:189,1
DA:215,1
DA:216,1
DA:217,34
DA:218,10
DA:219,10
DA:221,34
DA:222,5
DA:223,5
DA:225,29
DA:226,34
DA:227,34
DA:228,34
DA:229,34
DA:230,34
DA:231,34
DA:232,34
DA:233,34
DA:234,34
DA:236,1
DA:237,49
DA:238,49
DA:239,49
DA:240,49
DA:241,49
DA:242,1
DA:267,1
DA:268,18
DA:269,18
DA:270,18
DA:271,18
DA:272,18
DA:273,18
DA:274,18
DA:275,18
DA:276,18
DA:277,18
DA:302,1
DA:303,15
DA:304,15
DA:305,15
DA:306,15
DA:307,15
DA:308,4
DA:309,4
DA:310,15
DA:311,15
DA:312,15
DA:313,15
DA:339,1
DA:340,94
DA:347,94
DA:348,6914
DA:349,5457
DA:350,6914
DA:352,0
DA:353,0
DA:354,0
DA:356,0
DA:357,1457
DA:358,1457
DA:360,1457
DA:363,1457
DA:364,6820
DA:365,1457
DA:367,1457
DA:368,1457
DA:369,6914
DA:371,94
DA:372,94
DA:373,94
DA:409,1
DA:410,242
DA:412,242
DA:413,242
DA:416,242
DA:419,242
DA:420,242
DA:421,242
DA:422,245
DA:423,245
DA:426,245
DA:429,245
DA:430,1069
DA:431,245
DA:432,1069
DA:434,1069
DA:435,1069
DA:436,1069
DA:437,245
DA:439,245
DA:440,242
DA:442,242
DA:443,242
DA:464,1
DA:465,98
DA:466,12
DA:467,98
DA:468,98
DA:492,1
DA:493,4486
DA:496,4486
DA:497,4486
DA:499,4486
DA:500,3291
DA:502,3291
DA:503,3291
DA:504,3291
DA:507,4486
DA:509,4486
DA:510,4486
DA:537,1
DA:538,2311
DA:539,2311
DA:575,1
DA:576,339
DA:577,339
DA:578,339
DA:579,339
DA:581,339
DA:582,26010
DA:584,26010
DA:585,21916
DA:586,4094
DA:587,4094
DA:588,4094
DA:589,4094
DA:590,4094
DA:591,26010
DA:592,339
LF:210
LH:205
BRDA:46,0,0,18
BRDA:48,1,0,17
BRDA:48,2,0,2
BRDA:50,3,0,16
BRDA:60,4,0,2
BRDA:61,5,0,0
BRDA:68,6,0,16
BRDA:97,7,0,23
BRDA:99,8,0,21
BRDA:99,9,0,22
BRDA:99,10,0,3
BRDA:101,11,0,20
BRDA:110,12,0,80
BRDA:115,13,0,2
BRDA:121,14,0,20
BRDA:121,15,0,2
BRDA:125,16,0,48
BRDA:128,17,0,33
BRDA:128,18,0,42
BRDA:131,19,0,20
BRDA:166,20,0,26
BRDA:167,21,0,25
BRDA:167,22,0,2
BRDA:170,23,0,10
BRDA:173,24,0,24
BRDA:173,25,0,7
BRDA:175,26,0,19
BRDA:184,27,0,43
BRDA:185,28,0,40
BRDA:185,29,0,3
BRDA:185,30,0,1
BRDA:186,31,0,13
BRDA:186,32,0,30
BRDA:186,33,0,0
BRDA:216,34,0,34
BRDA:217,35,0,10
BRDA:221,36,0,31
BRDA:221,37,0,5
BRDA:223,38,0,29
BRDA:226,39,0,0
BRDA:228,40,0,12
BRDA:229,41,0,13
BRDA:230,42,0,15
BRDA:231,43,0,25
BRDA:232,44,0,27
BRDA:236,45,0,49
BRDA:237,46,0,1
BRDA:239,47,0,13
BRDA:239,48,0,36
BRDA:239,49,0,0
BRDA:267,50,0,18
BRDA:273,51,0,0
BRDA:302,52,0,15
BRDA:307,53,0,4
BRDA:339,54,0,94
BRDA:347,55,0,6914
BRDA:348,56,0,5457
BRDA:350,57,0,1457
BRDA:350,58,0,0
BRDA:367,59,0,294
BRDA:367,60,0,294
BRDA:358,61,0,6820
BRDA:363,62,0,6820
BRDA:364,63,0,6726
BRDA:364,64,0,94
BRDA:409,65,0,242
BRDA:412,66,0,0
BRDA:442,67,0,0
BRDA:420,68,0,245
BRDA:421,69,0,245
BRDA:429,70,0,0
BRDA:429,71,0,1069
BRDA:431,72,0,1069
BRDA:434,73,0,1061
BRDA:434,74,0,0
BRDA:464,75,0,98
BRDA:465,76,0,12
BRDA:465,77,0,86
BRDA:465,78,0,12
BRDA:467,79,0,12
BRDA:467,80,0,0
BRDA:492,81,0,4486
BRDA:499,82,0,3291
BRDA:507,83,0,815
BRDA:537,84,0,2311
BRDA:575,85,0,339
BRDA:581,86,0,26010
BRDA:582,87,0,25859
BRDA:582,88,0,151
BRDA:584,89,0,21916
BRDA:585,90,0,4094
BRDA:586,91,0,4094
BRF:92
BRH:81
end_of_record
TN:
SF:src/cmi/aicc/attempts.ts
FN:17,CMIAttemptRecords
FN:34,CMIAttemptRecordsObject
FN:52,initialize
FN:62,reset
FN:71,get lesson_status
FN:79,set lesson_status
FN:100,toJSON
FNF:7
FNH:7
FNDA:165,CMIAttemptRecords
FNDA:7,CMIAttemptRecordsObject
FNDA:2,initialize
FNDA:1,reset
FNDA:5,get lesson_status
FNDA:4,set lesson_status
FNDA:1,toJSON
DA:1,1
DA:2,1
DA:3,1
DA:4,1
DA:5,1
DA:6,1
DA:7,1
DA:8,1
DA:13,1
DA:17,1
DA:18,165
DA:19,165
DA:20,165
DA:21,165
DA:22,165
DA:23,1
DA:28,1
DA:29,1
DA:34,1
DA:35,7
DA:36,7
DA:37,7
DA:38,7
DA:39,7
DA:40,7
DA:41,7
DA:42,7
DA:43,7
DA:44,7
DA:45,7
DA:52,1
DA:53,2
DA:55,2
DA:56,2
DA:57,2
DA:62,1
DA:63,1
DA:64,1
DA:65,1
DA:71,1
DA:72,5
DA:73,5
DA:79,1
DA:80,4
DA:81,4
DA:82,4
DA:83,4
DA:84,4
DA:85,4
DA:86,4
DA:87,3
DA:88,3
DA:89,4
DA:100,1
DA:103,1
DA:104,1
DA:105,1
DA:106,1
DA:107,1
DA:108,1
DA:109,1
DA:110,1
DA:111,1
DA:112,1
LF:64
LH:64
BRDA:17,0,0,165
BRDA:34,1,0,7
BRDA:52,2,0,2
BRDA:62,3,0,1
BRDA:71,4,0,5
BRDA:79,5,0,4
BRDA:86,6,0,3
BRDA:100,7,0,1
BRF:8
BRH:8
end_of_record
TN:
SF:src/cmi/aicc/cmi.ts
FN:22,CMI
FN:41,initialize
FN:68,toJSON
FNF:3
FNH:3
FNDA:164,CMI
FNDA:78,initialize
FNDA:2,toJSON
DA:1,1
DA:2,1
DA:3,1
DA:4,1
DA:5,1
DA:6,1
DA:7,1
DA:17,1
DA:22,1
DA:23,164
DA:24,164
DA:25,164
DA:26,164
DA:27,164
DA:28,164
DA:29,164
DA:30,164
DA:41,1
DA:42,78
DA:43,78
DA:44,78
DA:45,78
DA:46,78
DA:47,78
DA:48,78
DA:68,1
DA:81,2
DA:82,2
DA:83,2
DA:84,2
DA:85,2
DA:86,2
DA:87,2
DA:88,2
DA:89,2
DA:90,2
DA:91,2
DA:92,2
DA:93,2
DA:94,2
DA:95,2
DA:96,2
DA:97,2
DA:98,2
DA:99,2
DA:100,1
LF:46
LH:46
BRDA:22,0,0,164
BRDA:24,1,0,0
BRDA:41,2,0,78
BRDA:68,3,0,2
BRF:4
BRH:3
end_of_record
TN:
SF:src/cmi/aicc/core.ts
FN:18,CMICore
FN:36,initialize
FN:57,reset
FN:77,get _children
FN:86,set _children
FN:97,get student_id
FN:105,set student_id
FN:120,get student_name
FN:128,set student_name
FN:143,get lesson_location
FN:151,set lesson_location
FN:168,get credit
FN:176,set credit
FN:191,get lesson_status
FN:199,set lesson_status
FN:227,get entry
FN:235,set entry
FN:250,get total_time
FN:258,set total_time
FN:273,get lesson_mode
FN:281,set lesson_mode
FN:296,get exit
FN:310,set exit
FN:320,get session_time
FN:334,set session_time
FN:350,get suspend_data
FN:358,set suspend_data
FN:376,getCurrentTotalTime
FN:410,toJSON
FNF:29
FNH:29
FNDA:481,CMICore
FNDA:176,initialize
FNDA:4,reset
FNDA:4,get _children
FNDA:6,set _children
FNDA:35,get student_id
FNDA:15,set student_id
FNDA:32,get student_name
FNDA:12,set student_name
FNDA:29,get lesson_location
FNDA:9,set lesson_location
FNDA:36,get credit
FNDA:12,set credit
FNDA:166,get lesson_status
FNDA:86,set lesson_status
FNDA:29,get entry
FNDA:6,set entry
FNDA:4,get total_time
FNDA:16,set total_time
FNDA:40,get lesson_mode
FNDA:9,set lesson_mode
FNDA:28,get exit
FNDA:34,set exit
FNDA:31,get session_time
FNDA:54,set session_time
FNDA:30,get suspend_data
FNDA:12,set suspend_data
FNDA:11,getCurrentTotalTime
FNDA:25,toJSON
DA:1,1
DA:2,1
DA:3,1
DA:4,1
DA:5,1
DA:6,1
DA:7,1
DA:8,1
DA:14,1
DA:18,1
DA:19,481
DA:20,481
DA:21,481
DA:22,481
DA:23,481
DA:24,481
DA:25,481
DA:26,481
DA:27,481
DA:28,481
DA:29,481
DA:36,1
DA:37,176
DA:38,176
DA:39,176
DA:41,1
DA:42,1
DA:43,1
DA:44,1
DA:45,1
DA:46,1
DA:47,1
DA:48,1
DA:49,1
DA:50,1
DA:51,1
DA:52,1
DA:57,1
DA:58,4
DA:60,4
DA:61,4
DA:67,4
DA:69,4
DA:70,4
DA:77,1
DA:78,4
DA:79,4
DA:86,1
DA:87,6
DA:88,6
DA:89,6
DA:90,6
DA:91,6
DA:97,1
DA:98,35
DA:99,35
DA:105,1
DA:106,15
DA:107,4
DA:108,4
DA:109,4
DA:110,4
DA:111,13
DA:112,11
DA:113,11
DA:114,15
DA:120,1
DA:121,32
DA:122,32
DA:128,1
DA:129,12
DA:130,6
DA:131,6
DA:132,6
DA:133,6
DA:134,6
DA:135,6
DA:136,6
DA:137,12
DA:143,1
DA:144,29
DA:145,29
DA:151,1
DA:152,9
DA:153,9
DA:154,9
DA:155,9
DA:156,9
DA:157,9
DA:158,9
DA:159,9
DA:160,5
DA:161,5
DA:162,9
DA:168,1
DA:169,36
DA:170,36
DA:176,1
DA:177,12
DA:178,6
DA:179,6
DA:180,6
DA:181,6
DA:182,6
DA:183,6
DA:184,6
DA:185,12
DA:191,1
DA:192,166
DA:193,166
DA:199,1
DA:200,86
DA:201,27
DA:202,27
DA:203,27
DA:204,27
DA:205,27
DA:206,27
DA:207,27
DA:208,10
DA:209,10
DA:210,86
DA:211,59
DA:212,59
DA:213,59
DA:214,59
DA:215,59
DA:216,59
DA:217,59
DA:218,38
DA:219,38
DA:220,59
DA:221,86
DA:227,1
DA:228,29
DA:229,29
DA:235,1
DA:236,6
DA:237,4
DA:238,4
DA:239,4
DA:240,4
DA:241,4
DA:242,2
DA:243,2
DA:244,6
DA:250,1
DA:251,4
DA:252,4
DA:258,1
DA:259,16
DA:260,4
DA:261,4
DA:262,4
DA:263,4
DA:264,15
DA:265,12
DA:266,12
DA:267,16
DA:273,1
DA:274,40
DA:275,40
DA:281,1
DA:282,9
DA:283,4
DA:284,4
DA:285,4
DA:286,4
DA:287,7
DA:288,5
DA:289,5
DA:290,9
DA:296,1
DA:297,28
DA:298,3
DA:299,3
DA:300,3
DA:301,3
DA:302,3
DA:303,25
DA:304,28
DA:310,1
DA:311,34
DA:312,22
DA:313,22
DA:314,34
DA:320,1
DA:321,31
DA:322,6
DA:323,6
DA:324,6
DA:325,6
DA:326,6
DA:327,25
DA:328,31
DA:334,1
DA:335,54
DA:336,54
DA:337,54
DA:338,54
DA:339,54
DA:340,54
DA:341,54
DA:342,42
DA:343,42
DA:344,54
DA:350,1
DA:351,30
DA:352,30
DA:358,1
DA:359,12
DA:360,12
DA:361,12
DA:362,12
DA:363,12
DA:364,12
DA:365,12
DA:366,12
DA:367,7
DA:368,7
DA:369,12
DA:376,1
DA:377,11
DA:378,11
DA:380,11
DA:381,0
DA:382,0
DA:383,0
DA:385,11
DA:386,11
DA:387,11
DA:388,11
DA:389,11
DA:390,11
DA:410,1
DA:421,25
DA:422,25
DA:423,25
DA:424,25
DA:425,25
DA:426,25
DA:427,25
DA:428,25
DA:429,25
DA:430,25
DA:431,25
DA:432,25
DA:433,25
DA:434,25
DA:435,25
DA:436,25
DA:437,25
DA:438,1
LF:253
LH:250
BRDA:18,0,0,481
BRDA:36,1,0,176
BRDA:57,2,0,4
BRDA:77,3,0,4
BRDA:86,4,0,6
BRDA:97,5,0,35
BRDA:105,6,0,15
BRDA:106,7,0,13
BRDA:106,8,0,4
BRDA:111,9,0,11
BRDA:120,10,0,32
BRDA:128,11,0,12
BRDA:129,12,0,6
BRDA:143,13,0,29
BRDA:151,14,0,9
BRDA:159,15,0,5
BRDA:168,16,0,36
BRDA:176,17,0,12
BRDA:177,18,0,6
BRDA:191,19,0,166
BRDA:199,20,0,86
BRDA:200,21,0,27
BRDA:207,22,0,10
BRDA:210,23,0,59
BRDA:217,24,0,38
BRDA:227,25,0,29
BRDA:235,26,0,6
BRDA:236,27,0,4
BRDA:241,28,0,2
BRDA:250,29,0,4
BRDA:258,30,0,16
BRDA:259,31,0,15
BRDA:259,32,0,4
BRDA:264,33,0,12
BRDA:273,34,0,40
BRDA:281,35,0,9
BRDA:282,36,0,7
BRDA:282,37,0,4
BRDA:287,38,0,5
BRDA:296,39,0,28
BRDA:297,40,0,3
BRDA:302,41,0,25
BRDA:310,42,0,34
BRDA:311,43,0,22
BRDA:320,44,0,31
BRDA:321,45,0,6
BRDA:326,46,0,25
BRDA:334,47,0,54
BRDA:341,48,0,42
BRDA:350,49,0,30
BRDA:358,50,0,12
BRDA:366,51,0,7
BRDA:376,52,0,11
BRDA:380,53,0,0
BRDA:380,54,0,0
BRDA:410,55,0,25
BRF:56
BRH:54
end_of_record
TN:
SF:src/cmi/aicc/evaluation.ts
FN:16,CMIEvaluation
FN:26,initialize
FN:34,reset
FN:43,toJSON
FN:63,CMIEvaluationComments
FN:84,CMIEvaluationCommentsObject
FN:91,reset
FN:103,get content
FN:111,set content
FN:121,get location
FN:129,set location
FN:139,get time
FN:147,set time
FN:163,toJSON
FNF:14
FNH:12
FNDA:164,CMIEvaluation
FNDA:78,initialize
FNDA:0,reset
FNDA:2,toJSON
FNDA:164,CMIEvaluationComments
FNDA:7,CMIEvaluationCommentsObject
FNDA:0,reset
FNDA:3,get content
FNDA:3,set content
FNDA:3,get location
FNDA:2,set location
FNDA:3,get time
FNDA:9,set time
FNDA:2,toJSON
DA:1,1
DA:2,1
DA:3,1
DA:4,1
DA:5,1
DA:6,1
DA:7,1
DA:12,1
DA:16,1
DA:17,164
DA:18,164
DA:19,164
DA:26,1
DA:27,78
DA:28,78
DA:29,78
DA:34,1
DA:35,0
DA:36,0
DA:37,0
DA:43,1
DA:45,2
DA:46,2
DA:47,2
DA:48,2
DA:49,2
DA:50,2
DA:51,2
DA:52,2
DA:53,1
DA:59,1
DA:63,1
DA:64,164
DA:65,164
DA:66,164
DA:67,164
DA:68,164
DA:69,164
DA:70,164
DA:71,1
DA:76,1
DA:77,1
DA:78,1
DA:79,1
DA:84,1
DA:85,7
DA:86,7
DA:91,1
DA:92,0
DA:94,0
DA:95,0
DA:96,0
DA:97,0
DA:103,1
DA:104,3
DA:105,3
DA:111,1
DA:112,3
DA:113,2
DA:114,2
DA:115,3
DA:121,1
DA:122,3
DA:123,3
DA:129,1
DA:130,2
DA:131,1
DA:132,1
DA:133,2
DA:139,1
DA:140,3
DA:141,3
DA:147,1
DA:148,9
DA:149,4
DA:150,4
DA:151,9
DA:163,1
DA:167,2
DA:168,2
DA:169,2
DA:170,2
DA:171,2
DA:172,2
DA:173,2
DA:174,2
DA:175,2
DA:176,2
DA:177,1
LF:89
LH:81
BRDA:16,0,0,164
BRDA:26,1,0,78
BRDA:43,2,0,2
BRDA:63,3,0,164
BRDA:84,4,0,7
BRDA:103,5,0,3
BRDA:111,6,0,3
BRDA:112,7,0,2
BRDA:121,8,0,3
BRDA:129,9,0,2
BRDA:130,10,0,1
BRDA:139,11,0,3
BRDA:147,12,0,9
BRDA:148,13,0,4
BRDA:163,14,0,2
BRF:15
BRH:15
end_of_record
TN:
SF:src/cmi/aicc/paths.ts
FN:14,CMIPaths
FN:36,CMIPathsObject
FN:43,reset
FN:58,get location_id
FN:66,set location_id
FN:78,get date
FN:86,set date
FN:96,get time
FN:104,set time
FN:114,get status
FN:122,set status
FN:132,get why_left
FN:140,set why_left
FN:150,get time_in_element
FN:158,set time_in_element
FN:183,toJSON
FNF:16
FNH:15
FNDA:164,CMIPaths
FNDA:8,CMIPathsObject
FNDA:0,reset
FNDA:2,get location_id
FNDA:3,set location_id
FNDA:2,get date
FNDA:1,set date
FNDA:1,get time
FNDA:8,set time
FNDA:1,get status
FNDA:12,set status
FNDA:2,get why_left
FNDA:2,set why_left
FNDA:1,get time_in_element
FNDA:8,set time_in_element
FNDA:1,toJSON
DA:1,1
DA:2,1
DA:3,1
DA:4,1
DA:5,1
DA:10,1
DA:14,1
DA:15,164
DA:16,164
DA:17,164
DA:18,164
DA:19,164
DA:20,1
DA:25,1
DA:26,1
DA:27,1
DA:28,1
DA:29,1
DA:30,1
DA:31,1
DA:36,1
DA:37,8
DA:38,8
DA:43,1
DA:44,0
DA:46,0
DA:47,0
DA:48,0
DA:49,0
DA:50,0
DA:51,0
DA:52,0
DA:58,1
DA:59,2
DA:60,2
DA:66,1
DA:67,3
DA:68,3
DA:69,3
DA:70,2
DA:71,2
DA:72,3
DA:78,1
DA:79,2
DA:80,2
DA:86,1
DA:87,1
DA:88,1
DA:89,1
DA:90,1
DA:96,1
DA:97,1
DA:98,1
DA:104,1
DA:105,8
DA:106,3
DA:107,3
DA:108,8
DA:114,1
DA:115,1
DA:116,1
DA:122,1
DA:123,12
DA:124,5
DA:125,5
DA:126,12
DA:132,1
DA:133,2
DA:134,2
DA:140,1
DA:141,2
DA:142,1
DA:143,1
DA:144,2
DA:150,1
DA:151,1
DA:152,1
DA:158,1
DA:159,8
DA:160,8
DA:161,8
DA:162,8
DA:163,8
DA:164,8
DA:165,8
DA:166,3
DA:167,3
DA:168,8
DA:183,1
DA:190,1
DA:191,1
DA:192,1
DA:193,1
DA:194,1
DA:195,1
DA:196,1
DA:197,1
DA:198,1
DA:199,1
DA:200,1
DA:201,1
DA:202,1
DA:203,1
LF:103
LH:95
BRDA:14,0,0,164
BRDA:36,1,0,8
BRDA:58,2,0,2
BRDA:66,3,0,3
BRDA:69,4,0,2
BRDA:78,5,0,2
BRDA:86,6,0,1
BRDA:96,7,0,1
BRDA:104,8,0,8
BRDA:105,9,0,3
BRDA:114,10,0,1
BRDA:122,11,0,12
BRDA:123,12,0,5
BRDA:132,13,0,2
BRDA:140,14,0,2
BRDA:141,15,0,1
BRDA:150,16,0,1
BRDA:158,17,0,8
BRDA:165,18,0,3
BRDA:183,19,0,1
BRF:20
BRH:20
end_of_record
TN:
SF:src/cmi/aicc/student_data.ts
FN:15,AICCCMIStudentData
FN:27,initialize
FN:36,reset
FN:48,get tries_during_lesson
FN:57,set tries_during_lesson
FN:80,toJSON
FNF:6
FNH:6
FNDA:164,AICCCMIStudentData
FNDA:156,initialize
FNDA:4,reset
FNDA:2,get tries_during_lesson
FNDA:2,set tries_during_lesson
FNDA:2,toJSON
DA:1,1
DA:2,1
DA:3,1
DA:4,1
DA:5,1
DA:6,1
DA:11,1
DA:15,1
DA:16,164
DA:17,164
DA:18,164
DA:19,164
DA:27,1
DA:28,156
DA:29,156
DA:30,156
DA:31,156
DA:36,1
DA:37,4
DA:38,4
DA:39,4
DA:40,4
DA:42,1
DA:48,1
DA:49,2
DA:50,2
DA:57,1
DA:58,2
DA:59,1
DA:60,1
DA:61,1
DA:62,1
DA:63,1
DA:64,1
DA:65,1
DA:66,2
DA:80,1
DA:86,2
DA:87,2
DA:88,2
DA:89,2
DA:90,2
DA:91,2
DA:92,2
DA:93,2
DA:94,2
DA:95,2
DA:96,2
DA:97,2
DA:98,1
LF:50
LH:50
BRDA:15,0,0,164
BRDA:27,1,0,156
BRDA:36,2,0,4
BRDA:48,3,0,2
BRDA:57,4,0,2
BRDA:58,5,0,1
BRDA:80,6,0,2
BRF:7
BRH:7
end_of_record
TN:
SF:src/cmi/aicc/student_demographics.ts
FN:28,CMIStudentDemographics
FN:35,reset
FN:43,get _children
FN:51,get city
FN:60,set city
FN:75,get class
FN:84,set class
FN:99,get company
FN:108,set company
FN:123,get country
FN:132,set country
FN:147,get experience
FN:156,set experience
FN:171,get familiar_name
FN:180,set familiar_name
FN:195,get instructor_name
FN:204,set instructor_name
FN:219,get title
FN:228,set title
FN:243,get native_language
FN:252,set native_language
FN:267,get state
FN:276,set state
FN:291,get street_address
FN:300,set street_address
FN:315,get telephone
FN:324,set telephone
FN:339,get years_experience
FN:348,set years_experience
FN:379,toJSON
FNF:30
FNH:28
FNDA:190,CMIStudentDemographics
FNDA:0,reset
FNDA:0,get _children
FNDA:4,get city
FNDA:2,set city
FNDA:4,get class
FNDA:2,set class
FNDA:4,get company
FNDA:2,set company
FNDA:4,get country
FNDA:2,set country
FNDA:4,get experience
FNDA:2,set experience
FNDA:4,get familiar_name
FNDA:2,set familiar_name
FNDA:4,get instructor_name
FNDA:2,set instructor_name
FNDA:4,get title
FNDA:2,set title
FNDA:4,get native_language
FNDA:2,set native_language
FNDA:4,get state
FNDA:2,set state
FNDA:4,get street_address
FNDA:2,set street_address
FNDA:4,get telephone
FNDA:2,set telephone
FNDA:4,get years_experience
FNDA:2,set years_experience
FNDA:2,toJSON
DA:1,1
DA:2,1
DA:3,1
DA:4,1
DA:9,1
DA:10,1
DA:11,1
DA:12,1
DA:13,1
DA:14,1
DA:15,1
DA:16,1
DA:17,1
DA:18,1
DA:19,1
DA:20,1
DA:21,1
DA:22,1
DA:23,1
DA:28,1
DA:29,190
DA:30,190
DA:35,1
DA:36,0
DA:37,0
DA:43,1
DA:44,0
DA:45,0
DA:51,1
DA:52,4
DA:53,4
DA:60,1
DA:61,2
DA:62,1
DA:63,1
DA:64,1
DA:65,1
DA:66,1
DA:67,1
DA:68,1
DA:69,2
DA:75,1
DA:76,4
DA:77,4
DA:84,1
DA:85,2
DA:86,1
DA:87,1
DA:88,1
DA:89,1
DA:90,1
DA:91,1
DA:92,1
DA:93,2
DA:99,1
DA:100,4
DA:101,4
DA:108,1
DA:109,2
DA:110,1
DA:111,1
DA:112,1
DA:113,1
DA:114,1
DA:115,1
DA:116,1
DA:117,2
DA:123,1
DA:124,4
DA:125,4
DA:132,1
DA:133,2
DA:134,1
DA:135,1
DA:136,1
DA:137,1
DA:138,1
DA:139,1
DA:140,1
DA:141,2
DA:147,1
DA:148,4
DA:149,4
DA:156,1
DA:157,2
DA:158,1
DA:159,1
DA:160,1
DA:161,1
DA:162,1
DA:163,1
DA:164,1
DA:165,2
DA:171,1
DA:172,4
DA:173,4
DA:180,1
DA:181,2
DA:182,1
DA:183,1
DA:184,1
DA:185,1
DA:186,1
DA:187,1
DA:188,1
DA:189,2
DA:195,1
DA:196,4
DA:197,4
DA:204,1
DA:205,2
DA:206,1
DA:207,1
DA:208,1
DA:209,1
DA:210,1
DA:211,1
DA:212,1
DA:213,2
DA:219,1
DA:220,4
DA:221,4
DA:228,1
DA:229,2
DA:230,1
DA:231,1
DA:232,1
DA:233,1
DA:234,1
DA:235,1
DA:236,1
DA:237,2
DA:243,1
DA:244,4
DA:245,4
DA:252,1
DA:253,2
DA:254,1
DA:255,1
DA:256,1
DA:257,1
DA:258,1
DA:259,1
DA:260,1
DA:261,2
DA:267,1
DA:268,4
DA:269,4
DA:276,1
DA:277,2
DA:278,1
DA:279,1
DA:280,1
DA:281,1
DA:282,1
DA:283,1
DA:284,1
DA:285,2
DA:291,1
DA:292,4
DA:293,4
DA:300,1
DA:301,2
DA:302,1
DA:303,1
DA:304,1
DA:305,1
DA:306,1
DA:307,1
DA:308,1
DA:309,2
DA:315,1
DA:316,4
DA:317,4
DA:324,1
DA:325,2
DA:326,1
DA:327,1
DA:328,1
DA:329,1
DA:330,1
DA:331,1
DA:332,1
DA:333,2
DA:339,1
DA:340,4
DA:341,4
DA:348,1
DA:349,2
DA:350,1
DA:351,1
DA:352,1
DA:353,1
DA:354,1
DA:355,1
DA:356,1
DA:357,2
DA:379,1
DA:393,2
DA:394,2
DA:395,2
DA:396,2
DA:397,2
DA:398,2
DA:399,2
DA:400,2
DA:401,2
DA:402,2
DA:403,2
DA:404,2
DA:405,2
DA:406,2
DA:407,2
DA:408,2
DA:409,2
DA:410,2
DA:411,2
DA:412,2
DA:413,1
LF:219
LH:215
BRDA:28,0,0,190
BRDA:51,1,0,4
BRDA:60,2,0,2
BRDA:61,3,0,1
BRDA:75,4,0,4
BRDA:84,5,0,2
BRDA:85,6,0,1
BRDA:99,7,0,4
BRDA:108,8,0,2
BRDA:109,9,0,1
BRDA:123,10,0,4
BRDA:132,11,0,2
BRDA:133,12,0,1
BRDA:147,13,0,4
BRDA:156,14,0,2
BRDA:157,15,0,1
BRDA:171,16,0,4
BRDA:180,17,0,2
BRDA:181,18,0,1
BRDA:195,19,0,4
BRDA:204,20,0,2
BRDA:205,21,0,1
BRDA:219,22,0,4
BRDA:228,23,0,2
BRDA:229,24,0,1
BRDA:243,25,0,4
BRDA:252,26,0,2
BRDA:253,27,0,1
BRDA:267,28,0,4
BRDA:276,29,0,2
BRDA:277,30,0,1
BRDA:291,31,0,4
BRDA:300,32,0,2
BRDA:301,33,0,1
BRDA:315,34,0,4
BRDA:324,35,0,2
BRDA:325,36,0,1
BRDA:339,37,0,4
BRDA:348,38,0,2
BRDA:349,39,0,1
BRDA:379,40,0,2
BRF:41
BRH:41
end_of_record
TN:
SF:src/cmi/aicc/student_preferences.ts
FN:16,AICCStudentPreferences
FN:31,initialize
FN:46,get lesson_type
FN:54,set lesson_type
FN:66,get text_color
FN:74,set text_color
FN:86,get text_location
FN:94,set text_location
FN:110,get text_size
FN:118,set text_size
FN:130,get video
FN:138,set video
FN:161,toJSON
FNF:13
FNH:13
FNDA:181,AICCStudentPreferences
FNDA:157,initialize
FNDA:6,get lesson_type
FNDA:4,set lesson_type
FNDA:6,get text_color
FNDA:4,set text_color
FNDA:6,get text_location
FNDA:4,set text_location
FNDA:6,get text_size
FNDA:4,set text_size
FNDA:6,get video
FNDA:4,set video
FNDA:3,toJSON
DA:1,1
DA:2,1
DA:3,1
DA:4,1
DA:5,1
DA:6,1
DA:7,1
DA:12,1
DA:16,1
DA:17,181
DA:18,181
DA:19,181
DA:20,181
DA:21,181
DA:22,181
DA:23,181
DA:24,181
DA:31,1
DA:32,157
DA:33,157
DA:34,157
DA:36,1
DA:37,1
DA:38,1
DA:39,1
DA:40,1
DA:46,1
DA:47,6
DA:48,6
DA:54,1
DA:55,4
DA:56,4
DA:57,4
DA:58,3
DA:59,3
DA:60,4
DA:66,1
DA:67,6
DA:68,6
DA:74,1
DA:75,4
DA:76,4
DA:77,4
DA:78,3
DA:79,3
DA:80,4
DA:86,1
DA:87,6
DA:88,6
DA:94,1
DA:95,4
DA:96,4
DA:97,4
DA:98,4
DA:99,4
DA:100,4
DA:101,4
DA:102,3
DA:103,3
DA:104,4
DA:110,1
DA:111,6
DA:112,6
DA:118,1
DA:119,4
DA:120,4
DA:121,4
DA:122,3
DA:123,3
DA:124,4
DA:130,1
DA:131,6
DA:132,6
DA:138,1
DA:139,4
DA:140,3
DA:141,3
DA:142,4
DA:161,1
DA:172,3
DA:173,3
DA:174,3
DA:175,3
DA:176,3
DA:177,3
DA:178,3
DA:179,3
DA:180,3
DA:181,3
DA:182,3
DA:183,3
DA:184,3
DA:185,3
DA:186,3
DA:187,3
DA:188,3
DA:189,1
LF:97
LH:97
BRDA:16,0,0,181
BRDA:31,1,0,157
BRDA:46,2,0,6
BRDA:54,3,0,4
BRDA:57,4,0,3
BRDA:66,5,0,6
BRDA:74,6,0,4
BRDA:77,7,0,3
BRDA:86,8,0,6
BRDA:94,9,0,4
BRDA:101,10,0,3
BRDA:110,11,0,6
BRDA:118,12,0,4
BRDA:121,13,0,3
BRDA:130,14,0,6
BRDA:138,15,0,4
BRDA:139,16,0,3
BRDA:161,17,0,3
BRF:18
BRH:18
end_of_record
TN:
SF:src/cmi/aicc/tries.ts
FN:17,CMITries
FN:35,CMITriesObject
FN:53,initialize
FN:61,reset
FN:72,get status
FN:80,set status
FN:90,get time
FN:98,set time
FN:114,toJSON
FNF:9
FNH:8
FNDA:165,CMITries
FNDA:13,CMITriesObject
FNDA:3,initialize
FNDA:0,reset
FNDA:4,get status
FNDA:13,set status
FNDA:3,get time
FNDA:9,set time
FNDA:2,toJSON
DA:1,1
DA:2,1
DA:3,1
DA:4,1
DA:5,1
DA:6,1
DA:7,1
DA:8,1
DA:13,1
DA:17,1
DA:18,165
DA:19,165
DA:20,165
DA:21,165
DA:22,165
DA:23,1
DA:28,1
DA:29,1
DA:30,1
DA:35,1
DA:36,13
DA:37,13
DA:38,13
DA:39,13
DA:40,13
DA:41,13
DA:42,13
DA:43,13
DA:44,13
DA:45,13
DA:46,13
DA:53,1
DA:54,3
DA:55,3
DA:56,3
DA:61,1
DA:62,0
DA:63,0
DA:64,0
DA:65,0
DA:66,0
DA:72,1
DA:73,4
DA:74,4
DA:80,1
DA:81,13
DA:82,6
DA:83,6
DA:84,13
DA:90,1
DA:91,3
DA:92,3
DA:98,1
DA:99,9
DA:100,4
DA:101,4
DA:102,9
DA:114,1
DA:118,2
DA:119,2
DA:120,2
DA:121,2
DA:122,2
DA:123,2
DA:124,2
DA:125,2
DA:126,2
DA:127,2
DA:128,1
LF:69
LH:64
BRDA:17,0,0,165
BRDA:35,1,0,13
BRDA:53,2,0,3
BRDA:72,3,0,4
BRDA:80,4,0,13
BRDA:81,5,0,6
BRDA:90,6,0,3
BRDA:98,7,0,9
BRDA:99,8,0,4
BRDA:114,9,0,2
BRF:10
BRH:10
end_of_record
TN:
SF:src/cmi/aicc/validation.ts
FN:13,checkAICCValidFormat
FNF:1
FNH:1
FNDA:94,checkAICCValidFormat
DA:1,1
DA:2,1
DA:3,1
DA:13,1
DA:14,94
DA:15,94
DA:16,94
DA:17,94
DA:18,94
DA:19,94
DA:20,94
DA:21,94
DA:22,94
DA:23,94
DA:24,94
DA:25,94
DA:26,94
DA:27,94
LF:18
LH:18
BRDA:13,0,0,94
BRF:1
BRH:1
end_of_record
TN:
SF:src/cmi/common/array.ts
FN:18,CMIArray
FN:34,reset
FN:50,get _children
FN:58,set _children
FN:66,get _count
FN:74,set _count
FN:82,toJSON
FNF:7
FNH:7
FNDA:3955,CMIArray
FNDA:24,reset
FNDA:21,get _children
FNDA:29,set _children
FNDA:38,get _count
FNDA:36,set _count
FNDA:357,toJSON
DA:1,1
DA:2,1
DA:3,1
DA:8,1
DA:18,1
DA:23,3955
DA:24,3955
DA:25,3955
DA:26,3955
DA:27,3955
DA:28,3955
DA:29,3955
DA:34,1
DA:35,24
DA:36,24
DA:37,12
DA:38,12
DA:40,12
DA:41,0
DA:42,0
DA:43,12
DA:44,24
DA:50,1
DA:51,21
DA:52,21
DA:58,1
DA:59,29
DA:60,29
DA:66,1
DA:67,38
DA:68,38
DA:74,1
DA:75,36
DA:76,36
DA:82,1
DA:83,357
DA:84,357
DA:85,357
DA:86,367
DA:87,367
DA:88,357
DA:89,357
DA:90,357
DA:91,1
LF:44
LH:42
BRDA:18,0,0,3955
BRDA:26,1,0,494
BRDA:27,2,0,494
BRDA:34,3,0,24
BRDA:36,4,0,12
BRDA:40,5,0,0
BRDA:50,6,0,21
BRDA:58,7,0,29
BRDA:66,8,0,38
BRDA:74,9,0,36
BRDA:82,10,0,357
BRDA:85,11,0,367
BRF:12
BRH:11
end_of_record
TN:
SF:src/cmi/common/base_cmi.ts
FN:14,BaseCMI
FN:22,get initialized
FN:30,get start_time
FN:37,initialize
FN:45,setStartTime
FNF:5
FNH:4
FNDA:14471,BaseCMI
FNDA:1019,get initialized
FNDA:25,get start_time
FNDA:4847,initialize
FNDA:0,setStartTime
DA:4,1
DA:5,1
DA:7,1
DA:14,1
DA:15,14471
DA:16,14471
DA:22,1
DA:23,1019
DA:24,1019
DA:30,1
DA:31,25
DA:32,25
DA:37,1
DA:38,4847
DA:39,4847
DA:45,1
DA:46,0
DA:47,0
DA:50,1
DA:55,1
DA:57,1
LF:21
LH:19
BRDA:14,0,0,14471
BRDA:22,1,0,1019
BRDA:30,2,0,25
BRDA:37,3,0,4847
BRF:4
BRH:4
end_of_record
TN:
SF:src/cmi/common/score.ts
FN:37,CMIScore
FN:63,reset
FN:71,get _children
FN:79,set _children
FN:87,get raw
FN:95,set raw
FN:115,get min
FN:123,set min
FN:143,get max
FN:151,set max
FN:171,getScoreObject
FN:195,toJSON
FNF:12
FNH:12
FNDA:1066,CMIScore
FNDA:5,reset
FNDA:10,get _children
FNDA:14,set _children
FNDA:486,get raw
FNDA:168,set raw
FNDA:481,get min
FNDA:158,set min
FNDA:485,get max
FNDA:202,set max
FNDA:10,getScoreObject
FNDA:30,toJSON
DA:1,1
DA:2,1
DA:3,1
DA:4,1
DA:6,1
DA:12,1
DA:20,1
DA:21,1
DA:37,1
DA:47,1066
DA:48,1066
DA:50,1066
DA:51,1066
DA:52,1066
DA:53,1066
DA:54,1066
DA:55,1066
DA:56,1066
DA:57,1066
DA:58,1066
DA:63,1
DA:64,5
DA:65,5
DA:71,1
DA:72,10
DA:73,10
DA:79,1
DA:80,14
DA:81,14
DA:87,1
DA:88,486
DA:89,486
DA:95,1
DA:96,168
DA:97,168
DA:98,168
DA:99,168
DA:100,168
DA:101,168
DA:102,168
DA:103,168
DA:104,168
DA:105,168
DA:106,168
DA:107,105
DA:108,105
DA:109,168
DA:115,1
DA:116,481
DA:117,481
DA:123,1
DA:124,158
DA:125,158
DA:126,158
DA:127,158
DA:128,158
DA:129,158
DA:130,158
DA:131,158
DA:132,158
DA:133,158
DA:134,158
DA:135,99
DA:136,99
DA:137,158
DA:143,1
DA:144,485
DA:145,485
DA:151,1
DA:152,202
DA:153,202
DA:154,202
DA:155,202
DA:156,202
DA:157,202
DA:158,202
DA:159,202
DA:160,202
DA:161,202
DA:162,202
DA:163,143
DA:164,143
DA:165,202
DA:171,1
DA:172,10
DA:173,10
DA:174,2
DA:175,2
DA:176,10
DA:177,2
DA:178,2
DA:179,10
DA:180,6
DA:181,6
DA:182,10
DA:183,10
DA:195,1
DA:199,30
DA:200,30
DA:201,30
DA:202,30
DA:203,30
DA:204,30
DA:205,30
DA:206,30
DA:207,30
DA:208,30
DA:209,1
LF:108
LH:108
BRDA:37,0,0,1066
BRDA:50,1,0,0
BRDA:51,2,0,506
BRDA:51,3,0,560
BRDA:52,4,0,506
BRDA:52,5,0,560
BRDA:53,6,0,0
BRDA:54,7,0,0
BRDA:55,8,0,0
BRDA:56,9,0,560
BRDA:63,10,0,5
BRDA:71,11,0,10
BRDA:79,12,0,14
BRDA:87,13,0,486
BRDA:95,14,0,168
BRDA:106,15,0,105
BRDA:115,16,0,481
BRDA:123,17,0,158
BRDA:134,18,0,99
BRDA:143,19,0,485
BRDA:151,20,0,202
BRDA:162,21,0,143
BRDA:171,22,0,10
BRDA:173,23,0,2
BRDA:176,24,0,2
BRDA:179,25,0,6
BRDA:195,26,0,30
BRF:27
BRH:23
end_of_record
TN:
SF:src/cmi/common/validation.ts
FN:15,valueKey
FNF:1
FNH:1
FNDA:2734,valueKey
DA:2,1
DA:14,1
DA:15,1
DA:16,2734
DA:17,2734
DA:18,2734
DA:19,2734
DA:20,2734
DA:21,2734
DA:22,2734
DA:24,2734
DA:25,10
DA:26,10
DA:27,2724
DA:28,2724
DA:29,2734
DA:30,12
DA:31,12
DA:32,2734
DA:33,1098
DA:34,1098
DA:35,1609
DA:36,2734
DA:39,1
DA:42,23989
DA:43,23989
DA:44,23989
DA:45,1
DA:56,1
DA:57,1
DA:58,1258
DA:59,1258
DA:60,1258
DA:61,1258
DA:62,1258
DA:63,1258
DA:64,1258
DA:65,1258
DA:66,1258
DA:67,908
DA:68,501
DA:69,905
DA:70,407
DA:71,407
DA:72,1258
DA:73,350
DA:74,350
DA:75,1258
DA:78,1
DA:79,1778
DA:80,1
LF:51
LH:51
BRDA:15,0,0,2734
BRDA:24,1,0,10
BRDA:26,2,0,2732
BRDA:26,3,0,2724
BRDA:29,4,0,132
BRDA:29,5,0,2732
BRDA:29,6,0,12
BRDA:31,7,0,2707
BRDA:32,8,0,1612
BRDA:32,9,0,2732
BRDA:32,10,0,1098
BRDA:34,11,0,1609
BRDA:39,12,0,23989
BRDA:42,13,0,3881
BRDA:42,14,0,20108
BRDA:43,15,0,23809
BRDA:57,16,0,1258
BRDA:66,17,0,908
BRDA:67,18,0,818
BRDA:67,19,0,905
BRDA:67,20,0,501
BRDA:69,21,0,407
BRDA:72,22,0,350
BRDA:78,23,0,1778
BRF:24
BRH:24
end_of_record
TN:
SF:src/cmi/scorm12/cmi.ts
FN:29,CMI
FN:49,reset
FN:64,initialize
FN:90,toJSON
FN:121,get _version
FN:129,set _version
FN:140,get _children
FN:148,set _children
FN:159,get suspend_data
FN:167,set suspend_data
FN:177,get launch_data
FN:185,set launch_data
FN:200,get comments
FN:208,set comments
FN:225,get comments_from_lms
FN:233,set comments_from_lms
FN:249,getCurrentTotalTime
FNF:17
FNH:17
FNDA:481,CMI
FNDA:4,reset
FNDA:176,initialize
FNDA:23,toJSON
FNDA:4,get _version
FNDA:6,set _version
FNDA:4,get _children
FNDA:6,set _children
FNDA:29,get suspend_data
FNDA:9,set suspend_data
FNDA:29,get launch_data
FNDA:6,set launch_data
FNDA:29,get comments
FNDA:8,set comments
FNDA:29,get comments_from_lms
FNDA:6,set comments_from_lms
FNDA:11,getCurrentTotalTime
DA:1,1
DA:2,1
DA:3,1
DA:4,1
DA:5,1
DA:6,1
DA:7,1
DA:8,1
DA:9,1
DA:10,1
DA:11,1
DA:16,1
DA:17,1
DA:18,1
DA:19,1
DA:20,1
DA:21,1
DA:29,1
DA:30,481
DA:31,481
DA:32,481
DA:33,481
DA:34,481
DA:35,481
DA:36,481
DA:37,481
DA:38,481
DA:49,1
DA:50,4
DA:52,4
DA:53,4
DA:54,4
DA:55,4
DA:56,4
DA:57,4
DA:58,4
DA:59,4
DA:64,1
DA:65,176
DA:66,176
DA:67,176
DA:68,176
DA:69,176
DA:70,176
DA:71,176
DA:90,1
DA:100,23
DA:101,23
DA:102,23
DA:103,23
DA:104,23
DA:105,23
DA:106,23
DA:107,23
DA:108,23
DA:109,23
DA:110,23
DA:111,23
DA:112,23
DA:113,23
DA:114,23
DA:115,23
DA:121,1
DA:122,4
DA:123,4
DA:129,1
DA:130,6
DA:131,6
DA:132,6
DA:133,6
DA:134,6
DA:140,1
DA:141,4
DA:142,4
DA:148,1
DA:149,6
DA:150,6
DA:151,6
DA:152,6
DA:153,6
DA:159,1
DA:160,29
DA:161,29
DA:167,1
DA:168,9
DA:169,9
DA:170,9
DA:171,9
DA:177,1
DA:178,29
DA:179,29
DA:185,1
DA:186,6
DA:187,4
DA:188,4
DA:189,4
DA:190,4
DA:191,4
DA:192,2
DA:193,2
DA:194,6
DA:200,1
DA:201,29
DA:202,29
DA:208,1
DA:209,8
DA:210,8
DA:211,8
DA:212,8
DA:213,8
DA:214,8
DA:215,8
DA:216,8
DA:217,4
DA:218,4
DA:219,8
DA:225,1
DA:226,29
DA:227,29
DA:233,1
DA:234,6
DA:235,4
DA:236,4
DA:237,4
DA:238,4
DA:239,4
DA:240,2
DA:241,2
DA:242,6
DA:249,1
DA:250,11
DA:251,11
DA:252,1
LF:133
LH:133
BRDA:29,0,0,481
BRDA:31,1,0,0
BRDA:32,2,0,164
BRDA:32,3,0,317
BRDA:35,4,0,0
BRDA:49,5,0,4
BRDA:64,6,0,176
BRDA:90,7,0,23
BRDA:121,8,0,4
BRDA:129,9,0,6
BRDA:140,10,0,4
BRDA:148,11,0,6
BRDA:159,12,0,29
BRDA:167,13,0,9
BRDA:177,14,0,29
BRDA:185,15,0,6
BRDA:186,16,0,4
BRDA:191,17,0,2
BRDA:200,18,0,29
BRDA:208,19,0,8
BRDA:216,20,0,4
BRDA:225,21,0,29
BRDA:233,22,0,6
BRDA:234,23,0,4
BRDA:239,24,0,2
BRDA:249,25,0,11
BRF:26
BRH:24
end_of_record
TN:
SF:src/cmi/scorm12/interactions.ts
FN:17,CMIInteractions
FN:35,CMIInteractionsObject
FN:57,initialize
FN:74,reset
FN:93,get id
FN:107,set id
FN:117,get time
FN:131,set time
FN:141,get type
FN:155,set type
FN:165,get weighting
FN:179,set weighting
FN:192,get student_response
FN:206,set student_response
FN:223,get result
FN:237,set result
FN:247,get latency
FN:261,set latency
FN:284,toJSON
FN:320,CMIInteractionsObjectivesObject
FN:329,reset
FN:338,get id
FN:346,set id
FN:360,toJSON
FN:380,CMIInteractionsCorrectResponsesObject
FN:389,reset
FN:398,get pattern
FN:412,set pattern
FN:428,toJSON
FNF:29
FNH:26
FNDA:486,CMIInteractions
FNDA:44,CMIInteractionsObject
FNDA:23,initialize
FNDA:0,reset
FNDA:7,get id
FNDA:7,set id
FNDA:6,get time
FNDA:11,set time
FNDA:6,get type
FNDA:14,set type
FNDA:6,get weighting
FNDA:15,set weighting
FNDA:6,get student_response
FNDA:3,set student_response
FNDA:6,get result
FNDA:14,set result
FNDA:6,get latency
FNDA:10,set latency
FNDA:3,toJSON
FNDA:5,CMIInteractionsObjectivesObject
FNDA:0,reset
FNDA:4,get id
FNDA:3,set id
FNDA:2,toJSON
FNDA:7,CMIInteractionsCorrectResponsesObject
FNDA:0,reset
FNDA:3,get pattern
FNDA:5,set pattern
FNDA:2,toJSON
DA:1,1
DA:2,1
DA:3,1
DA:4,1
DA:5,1
DA:6,1
DA:7,1
DA:13,1
DA:17,1
DA:18,486
DA:19,486
DA:20,486
DA:21,486
DA:22,486
DA:23,486
DA:24,486
DA:25,1
DA:31,1
DA:35,1
DA:36,44
DA:37,44
DA:38,44
DA:39,44
DA:40,44
DA:41,44
DA:42,44
DA:43,44
DA:44,44
DA:45,44
DA:46,44
DA:47,44
DA:48,44
DA:49,44
DA:57,1
DA:58,23
DA:59,23
DA:60,23
DA:61,23
DA:63,1
DA:64,1
DA:65,1
DA:66,1
DA:67,1
DA:68,1
DA:69,1
DA:74,1
DA:75,0
DA:77,0
DA:78,0
DA:79,0
DA:80,0
DA:81,0
DA:82,0
DA:83,0
DA:85,0
DA:86,0
DA:87,0
DA:93,1
DA:94,7
DA:95,4
DA:96,4
DA:97,4
DA:98,4
DA:99,4
DA:100,3
DA:101,7
DA:107,1
DA:108,7
DA:109,7
DA:110,7
DA:111,7
DA:117,1
DA:118,6
DA:119,3
DA:120,3
DA:121,3
DA:122,3
DA:123,3
DA:124,3
DA:125,6
DA:131,1
DA:132,11
DA:133,6
DA:134,6
DA:135,11
DA:141,1
DA:142,6
DA:143,3
DA:144,3
DA:145,3
DA:146,3
DA:147,3
DA:148,3
DA:149,6
DA:155,1
DA:156,14
DA:157,11
DA:158,11
DA:159,14
DA:165,1
DA:166,6
DA:167,3
DA:168,3
DA:169,3
DA:170,3
DA:171,3
DA:172,3
DA:173,6
DA:179,1
DA:180,15
DA:181,15
DA:182,14
DA:183,15
DA:184,9
DA:185,9
DA:186,15
DA:192,1
DA:193,6
DA:194,3
DA:195,3
DA:196,3
DA:197,3
DA:198,3
DA:199,3
DA:200,6
DA:206,1
DA:207,3
DA:208,3
DA:209,3
DA:210,3
DA:211,3
DA:212,3
DA:213,3
DA:214,3
DA:215,3
DA:216,3
DA:217,3
DA:223,1
DA:224,6
DA:225,3
DA:226,3
DA:227,3
DA:228,3
DA:229,3
DA:230,3
DA:231,6
DA:237,1
DA:238,14
DA:239,10
DA:240,10
DA:241,14
DA:247,1
DA:248,6
DA:249,3
DA:250,3
DA:251,3
DA:252,3
DA:253,3
DA:254,3
DA:255,6
DA:261,1
DA:262,10
DA:263,7
DA:264,7
DA:265,10
DA:284,1
DA:294,3
DA:295,3
DA:296,3
DA:297,3
DA:298,3
DA:299,3
DA:300,3
DA:301,3
DA:302,3
DA:303,3
DA:304,3
DA:305,3
DA:306,3
DA:307,3
DA:308,3
DA:309,3
DA:310,1
DA:316,1
DA:320,1
DA:321,5
DA:322,5
DA:324,5
DA:329,1
DA:330,0
DA:331,0
DA:332,0
DA:338,1
DA:339,4
DA:340,4
DA:346,1
DA:347,3
DA:348,3
DA:349,3
DA:350,3
DA:360,1
DA:362,2
DA:363,2
DA:364,2
DA:365,2
DA:366,2
DA:367,2
DA:368,2
DA:369,2
DA:370,1
DA:376,1
DA:380,1
DA:381,7
DA:382,7
DA:384,7
DA:389,1
DA:390,0
DA:391,0
DA:392,0
DA:398,1
DA:399,3
DA:400,3
DA:401,3
DA:402,3
DA:403,3
DA:404,3
DA:405,0
DA:406,3
DA:412,1
DA:413,5
DA:414,5
DA:415,5
DA:416,5
DA:417,5
DA:418,5
DA:428,1
DA:430,2
DA:431,2
DA:432,2
DA:433,2
DA:434,2
DA:435,2
DA:436,2
DA:437,2
DA:438,1
LF:245
LH:227
BRDA:17,0,0,486
BRDA:35,1,0,44
BRDA:57,2,0,23
BRDA:93,3,0,7
BRDA:94,4,0,4
BRDA:99,5,0,3
BRDA:107,6,0,7
BRDA:117,7,0,6
BRDA:118,8,0,3
BRDA:131,9,0,11
BRDA:132,10,0,6
BRDA:141,11,0,6
BRDA:142,12,0,3
BRDA:155,13,0,14
BRDA:156,14,0,11
BRDA:165,15,0,6
BRDA:166,16,0,3
BRDA:179,17,0,15
BRDA:181,18,0,14
BRDA:183,19,0,9
BRDA:192,20,0,6
BRDA:193,21,0,3
BRDA:206,22,0,3
BRDA:223,23,0,6
BRDA:224,24,0,3
BRDA:237,25,0,14
BRDA:238,26,0,10
BRDA:247,27,0,6
BRDA:248,28,0,3
BRDA:261,29,0,10
BRDA:262,30,0,7
BRDA:284,31,0,3
BRDA:320,32,0,5
BRDA:338,33,0,4
BRDA:346,34,0,3
BRDA:360,35,0,2
BRDA:380,36,0,7
BRDA:398,37,0,3
BRDA:404,38,0,0
BRDA:412,39,0,5
BRDA:428,40,0,2
BRF:41
BRH:40
end_of_record
TN:
SF:src/cmi/scorm12/nav.ts
FN:12,NAV
FN:19,reset
FN:30,get event
FN:38,set event
FN:55,toJSON
FNF:5
FNH:5
FNDA:315,NAV
FNDA:4,reset
FNDA:10,get event
FNDA:11,set event
FNDA:1,toJSON
DA:1,1
DA:2,1
DA:3,1
DA:8,1
DA:12,1
DA:13,315
DA:14,315
DA:19,315
DA:20,4
DA:21,4
DA:22,4
DA:24,315
DA:30,1
DA:31,10
DA:32,10
DA:38,1
DA:39,11
DA:40,11
DA:41,9
DA:42,11
DA:43,6
DA:44,6
DA:45,11
DA:55,1
DA:57,1
DA:58,1
DA:59,1
DA:60,1
DA:61,1
DA:62,1
DA:63,1
DA:64,1
DA:65,1
LF:33
LH:33
BRDA:12,0,0,315
BRDA:19,1,0,4
BRDA:30,2,0,10
BRDA:38,3,0,11
BRDA:40,4,0,9
BRDA:42,5,0,6
BRDA:55,6,0,1
BRF:7
BRH:7
end_of_record
TN:
SF:src/cmi/scorm12/objectives.ts
FN:18,CMIObjectives
FN:36,CMIObjectivesObject
FN:57,reset
FN:68,get id
FN:76,set id
FN:86,get status
FN:94,set status
FN:110,toJSON
FNF:8
FNH:7
FNDA:485,CMIObjectives
FNDA:59,CMIObjectivesObject
FNDA:0,reset
FNDA:9,get id
FNDA:47,set id
FNDA:4,get status
FNDA:53,set status
FNDA:3,toJSON
DA:1,1
DA:2,1
DA:3,1
DA:4,1
DA:5,1
DA:6,1
DA:7,1
DA:8,1
DA:14,1
DA:18,1
DA:19,485
DA:20,485
DA:21,485
DA:22,485
DA:23,485
DA:24,485
DA:25,485
DA:26,1
DA:32,1
DA:36,1
DA:37,59
DA:38,59
DA:39,59
DA:40,59
DA:41,59
DA:42,59
DA:43,59
DA:44,59
DA:45,59
DA:46,59
DA:47,59
DA:51,1
DA:52,1
DA:57,1
DA:58,0
DA:59,0
DA:60,0
DA:61,0
DA:62,0
DA:68,1
DA:69,9
DA:70,9
DA:76,1
DA:77,47
DA:78,47
DA:79,47
DA:80,47
DA:86,1
DA:87,4
DA:88,4
DA:94,1
DA:95,53
DA:96,46
DA:97,46
DA:98,53
DA:110,1
DA:114,3
DA:115,3
DA:116,3
DA:117,3
DA:118,3
DA:119,3
DA:120,3
DA:121,3
DA:122,3
DA:123,3
DA:124,1
LF:67
LH:62
BRDA:18,0,0,485
BRDA:36,1,0,59
BRDA:68,2,0,9
BRDA:76,3,0,47
BRDA:86,4,0,4
BRDA:94,5,0,53
BRDA:95,6,0,46
BRDA:110,7,0,3
BRF:8
BRH:8
end_of_record
TN:
SF:src/cmi/scorm12/student_data.ts
FN:21,CMIStudentData
FN:31,reset
FN:40,get _children
FN:49,set _children
FN:60,get mastery_score
FN:68,set mastery_score
FN:77,get max_time_allowed
FN:85,set max_time_allowed
FN:94,get time_limit_action
FN:102,set time_limit_action
FN:118,toJSON
FNF:11
FNH:10
FNDA:645,CMIStudentData
FNDA:0,reset
FNDA:4,get _children
FNDA:4,set _children
FNDA:33,get mastery_score
FNDA:10,set mastery_score
FNDA:29,get max_time_allowed
FNDA:6,set max_time_allowed
FNDA:29,get time_limit_action
FNDA:6,set time_limit_action
FNDA:23,toJSON
DA:1,1
DA:2,1
DA:3,1
DA:4,1
DA:5,1
DA:11,1
DA:13,1
DA:14,1
DA:15,1
DA:21,1
DA:22,645
DA:23,645
DA:24,164
DA:25,481
DA:26,645
DA:31,1
DA:32,0
DA:33,0
DA:40,1
DA:41,4
DA:42,4
DA:49,1
DA:50,4
DA:51,4
DA:52,4
DA:53,4
DA:54,4
DA:60,1
DA:61,33
DA:62,33
DA:68,1
DA:69,10
DA:70,10
DA:71,10
DA:77,1
DA:78,29
DA:79,29
DA:85,1
DA:86,6
DA:87,6
DA:88,6
DA:94,1
DA:95,29
DA:96,29
DA:102,1
DA:103,6
DA:104,6
DA:105,6
DA:118,1
DA:122,23
DA:123,23
DA:124,23
DA:125,23
DA:126,23
DA:127,23
DA:128,23
DA:129,23
DA:130,23
DA:131,23
DA:132,1
LF:60
LH:58
BRDA:21,0,0,645
BRDA:23,1,0,164
BRDA:24,2,0,481
BRDA:40,3,0,4
BRDA:49,4,0,4
BRDA:60,5,0,33
BRDA:68,6,0,10
BRDA:77,7,0,29
BRDA:85,8,0,6
BRDA:94,9,0,29
BRDA:102,10,0,6
BRDA:118,11,0,23
BRF:12
BRH:12
end_of_record
TN:
SF:src/cmi/scorm12/student_preference.ts
FN:18,CMIStudentPreference
FN:33,reset
FN:42,get _children
FN:51,set _children
FN:62,get audio
FN:70,set audio
FN:80,get language
FN:88,set language
FN:98,get speed
FN:106,set speed
FN:116,get text
FN:124,set text
FN:142,toJSON
FNF:13
FNH:13
FNDA:662,CMIStudentPreference
FNDA:4,reset
FNDA:4,get _children
FNDA:4,set _children
FNDA:29,get audio
FNDA:30,set audio
FNDA:32,get language
FNDA:10,set language
FNDA:29,get speed
FNDA:50,set speed
FNDA:29,get text
FNDA:42,set text
FNDA:23,toJSON
DA:1,1
DA:2,1
DA:3,1
DA:4,1
DA:5,1
DA:11,1
DA:18,1
DA:19,662
DA:20,662
DA:21,181
DA:22,481
DA:23,662
DA:25,1
DA:26,1
DA:27,1
DA:28,1
DA:33,1
DA:34,4
DA:35,4
DA:42,1
DA:43,4
DA:44,4
DA:51,1
DA:52,4
DA:53,4
DA:54,4
DA:55,4
DA:56,4
DA:62,1
DA:63,29
DA:64,29
DA:70,1
DA:71,30
DA:72,18
DA:73,18
DA:74,30
DA:80,1
DA:81,32
DA:82,32
DA:88,1
DA:89,10
DA:90,6
DA:91,6
DA:92,10
DA:98,1
DA:99,29
DA:100,29
DA:106,1
DA:107,50
DA:108,26
DA:109,26
DA:110,50
DA:116,1
DA:117,29
DA:118,29
DA:124,1
DA:125,42
DA:126,14
DA:127,14
DA:128,42
DA:142,1
DA:147,23
DA:148,23
DA:149,23
DA:150,23
DA:151,23
DA:152,23
DA:153,23
DA:154,23
DA:155,23
DA:156,23
DA:157,23
DA:158,1
LF:73
LH:73
BRDA:18,0,0,662
BRDA:20,1,0,181
BRDA:21,2,0,481
BRDA:33,3,0,4
BRDA:42,4,0,4
BRDA:51,5,0,4
BRDA:62,6,0,29
BRDA:70,7,0,30
BRDA:71,8,0,18
BRDA:80,9,0,32
BRDA:88,10,0,10
BRDA:89,11,0,6
BRDA:98,12,0,29
BRDA:106,13,0,50
BRDA:107,14,0,26
BRDA:116,15,0,29
BRDA:124,16,0,42
BRDA:125,17,0,14
BRDA:142,18,0,23
BRF:19
BRH:19
end_of_record
TN:
SF:src/cmi/scorm12/validation.ts
FN:13,check12ValidFormat
FN:37,check12ValidRange
FNF:2
FNH:2
FNDA:1651,check12ValidFormat
FNDA:715,check12ValidRange
DA:1,1
DA:2,1
DA:3,1
DA:13,1
DA:14,1651
DA:15,1651
DA:16,1651
DA:17,1651
DA:18,1651
DA:19,1651
DA:20,1651
DA:21,1651
DA:22,1651
DA:23,1651
DA:24,1651
DA:25,1651
DA:26,1651
DA:27,1651
DA:37,1
DA:38,715
DA:39,715
DA:40,715
DA:41,715
DA:42,715
DA:43,715
DA:44,0
DA:45,0
DA:47,715
DA:48,715
DA:49,715
DA:50,715
DA:51,715
DA:52,715
DA:53,715
DA:54,715
LF:35
LH:33
BRDA:13,0,0,1651
BRDA:37,1,0,715
BRDA:43,2,0,0
BRF:3
BRH:2
end_of_record
TN:
SF:src/cmi/scorm2004/adl.ts
FN:18,ADL
FN:31,initialize
FN:39,reset
FN:48,get sequencing
FN:56,set sequencing
FN:73,toJSON
FN:98,ADLNav
FN:109,get sequencing
FN:117,set sequencing
FN:124,initialize
FN:132,reset
FN:143,get request
FN:151,set request
FN:174,toJSON
FN:190,ADLData
FN:207,ADLDataObject
FN:214,reset
FN:222,get id
FN:230,set id
FN:240,get store
FN:248,set store
FN:266,toJSON
FN:297,ADLNavRequestValid
FN:304,reset
FN:314,get continue
FN:322,set continue
FN:340,get previous
FN:348,set previous
FN:366,get choice
FN:374,set choice
FN:415,get jump
FN:423,set jump
FN:470,toJSON
FNF:33
FNH:31
FNDA:250,ADL
FNDA:1,initialize
FNDA:6,reset
FNDA:0,get sequencing
FNDA:240,set sequencing
FNDA:3,toJSON
FNDA:280,ADLNav
FNDA:0,get sequencing
FNDA:240,set sequencing
FNDA:2,initialize
FNDA:8,reset
FNDA:165,get request
FNDA:84,set request
FNDA:4,toJSON
FNDA:501,ADLData
FNDA:8,ADLDataObject
FNDA:1,reset
FNDA:3,get id
FNDA:5,set id
FNDA:3,get store
FNDA:6,set store
FNDA:1,toJSON
FNDA:299,ADLNavRequestValid
FNDA:10,reset
FNDA:8,get continue
FNDA:8,set continue
FNDA:8,get previous
FNDA:8,set previous
FNDA:6,get choice
FNDA:7,set choice
FNDA:2,get jump
FNDA:3,set jump
FNDA:2,toJSON
DA:1,1
DA:2,1
DA:3,1
DA:4,1
DA:5,1
DA:6,1
DA:7,1
DA:8,1
DA:14,1
DA:18,1
DA:19,250
DA:20,250
DA:21,250
DA:22,250
DA:25,1
DA:26,1
DA:31,1
DA:32,1
DA:33,1
DA:34,1
DA:39,1
DA:40,6
DA:41,6
DA:42,6
DA:48,1
DA:49,0
DA:50,0
DA:56,1
DA:57,240
DA:58,240
DA:59,240
DA:60,240
DA:61,240
DA:62,240
DA:73,1
DA:76,3
DA:77,3
DA:78,3
DA:79,3
DA:80,3
DA:81,3
DA:82,3
DA:83,3
DA:84,3
DA:85,1
DA:91,1
DA:92,1
DA:93,1
DA:98,1
DA:99,280
DA:100,280
DA:101,280
DA:109,1
DA:110,0
DA:111,0
DA:117,1
DA:118,240
DA:119,240
DA:124,1
DA:125,2
DA:126,2
DA:127,2
DA:132,1
DA:133,8
DA:134,8
DA:135,8
DA:136,8
DA:137,8
DA:143,1
DA:144,165
DA:145,165
DA:151,1
DA:152,84
DA:154,74
DA:155,54
DA:158,54
DA:159,17
DA:160,17
DA:161,54
DA:162,74
DA:163,84
DA:174,1
DA:176,4
DA:177,4
DA:178,4
DA:179,4
DA:180,4
DA:181,4
DA:182,4
DA:183,4
DA:184,1
DA:189,1
DA:190,1
DA:191,501
DA:192,501
DA:193,501
DA:194,501
DA:195,501
DA:196,501
DA:197,501
DA:198,1
DA:203,1
DA:204,1
DA:205,1
DA:207,1
DA:208,8
DA:209,8
DA:214,1
DA:215,1
DA:216,1
DA:222,1
DA:223,3
DA:224,3
DA:230,1
DA:231,5
DA:232,4
DA:233,4
DA:234,5
DA:240,1
DA:241,3
DA:242,3
DA:248,1
DA:249,6
DA:250,6
DA:251,6
DA:252,5
DA:253,5
DA:254,6
DA:266,1
DA:269,1
DA:270,1
DA:271,1
DA:272,1
DA:273,1
DA:274,1
DA:275,1
DA:276,1
DA:277,1
DA:278,1
DA:284,1
DA:285,1
DA:286,1
DA:287,1
DA:289,1
DA:290,1
DA:292,1
DA:297,1
DA:298,299
DA:299,299
DA:304,1
DA:305,10
DA:306,10
DA:307,10
DA:308,10
DA:314,1
DA:315,8
DA:316,8
DA:322,1
DA:323,8
DA:324,1
DA:325,1
DA:326,1
DA:327,1
DA:328,1
DA:329,7
DA:330,7
DA:331,7
DA:332,7
DA:333,7
DA:334,8
DA:340,1
DA:341,8
DA:342,8
DA:348,1
DA:349,8
DA:350,1
DA:351,1
DA:352,1
DA:353,1
DA:354,1
DA:355,7
DA:356,7
DA:357,7
DA:358,7
DA:359,7
DA:360,8
DA:366,1
DA:367,6
DA:368,6
DA:374,1
DA:375,7
DA:376,1
DA:377,1
DA:378,1
DA:379,1
DA:380,1
DA:381,7
DA:382,1
DA:383,1
DA:384,1
DA:385,1
DA:386,1
DA:387,5
DA:388,5
DA:389,5
DA:390,5
DA:391,5
DA:392,5
DA:393,5
DA:394,5
DA:395,5
DA:396,5
DA:398,4
DA:399,4
DA:400,2
DA:401,2
DA:402,1
DA:403,1
DA:404,1
DA:405,1
DA:406,4
DA:407,5
DA:408,5
DA:409,7
DA:415,1
DA:416,2
DA:417,2
DA:423,1
DA:424,3
DA:425,1
DA:426,1
DA:427,1
DA:428,1
DA:429,1
DA:430,3
DA:431,1
DA:432,1
DA:433,1
DA:434,1
DA:435,1
DA:436,1
DA:437,1
DA:438,1
DA:439,1
DA:440,1
DA:441,1
DA:442,1
DA:443,1
DA:444,1
DA:445,1
DA:447,0
DA:448,0
DA:449,0
DA:450,0
DA:451,0
DA:452,0
DA:453,0
DA:454,0
DA:455,0
DA:456,1
DA:457,1
DA:458,3
DA:470,1
DA:473,2
DA:474,2
DA:475,2
DA:476,2
DA:477,2
DA:478,2
DA:479,2
DA:480,2
DA:481,2
DA:482,2
DA:483,2
DA:484,1
LF:275
LH:262
BRDA:18,0,0,250
BRDA:31,1,0,1
BRDA:39,2,0,6
BRDA:56,3,0,240
BRDA:73,4,0,3
BRDA:98,5,0,280
BRDA:117,6,0,240
BRDA:124,7,0,2
BRDA:132,8,0,8
BRDA:143,9,0,165
BRDA:151,10,0,84
BRDA:152,11,0,74
BRDA:154,12,0,54
BRDA:158,13,0,17
BRDA:174,14,0,4
BRDA:190,15,0,501
BRDA:207,16,0,8
BRDA:214,17,0,1
BRDA:222,18,0,3
BRDA:230,19,0,5
BRDA:231,20,0,4
BRDA:240,21,0,3
BRDA:248,22,0,6
BRDA:251,23,0,5
BRDA:266,24,0,1
BRDA:297,25,0,299
BRDA:304,26,0,10
BRDA:314,27,0,8
BRDA:322,28,0,8
BRDA:323,29,0,1
BRDA:328,30,0,7
BRDA:340,31,0,8
BRDA:348,32,0,8
BRDA:349,33,0,1
BRDA:354,34,0,7
BRDA:366,35,0,6
BRDA:374,36,0,7
BRDA:375,37,0,1
BRDA:380,38,0,6
BRDA:381,39,0,5
BRDA:381,40,0,1
BRDA:396,41,0,4
BRDA:399,42,0,2
BRDA:401,43,0,1
BRDA:408,44,0,4
BRDA:415,45,0,2
BRDA:423,46,0,3
BRDA:424,47,0,1
BRDA:429,48,0,2
BRDA:430,49,0,1
BRDA:445,50,0,0
BRDA:457,51,0,0
BRDA:470,52,0,2
BRF:53
BRH:51
end_of_record
TN:
SF:src/cmi/scorm2004/cmi.ts
FN:23,CMI
FN:61,initialize
FN:84,reset
FN:110,get _version
FN:119,set _version
FN:128,get _children
FN:137,set _children
FN:145,get completion_status
FN:153,set completion_status
FN:161,get completion_threshold
FN:169,set completion_threshold
FN:177,get credit
FN:185,set credit
FN:193,get entry
FN:201,set entry
FN:209,get exit
FN:218,set exit
FN:226,get launch_data
FN:234,set launch_data
FN:242,get learner_id
FN:250,set learner_id
FN:258,get learner_name
FN:266,set learner_name
FN:274,get location
FN:282,set location
FN:290,get max_time_allowed
FN:298,set max_time_allowed
FN:306,get mode
FN:314,set mode
FN:322,get progress_measure
FN:330,set progress_measure
FN:338,get scaled_passing_score
FN:346,set scaled_passing_score
FN:354,get session_time
FN:363,set session_time
FN:371,get success_status
FN:379,set success_status
FN:387,get suspend_data
FN:395,set suspend_data
FN:403,get time_limit_action
FN:411,set time_limit_action
FN:419,get total_time
FN:427,set total_time
FN:436,getCurrentTotalTime
FN:471,toJSON
FNF:45
FNH:45
FNDA:335,CMI
FNDA:151,initialize
FNDA:4,reset
FNDA:2,get _version
FNDA:3,set _version
FNDA:2,get _children
FNDA:3,set _children
FNDA:87,get completion_status
FNDA:18,set completion_status
FNDA:87,get completion_threshold
FNDA:6,set completion_threshold
FNDA:85,get credit
FNDA:7,set credit
FNDA:72,get entry
FNDA:3,set entry
FNDA:73,get exit
FNDA:18,set exit
FNDA:72,get launch_data
FNDA:3,set launch_data
FNDA:74,get learner_id
FNDA:9,set learner_id
FNDA:72,get learner_name
FNDA:4,set learner_name
FNDA:72,get location
FNDA:4,set location
FNDA:74,get max_time_allowed
FNDA:5,set max_time_allowed
FNDA:85,get mode
FNDA:3,set mode
FNDA:74,get progress_measure
FNDA:18,set progress_measure
FNDA:87,get scaled_passing_score
FNDA:5,set scaled_passing_score
FNDA:73,get session_time
FNDA:33,set session_time
FNDA:88,get success_status
FNDA:18,set success_status
FNDA:72,get suspend_data
FNDA:5,set suspend_data
FNDA:72,get time_limit_action
FNDA:3,set time_limit_action
FNDA:2,get total_time
FNDA:11,set total_time
FNDA:11,getCurrentTotalTime
FNDA:70,toJSON
DA:1,1
DA:2,1
DA:3,1
DA:4,1
DA:5,1
DA:6,1
DA:7,1
DA:8,1
DA:9,1
DA:10,1
DA:11,1
DA:12,1
DA:13,1
DA:18,1
DA:23,1
DA:24,335
DA:25,335
DA:26,335
DA:27,335
DA:28,335
DA:29,335
DA:30,335
DA:31,335
DA:32,335
DA:33,335
DA:34,335
DA:35,335
DA:36,335
DA:37,335
DA:38,335
DA:39,335
DA:61,1
DA:62,151
DA:64,151
DA:65,151
DA:66,151
DA:67,151
DA:68,151
DA:69,151
DA:70,151
DA:73,151
DA:74,151
DA:75,151
DA:76,151
DA:77,151
DA:78,151
DA:79,151
DA:84,1
DA:85,4
DA:88,4
DA:89,4
DA:90,4
DA:91,4
DA:92,4
DA:93,4
DA:94,4
DA:97,4
DA:98,4
DA:99,4
DA:100,4
DA:101,4
DA:102,4
DA:103,4
DA:110,1
DA:111,2
DA:112,2
DA:119,1
DA:120,3
DA:121,3
DA:128,1
DA:129,2
DA:130,2
DA:137,1
DA:138,3
DA:139,3
DA:145,1
DA:146,87
DA:147,87
DA:153,1
DA:154,18
DA:155,18
DA:161,1
DA:162,87
DA:163,87
DA:169,1
DA:170,6
DA:171,6
DA:177,1
DA:178,85
DA:179,85
DA:185,1
DA:186,7
DA:187,7
DA:193,1
DA:194,72
DA:195,72
DA:201,1
DA:202,3
DA:203,3
DA:209,1
DA:210,73
DA:211,73
DA:212,73
DA:218,1
DA:219,18
DA:220,18
DA:226,1
DA:227,72
DA:228,72
DA:234,1
DA:235,3
DA:236,3
DA:242,1
DA:243,74
DA:244,74
DA:250,1
DA:251,9
DA:252,9
DA:258,1
DA:259,72
DA:260,72
DA:266,1
DA:267,4
DA:268,4
DA:274,1
DA:275,72
DA:276,72
DA:282,1
DA:283,4
DA:284,4
DA:290,1
DA:291,74
DA:292,74
DA:298,1
DA:299,5
DA:300,5
DA:306,1
DA:307,85
DA:308,85
DA:314,1
DA:315,3
DA:316,3
DA:322,1
DA:323,74
DA:324,74
DA:330,1
DA:331,18
DA:332,18
DA:338,1
DA:339,87
DA:340,87
DA:346,1
DA:347,5
DA:348,5
DA:354,1
DA:355,73
DA:356,73
DA:357,73
DA:363,1
DA:364,33
DA:365,33
DA:371,1
DA:372,88
DA:373,88
DA:379,1
DA:380,18
DA:381,18
DA:387,1
DA:388,72
DA:389,72
DA:395,1
DA:396,5
DA:397,5
DA:403,1
DA:404,72
DA:405,72
DA:411,1
DA:412,3
DA:413,3
DA:419,1
DA:420,2
DA:421,2
DA:427,1
DA:428,11
DA:429,11
DA:436,1
DA:437,11
DA:438,11
DA:471,1
DA:495,70
DA:496,70
DA:499,70
DA:501,70
DA:502,70
DA:503,70
DA:504,70
DA:505,70
DA:506,70
DA:507,70
DA:508,70
DA:509,70
DA:510,70
DA:511,70
DA:512,70
DA:513,70
DA:514,70
DA:515,70
DA:516,70
DA:517,70
DA:518,70
DA:519,70
DA:520,70
DA:521,70
DA:522,70
DA:523,70
DA:524,70
DA:525,70
DA:528,70
DA:529,70
DA:531,70
DA:532,70
DA:533,1
LF:222
LH:222
[...]
DA:74,1
DA:76,1
DA:77,1
DA:79,1
DA:80,1
DA:81,1
DA:82,1
DA:83,1
DA:84,1
LF:69
LH:69
BRF:0
BRH:0
end_of_record
TN:
SF:src/constants/response_constants.ts
FNF:0
FNH:0
DA:1,1
DA:3,1
DA:4,1
DA:5,1
DA:6,1
DA:7,1
DA:8,1
DA:9,1
DA:10,1
DA:11,1
DA:12,1
DA:13,1
DA:14,1
DA:15,1
DA:16,1
DA:17,1
DA:18,1
DA:19,1
DA:20,1
DA:21,1
DA:22,1
DA:23,1
DA:24,1
DA:25,1
DA:26,1
DA:27,1
DA:28,1
DA:29,1
DA:30,1
DA:31,1
DA:32,1
DA:33,1
DA:34,1
DA:35,1
DA:36,1
DA:37,1
DA:38,1
DA:39,1
DA:40,1
DA:41,1
DA:42,1
DA:43,1
DA:44,1
DA:45,1
DA:46,1
DA:47,1
DA:48,1
DA:49,1
DA:50,1
DA:51,1
DA:52,1
DA:53,1
DA:54,1
DA:55,1
DA:56,1
DA:57,1
DA:58,1
DA:59,1
DA:60,1
DA:61,1
DA:62,1
DA:63,1
DA:64,1
DA:65,1
DA:66,1
DA:67,1
DA:68,1
DA:69,1
DA:70,1
DA:71,1
DA:72,1
DA:73,1
DA:74,1
DA:75,1
DA:76,1
DA:77,1
DA:78,1
DA:79,1
DA:80,1
DA:81,1
DA:82,1
DA:83,1
DA:84,1
DA:85,1
DA:86,1
DA:87,1
DA:88,1
DA:89,1
DA:90,1
DA:91,1
DA:92,1
DA:93,1
DA:94,1
DA:95,1
DA:96,1
DA:97,1
DA:98,1
DA:99,1
DA:100,1
DA:101,1
DA:102,1
DA:103,1
DA:104,1
DA:105,1
DA:106,1
DA:107,1
DA:108,1
DA:109,1
DA:110,1
DA:111,1
DA:112,1
DA:113,1
DA:114,1
DA:116,1
DA:118,1
DA:119,1
DA:120,1
DA:121,1
DA:122,1
DA:123,1
DA:124,1
DA:125,1
DA:126,1
DA:127,1
DA:128,1
DA:129,1
DA:130,1
DA:131,1
DA:132,1
DA:133,1
DA:134,1
DA:135,1
DA:136,1
DA:137,1
DA:138,1
DA:139,1
DA:140,1
DA:141,1
DA:142,1
DA:143,1
DA:144,1
DA:145,1
DA:146,1
DA:147,1
DA:148,1
DA:149,1
DA:150,1
DA:151,1
LF:148
LH:148
BRF:0
BRH:0
end_of_record
TN:
SF:src/esm/AICC.esm.ts
FN:1,(empty-report)
FNF:1
FNH:0
FNDA:0,(empty-report)
DA:1,0
LF:1
LH:0
BRDA:1,0,0,0
BRF:1
BRH:0
end_of_record
TN:
SF:src/esm/CrossFrameAPI.esm.ts
FN:1,(empty-report)
FNF:1
FNH:0
FNDA:0,(empty-report)
DA:1,0
LF:1
LH:0
BRDA:1,0,0,0
BRF:1
BRH:0
end_of_record
TN:
SF:src/esm/CrossFrameLMS.esm.ts
FN:1,(empty-report)
FNF:1
FNH:0
FNDA:0,(empty-report)
DA:1,0
LF:1
LH:0
BRDA:1,0,0,0
BRF:1
BRH:0
end_of_record
TN:
SF:src/esm/Scorm12API.esm.ts
FN:1,(empty-report)
FNF:1
FNH:0
FNDA:0,(empty-report)
DA:1,0
LF:1
LH:0
BRDA:1,0,0,0
BRF:1
BRH:0
end_of_record
TN:
SF:src/esm/Scorm2004API.esm.ts
FN:1,(empty-report)
FNF:1
FNH:0
FNDA:0,(empty-report)
DA:1,0
LF:1
LH:0
BRDA:1,0,0,0
BRF:1
BRH:0
end_of_record
TN:
SF:src/esm/ScormAgain.esm.ts
FN:1,(empty-report)
FNF:1
FNH:0
FNDA:0,(empty-report)
DA:1,0
DA:2,0
DA:3,0
DA:4,0
DA:5,0
LF:5
LH:0
BRDA:1,0,0,0
BRF:1
BRH:0
end_of_record
TN:
SF:src/exceptions/aicc_exceptions.ts
FN:15,AICCValidationError
FNF:1
FNH:1
FNDA:103,AICCValidationError
DA:1,1
DA:2,1
DA:4,1
DA:9,1
DA:15,1
DA:16,103
DA:17,101
DA:18,101
DA:19,101
DA:20,101
DA:21,101
DA:22,101
DA:23,103
DA:24,2
DA:25,2
DA:28,103
DA:29,103
DA:30,1
LF:18
LH:18
BRDA:15,0,0,103
BRDA:16,1,0,101
BRDA:23,2,0,2
BRF:3
BRH:3
end_of_record
TN:
SF:src/exceptions/scorm12_exceptions.ts
FN:15,Scorm12ValidationError
FNF:1
FNH:1
FNDA:1177,Scorm12ValidationError
DA:1,1
DA:2,1
DA:4,1
DA:9,1
DA:15,1
DA:16,1177
DA:17,1175
DA:18,1175
DA:19,1175
DA:20,1175
DA:21,1175
DA:22,1175
DA:23,1177
DA:24,2
DA:25,2
DA:26,2
DA:27,2
DA:28,2
DA:29,2
DA:30,2
DA:33,1177
DA:34,1177
DA:35,1
LF:23
LH:23
BRDA:15,0,0,1177
BRDA:16,1,0,1175
BRDA:23,2,0,2
BRF:3
BRH:3
end_of_record
TN:
SF:src/exceptions/scorm2004_exceptions.ts
FN:15,Scorm2004ValidationError
FNF:1
FNH:1
FNDA:524,Scorm2004ValidationError
DA:1,1
DA:2,1
DA:4,1
DA:9,1
DA:15,1
DA:16,524
DA:17,522
DA:18,522
DA:19,522
DA:20,522
DA:21,522
DA:22,522
DA:23,524
DA:24,2
DA:25,2
DA:26,2
DA:27,2
DA:28,2
DA:29,2
DA:30,2
DA:33,524
DA:34,524
DA:35,1
LF:23
LH:23
BRDA:15,0,0,524
BRDA:16,1,0,522
BRDA:23,2,0,2
BRF:3
BRH:3
end_of_record
TN:
SF:src/helpers/scheduled_commit.ts
FN:18,ScheduledCommit
FN:27,cancel
FN:37,wrapper
FNF:3
FNH:3
FNDA:16,ScheduledCommit
FNDA:12,cancel
FNDA:11,wrapper
DA:6,1
DA:8,1
DA:18,1
DA:19,16
DA:20,16
DA:21,16
DA:22,16
DA:27,1
DA:28,12
DA:29,12
DA:30,12
DA:31,12
DA:32,12
DA:37,1
DA:38,11
DA:39,11
DA:40,11
DA:41,11
DA:42,1
LF:19
LH:19
BRDA:18,0,0,16
BRDA:27,1,0,12
BRDA:37,2,0,11
BRDA:39,3,0,11
BRF:4
BRH:4
end_of_record
TN:
SF:src/services/ErrorHandlingService.ts
FN:31,ErrorHandlingService
FN:53,get lastErrorCode
FN:62,set lastErrorCode
FN:74,throwSCORMError
FN:94,clearSCORMError
FN:141,handleValueAccessException
FN:190,get errorCodes
FN:196,createErrorHandlingService
FNF:8
FNH:8
FNDA:572,ErrorHandlingService
FNDA:3041,get lastErrorCode
FNDA:1020,set lastErrorCode
FNDA:1078,throwSCORMError
FNDA:810,clearSCORMError
FNDA:5,handleValueAccessException
FNDA:1,get errorCodes
FNDA:572,createErrorHandlingService
DA:1,1
DA:2,1
DA:4,1
DA:6,1
DA:11,1
DA:12,1
DA:31,1
DA:32,572
DA:33,572
DA:39,572
DA:40,572
DA:41,572
DA:42,572
DA:43,572
DA:44,572
DA:45,572
DA:46,572
DA:53,1
DA:54,3041
DA:55,3041
DA:62,1
DA:63,1020
DA:64,1020
DA:74,1
DA:75,1078
DA:76,933
DA:77,933
DA:80,1078
DA:83,1078
DA:84,1078
DA:86,1078
DA:87,1078
DA:94,1
DA:95,810
DA:96,793
DA:97,793
DA:98,810
DA:141,1
DA:142,5
DA:143,5
DA:144,5
DA:145,5
DA:146,5
DA:147,1
DA:148,1
DA:151,1
DA:152,1
DA:154,1
DA:155,5
DA:157,3
DA:158,3
DA:159,3
DA:162,3
DA:164,3
DA:165,4
DA:167,1
DA:169,1
DA:171,1
DA:173,1
DA:174,1
DA:175,1
DA:177,0
DA:178,0
DA:180,1
DA:181,1
DA:182,5
DA:183,5
DA:190,1
DA:191,1
DA:192,1
DA:193,1
DA:196,1
DA:197,572
DA:198,572
DA:204,572
DA:205,572
DA:206,572
DA:207,572
DA:208,572
LF:79
LH:77
BRDA:31,0,0,572
BRDA:53,1,0,3041
BRDA:62,2,0,1020
BRDA:74,3,0,1078
BRDA:75,4,0,933
BRDA:80,5,0,0
BRDA:94,6,0,810
BRDA:95,7,0,809
BRDA:95,8,0,793
BRDA:141,9,0,5
BRDA:146,10,0,1
BRDA:155,11,0,4
BRDA:155,12,0,3
BRDA:159,13,0,0
BRDA:165,14,0,1
BRDA:175,15,0,0
BRDA:190,16,0,1
BRDA:196,17,0,572
BRF:18
BRH:15
end_of_record
TN:
SF:src/services/EventService.ts
FN:42,EventService
FN:59,parseListenerName
FN:79,on
FN:118,off
FN:164,clear
FN:198,processListeners
FN:251,reset
FNF:7
FNH:7
FNDA:579,EventService
FNDA:10379,parseListenerName
FNDA:10364,on
FNDA:7,off
FNDA:5,clear
FNDA:11428,processListeners
FNDA:10,reset
DA:2,1
DA:25,1
DA:27,1
DA:29,1
DA:42,1
DA:43,579
DA:49,579
DA:50,579
DA:51,579
DA:59,1
DA:60,10379
DA:61,10379
DA:63,10379
DA:64,10379
DA:66,10379
DA:67,116
DA:68,116
DA:70,10379
DA:71,10379
DA:79,1
DA:80,10364
DA:82,10363
DA:83,10364
DA:84,10366
DA:85,10366
DA:87,10366
DA:90,10366
DA:93,10366
DA:94,10366
DA:95,10366
DA:96,10366
DA:97,10366
DA:100,10366
DA:101,10366
DA:103,10366
DA:104,10366
DA:105,10366
DA:106,10366
DA:107,10366
DA:108,10366
DA:109,10366
DA:110,10364
DA:118,1
DA:119,7
DA:121,7
DA:122,7
DA:123,8
DA:124,8
DA:126,8
DA:129,8
DA:130,8
DA:133,7
DA:134,7
DA:135,7
DA:137,7
DA:139,7
DA:140,7
DA:143,7
DA:144,4
DA:145,7
DA:146,3
DA:147,3
DA:149,7
DA:150,7
DA:151,7
DA:152,7
DA:153,7
DA:154,7
DA:155,7
DA:156,8
DA:157,7
DA:164,1
DA:165,5
DA:166,5
DA:167,5
DA:168,5
DA:170,5
DA:173,5
DA:174,4
DA:177,4
DA:180,4
DA:182,4
DA:183,4
DA:184,4
DA:185,0
DA:186,0
DA:187,4
DA:188,5
DA:189,5
DA:198,1
DA:199,11428
DA:202,11428
DA:203,11428
DA:205,11087
DA:206,1010869
DA:207,1010869
DA:210,1010869
DA:211,1000026
DA:213,1000014
DA:214,1000014
DA:215,1000024
DA:217,12
DA:218,12
DA:219,1000026
DA:222,1010869
DA:223,20863
DA:224,20863
DA:225,20863
DA:226,20863
DA:227,20863
DA:228,20863
DA:231,20863
DA:233,3
DA:234,20863
DA:236,6
DA:237,20860
DA:239,14
DA:240,20842
DA:242,20840
DA:243,20840
DA:244,20863
DA:245,1010869
DA:246,11428
DA:251,1
DA:252,10
DA:253,10
DA:254,10
DA:255,1
LF:128
LH:126
BRDA:42,0,0,579
BRDA:59,1,0,10379
BRDA:61,2,0,0
BRDA:66,3,0,116
BRDA:79,4,0,10364
BRDA:80,5,0,1
BRDA:80,6,0,10363
BRDA:83,7,0,10366
BRDA:85,8,0,0
BRDA:90,9,0,167
BRDA:109,10,0,10363
BRDA:118,11,0,7
BRDA:119,12,0,0
BRDA:122,13,0,8
BRDA:124,14,0,0
BRDA:130,15,0,7
BRDA:130,16,0,1
BRDA:143,17,0,4
BRDA:145,18,0,3
BRDA:134,19,0,7
BRDA:164,20,0,5
BRDA:168,21,0,0
BRDA:173,22,0,4
BRDA:184,23,0,0
BRDA:177,24,0,8
BRDA:198,25,0,11428
BRDA:203,26,0,1189
BRDA:203,27,0,11087
BRDA:203,28,0,10239
BRDA:205,29,0,1010869
BRDA:210,30,0,1010832
BRDA:210,31,0,1000026
BRDA:211,32,0,1000024
BRDA:211,33,0,1000014
BRDA:215,34,0,12
BRDA:222,35,0,1000026
BRDA:222,36,0,20863
BRDA:231,37,0,3
BRDA:234,38,0,20860
BRDA:234,39,0,6
BRDA:237,40,0,20854
BRDA:237,41,0,20842
BRDA:237,42,0,14
BRDA:240,43,0,20840
BRDA:245,44,0,10239
BRDA:251,45,0,10
BRF:46
BRH:40
end_of_record
TN:
SF:src/services/HttpService.ts
FN:20,HttpService
FN:80,processHttpRequest
FN:125,_handleImmediateRequest
FN:154,_prepareRequestBody
FN:174,performFetch
FN:206,performBeacon
FN:216,json
FN:220,text
FN:235,transformResponse
FN:267,_isSuccessResponse
FN:279,updateSettings
FNF:11
FNH:11
FNDA:582,HttpService
FNDA:260,processHttpRequest
FNDA:4,_handleImmediateRequest
FNDA:69,_prepareRequestBody
FNDA:64,performFetch
FNDA:8,performBeacon
FNDA:2,json
FNDA:6,text
FNDA:62,transformResponse
FNDA:73,_isSuccessResponse
FNDA:28,updateSettings
DA:2,1
DA:3,1
DA:11,1
DA:20,1
DA:21,582
DA:22,582
DA:23,582
DA:80,1
DA:81,260
DA:82,260
DA:83,260
DA:84,260
DA:90,260
DA:91,260
DA:92,260
DA:93,260
DA:94,260
DA:95,260
DA:98,260
DA:99,4
DA:100,4
DA:103,256
DA:104,256
DA:108,256
DA:109,59
DA:110,260
DA:111,197
DA:112,197
DA:113,197
DA:114,197
DA:115,260
DA:125,1
DA:126,4
DA:127,4
DA:128,4
DA:129,4
DA:131,4
DA:132,1
DA:133,1
DA:134,3
DA:136,3
DA:137,3
DA:138,3
DA:139,3
DA:142,4
DA:143,4
DA:144,4
DA:145,4
DA:146,4
DA:154,1
DA:157,69
DA:158,69
DA:159,69
DA:160,69
DA:161,2
DA:162,67
DA:164,69
DA:165,69
DA:174,1
DA:176,64
DA:177,4
DA:178,4
DA:180,60
DA:181,60
DA:182,60
DA:183,60
DA:184,60
DA:185,60
DA:186,60
DA:187,60
DA:188,60
DA:189,60
DA:190,60
DA:192,64
DA:193,1
DA:194,1
DA:196,60
DA:197,64
DA:206,1
DA:207,8
DA:210,8
DA:213,8
DA:214,8
DA:215,8
DA:216,8
DA:217,2
DA:218,2
DA:219,2
DA:220,8
DA:221,6
DA:222,6
DA:223,6
DA:224,6
DA:225,8
DA:226,8
DA:235,1
DA:236,62
DA:237,62
DA:238,62
DA:240,62
DA:241,62
DA:242,61
DA:243,1
DA:246,17
DA:247,4
DA:248,4
DA:251,62
DA:252,56
DA:253,62
DA:254,6
DA:255,6
DA:257,62
DA:258,62
DA:267,1
DA:268,73
DA:269,73
DA:270,71
DA:271,65
DA:273,73
DA:279,1
DA:280,28
DA:281,28
DA:282,1
LF:123
LH:123
BRDA:20,0,0,582
BRDA:80,1,0,260
BRDA:98,2,0,258
BRDA:98,3,0,4
BRDA:100,4,0,256
BRDA:108,5,0,59
BRDA:110,6,0,197
BRDA:125,7,0,4
BRDA:131,8,0,3
BRDA:131,9,0,1
BRDA:136,10,0,3
BRDA:154,11,0,69
BRDA:158,12,0,2
BRDA:158,13,0,67
BRDA:160,14,0,2
BRDA:161,15,0,67
BRDA:174,16,0,64
BRDA:176,17,0,4
BRDA:178,18,0,60
BRDA:192,19,0,1
BRDA:194,20,0,60
BRDA:206,21,0,8
BRDA:214,22,0,5
BRDA:214,23,0,3
BRDA:216,24,0,2
BRDA:217,25,0,1
BRDA:217,26,0,1
BRDA:218,27,0,1
BRDA:218,28,0,1
BRDA:220,29,0,6
BRDA:222,30,0,4
BRDA:222,31,0,2
BRDA:223,32,0,4
BRDA:223,33,0,2
BRDA:235,34,0,62
BRDA:241,35,0,61
BRDA:242,36,0,1
BRDA:243,37,0,17
BRDA:243,38,0,1
BRDA:246,39,0,4
BRDA:247,40,0,2
BRDA:247,41,0,2
BRDA:251,42,0,56
BRDA:253,43,0,6
BRDA:267,44,0,73
BRDA:269,45,0,71
BRDA:270,46,0,65
BRDA:271,47,0,4
BRDA:279,48,0,28
BRF:49
BRH:49
end_of_record
TN:
SF:src/services/LoggingService.ts
FN:18,LoggingService
FN:28,getInstance
FN:40,setLogLevel
FN:49,getLogLevel
FN:58,setLogHandler
FN:68,log
FN:79,error
FN:88,warn
FN:97,info
FN:106,debug
FN:116,shouldLog
FN:130,getNumericLevel
FN:158,getLoggingService
FNF:13
FNH:13
FNDA:14,LoggingService
FNDA:1257,getInstance
FNDA:592,setLogLevel
FNDA:3,getLogLevel
FNDA:561,setLogHandler
FNDA:1094,log
FNDA:1086,error
FNDA:4,warn
FNDA:2,info
FNDA:4,debug
FNDA:1094,shouldLog
FNDA:2207,getNumericLevel
FNDA:1257,getLoggingService
DA:2,1
DA:4,1
DA:10,1
DA:12,1
DA:18,1
DA:20,14
DA:21,14
DA:28,1
DA:29,1257
DA:30,14
DA:31,14
DA:32,1257
DA:33,1257
DA:40,1
DA:41,592
DA:42,592
DA:49,1
DA:50,3
DA:51,3
DA:58,1
DA:59,561
DA:60,561
DA:68,1
DA:69,1094
DA:70,33
DA:71,33
DA:72,1094
DA:79,1
DA:80,1086
DA:81,1086
DA:88,1
DA:89,4
DA:90,4
DA:97,1
DA:98,2
DA:99,2
DA:106,1
DA:107,4
DA:108,4
DA:116,1
DA:118,1094
DA:119,1094
DA:121,1094
DA:122,1094
DA:130,1
DA:131,2207
DA:133,2207
DA:135,21
DA:136,69
DA:137,2207
DA:138,4
DA:139,2207
DA:140,2207
DA:141,4
DA:142,2207
DA:143,2207
DA:144,4
DA:145,2207
DA:146,2207
DA:147,4
DA:148,2207
DA:149,2207
DA:150,2
DA:151,2207
DA:152,3
DA:153,2207
DA:154,2207
DA:155,1
DA:158,1
DA:159,1257
DA:160,1257
LF:71
LH:71
BRDA:18,0,0,14
BRDA:28,1,0,1257
BRDA:29,2,0,14
BRDA:40,3,0,592
BRDA:49,4,0,3
BRDA:58,5,0,561
BRDA:68,6,0,1094
BRDA:69,7,0,33
BRDA:79,8,0,1086
BRDA:88,9,0,4
BRDA:97,10,0,2
BRDA:106,11,0,4
BRDA:116,12,0,1094
BRDA:130,13,0,2207
BRDA:131,14,0,1
BRDA:131,15,0,2206
BRDA:133,16,0,2185
BRDA:133,17,0,69
BRDA:133,18,0,21
BRDA:136,19,0,2
BRDA:137,20,0,4
BRDA:139,21,0,2
BRDA:140,22,0,4
BRDA:142,23,0,2
BRDA:143,24,0,4
BRDA:145,25,0,2
BRDA:146,26,0,4
BRDA:148,27,0,1
BRDA:149,28,0,2
BRDA:151,29,0,3
BRDA:158,30,0,1257
BRF:31
BRH:31
end_of_record
TN:
SF:src/services/OfflineStorageService.ts
FN:34,OfflineStorageService
FN:55,handleOnlineStatusChange
FN:93,storeOffline
FN:142,getOfflineData
FN:160,syncOfflineData
FN:258,sendDataToLMS
FN:325,isDeviceOnline
FN:335,getFromStorage
FN:353,saveToStorage
FN:362,hasPendingOfflineData
FN:371,updateSettings
FNF:11
FNH:11
FNDA:34,OfflineStorageService
FNDA:61,handleOnlineStatusChange
FNDA:7,storeOffline
FNDA:4,getOfflineData
FNDA:28,syncOfflineData
FNDA:7,sendDataToLMS
FNDA:2,isDeviceOnline
FNDA:40,getFromStorage
FNDA:18,saveToStorage
FNDA:2,hasPendingOfflineData
FNDA:4,updateSettings
DA:2,1
DA:3,1
DA:20,1
DA:23,1
DA:24,1
DA:25,1
DA:26,1
DA:34,1
DA:35,34
DA:36,34
DA:37,34
DA:43,34
DA:44,34
DA:45,34
DA:48,34
DA:49,34
DA:50,34
DA:55,1
DA:56,61
DA:57,61
DA:60,61
DA:61,20
DA:62,20
DA:63,20
DA:64,20
DA:65,20
DA:66,20
DA:67,20
DA:68,20
DA:69,19
DA:70,20
DA:71,1
DA:72,1
DA:73,20
DA:74,20
DA:75,0
DA:76,0
DA:77,20
DA:78,61
DA:79,39
DA:80,39
DA:81,39
DA:82,39
DA:83,39
DA:84,39
DA:85,61
DA:93,1
DA:94,7
DA:96,7
DA:97,7
DA:98,7
DA:99,7
DA:100,7
DA:101,7
DA:102,7
DA:105,7
DA:106,7
DA:109,7
DA:112,6
DA:114,6
DA:115,6
DA:116,6
DA:117,6
DA:118,6
DA:120,6
DA:121,6
DA:122,6
DA:123,6
DA:124,7
DA:125,1
DA:126,1
DA:127,1
DA:128,1
DA:129,1
DA:130,1
DA:131,1
DA:132,1
DA:133,1
DA:134,1
DA:135,7
DA:142,1
DA:143,4
DA:144,4
DA:145,4
DA:146,4
DA:147,1
DA:148,1
DA:149,1
DA:150,1
DA:151,1
DA:152,1
DA:153,1
DA:154,4
DA:160,1
DA:162,28
DA:163,3
DA:164,3
DA:166,25
DA:168,25
DA:170,28
DA:172,28
DA:173,20
DA:174,20
DA:175,20
DA:177,4
DA:178,4
DA:179,4
DA:180,4
DA:181,4
DA:184,4
DA:187,4
DA:189,4
DA:190,1
DA:191,1
DA:192,1
DA:193,1
DA:194,1
DA:195,1
DA:196,1
DA:198,3
DA:200,3
DA:202,4
DA:204,2
DA:205,2
DA:206,2
DA:207,2
DA:208,2
DA:209,4
DA:211,1
DA:212,1
DA:213,1
DA:214,1
DA:215,1
DA:216,1
DA:217,1
DA:218,1
DA:219,4
DA:221,0
DA:222,0
DA:223,0
DA:224,0
DA:225,0
DA:226,0
DA:227,0
DA:228,0
DA:229,4
DA:232,4
DA:234,4
DA:235,4
DA:236,4
DA:237,4
DA:238,4
DA:240,4
DA:241,4
DA:242,28
DA:243,1
DA:244,1
DA:245,1
DA:246,1
DA:247,1
DA:248,1
DA:249,1
DA:250,1
DA:251,28
DA:258,1
DA:259,7
DA:260,1
DA:261,1
DA:262,1
DA:263,1
DA:264,1
DA:266,6
DA:268,6
DA:271,6
DA:272,6
DA:273,6
DA:274,6
DA:275,6
DA:276,6
DA:277,6
DA:278,6
DA:279,6
DA:281,7
DA:282,0
DA:283,0
DA:285,6
DA:288,5
DA:289,5
DA:290,5
DA:291,0
DA:293,0
DA:294,0
DA:295,5
DA:296,4
DA:297,7
DA:298,4
DA:299,0
DA:300,0
DA:301,4
DA:302,7
DA:303,1
DA:304,0
DA:305,0
DA:306,1
DA:307,1
DA:308,7
DA:309,1
DA:310,1
DA:311,1
DA:312,1
DA:313,1
DA:314,1
DA:315,1
DA:316,1
DA:317,1
DA:318,1
DA:319,7
DA:325,1
DA:326,2
DA:327,2
DA:335,1
DA:336,40
DA:337,40
DA:338,8
DA:339,8
DA:340,8
DA:341,1
DA:342,1
DA:343,8
DA:344,30
DA:345,40
DA:353,1
DA:354,18
DA:355,18
DA:362,1
DA:363,2
DA:364,2
DA:365,2
DA:371,1
DA:372,4
DA:373,4
DA:374,1
LF:242
LH:223
BRDA:34,0,0,34
BRDA:55,1,0,61
BRDA:60,2,0,22
BRDA:60,3,0,20
BRDA:78,4,0,41
BRDA:78,5,0,39
BRDA:78,6,0,39
BRDA:67,7,0,20
BRDA:68,8,0,19
BRDA:70,9,0,1
BRDA:93,10,0,7
BRDA:109,11,0,6
BRDA:124,12,0,1
BRDA:142,13,0,4
BRDA:144,14,0,3
BRDA:145,15,0,2
BRDA:146,16,0,1
BRDA:160,17,0,28
BRDA:162,18,0,26
BRDA:162,19,0,3
BRDA:164,20,0,25
BRDA:170,21,0,24
BRDA:170,22,0,20
BRDA:172,23,0,20
BRDA:175,24,0,4
BRDA:189,25,0,1
BRDA:196,26,0,3
BRDA:202,27,0,2
BRDA:209,28,0,1
BRDA:219,29,0,0
BRDA:242,30,0,1
BRDA:258,31,0,7
BRDA:259,32,0,1
BRDA:264,33,0,6
BRDA:281,34,0,0
BRDA:283,35,0,6
BRDA:285,36,0,5
BRDA:290,37,0,0
BRDA:291,38,0,0
BRDA:294,39,0,5
BRDA:295,40,0,4
BRDA:297,41,0,4
BRDA:298,42,0,0
BRDA:302,43,0,1
BRDA:303,44,0,0
BRDA:308,45,0,1
BRDA:325,46,0,2
BRDA:335,47,0,40
BRDA:337,48,0,8
BRDA:340,49,0,1
BRDA:343,50,0,30
BRDA:353,51,0,18
BRDA:362,52,0,2
BRDA:363,53,0,1
BRDA:364,54,0,1
BRDA:371,55,0,4
BRF:56
BRH:50
end_of_record
TN:
SF:src/services/SerializationService.ts
FN:48,loadFromFlattenedJSON
FN:139,processItems
FN:203,loadFromJSON
FN:266,renderCMIToJSONString
FN:280,renderCMIToJSONObject
FN:295,getCommitObject
FNF:6
FNH:6
FNDA:4,loadFromFlattenedJSON
FNDA:9,processItems
FNDA:1219,loadFromJSON
FNDA:2094,renderCMIToJSONString
FNDA:1092,renderCMIToJSONObject
FNDA:76,getCommitObject
DA:2,1
DA:3,1
DA:10,1
DA:48,1
DA:49,4
DA:50,4
DA:51,4
DA:52,4
DA:53,4
DA:54,4
DA:55,4
DA:56,1
DA:57,1
DA:58,1
DA:60,3
DA:61,3
DA:64,3
DA:69,3
DA:70,3
DA:75,3
DA:76,3
DA:79,4
DA:80,241
DA:81,241
DA:82,241
DA:83,9
DA:84,9
DA:85,9
DA:86,9
DA:87,9
DA:88,9
DA:89,9
DA:90,9
DA:92,232
DA:93,241
DA:94,200
DA:95,200
DA:96,200
DA:97,200
DA:98,200
DA:99,200
DA:100,200
DA:101,200
DA:103,32
DA:104,32
DA:105,241
DA:108,3
DA:109,21
DA:110,0
DA:111,0
DA:114,21
DA:115,21
DA:116,21
DA:117,21
DA:119,15
DA:120,3
DA:123,3
DA:124,300
DA:125,140
DA:126,140
DA:129,300
DA:130,300
DA:132,120
DA:133,3
DA:136,3
DA:139,3
DA:140,9
DA:141,241
DA:142,241
DA:143,241
DA:144,241
DA:145,241
DA:146,241
DA:147,241
DA:148,241
DA:149,241
DA:150,9
DA:151,9
DA:154,3
DA:155,3
DA:156,3
DA:157,4
DA:203,1
DA:204,1219
DA:205,1219
DA:206,1219
DA:207,1219
DA:208,1219
DA:209,1219
DA:210,1219
DA:211,2
DA:212,2
DA:213,2
DA:215,1219
DA:217,1219
DA:220,1219
DA:221,1115
DA:222,1019
DA:223,1019
DA:225,1019
DA:226,2
DA:227,3
DA:228,3
DA:229,3
DA:231,3
DA:232,3
DA:233,3
DA:234,3
DA:235,3
DA:236,3
DA:237,3
DA:238,3
DA:239,3
DA:240,0
DA:241,0
DA:242,3
DA:243,3
DA:244,1019
DA:245,843
DA:246,843
DA:247,843
DA:248,843
DA:249,843
DA:250,843
DA:251,843
DA:252,1017
DA:253,174
DA:254,174
DA:255,1019
DA:256,1115
DA:257,1219
DA:266,1
DA:268,2094
DA:269,2093
DA:270,2093
DA:271,1
DA:272,2094
DA:280,1
DA:282,1092
DA:283,1092
DA:295,1
DA:296,76
DA:297,76
DA:298,76
DA:299,76
DA:300,76
DA:304,76
DA:305,76
DA:316,76
DA:318,76
DA:319,3
DA:320,73
DA:322,76
DA:323,1
DA:324,1
DA:325,1
DA:326,76
DA:327,76
DA:328,1
LF:159
LH:155
BRDA:48,0,0,4
BRDA:55,1,0,3
BRDA:55,2,0,1
BRDA:79,3,0,241
BRDA:82,4,0,9
BRDA:90,5,0,232
BRDA:93,6,0,200
BRDA:101,7,0,32
BRDA:105,8,0,3
BRDA:108,9,0,21
BRDA:109,10,0,0
BRDA:114,11,0,2
BRDA:114,12,0,19
BRDA:115,13,0,1
BRDA:115,14,0,18
BRDA:116,15,0,2
BRDA:116,16,0,16
BRDA:117,17,0,1
BRDA:117,18,0,15
BRDA:123,19,0,300
BRDA:124,20,0,140
BRDA:126,21,0,160
BRDA:129,22,0,0
BRDA:129,23,0,160
BRDA:130,24,0,40
BRDA:130,25,0,120
BRDA:136,26,0,33
BRDA:139,27,0,9
BRDA:140,28,0,241
BRDA:203,29,0,1219
BRDA:210,30,0,2
BRDA:213,31,0,1217
BRDA:215,32,0,0
BRDA:220,33,0,1115
BRDA:221,34,0,1019
BRDA:222,35,0,772
BRDA:222,36,0,247
BRDA:225,37,0,2
BRDA:226,38,0,3
BRDA:239,39,0,0
BRDA:244,40,0,1017
BRDA:244,41,0,843
BRDA:252,42,0,174
BRDA:256,43,0,1214
BRDA:266,44,0,2094
BRDA:268,45,0,2093
BRDA:270,46,0,1
BRDA:271,47,0,5
BRDA:271,48,0,1
BRDA:271,49,0,4
BRDA:280,50,0,1092
BRDA:295,51,0,76
BRDA:316,52,0,74
BRDA:318,53,0,3
BRDA:319,54,0,73
BRDA:322,55,0,1
BRDA:323,56,0,0
BRF:57
BRH:52
end_of_record
TN:
SF:src/services/ValidationService.ts
FN:24,validateScore
FN:47,validateScorm12Audio
FN:61,validateScorm12Language
FN:72,validateScorm12Speed
FN:86,validateScorm12Text
FN:100,validateReadOnly
FNF:6
FNH:6
FNDA:20837,validateScore
FNDA:340,validateScorm12Audio
FNDA:219,validateScorm12Language
FNDA:353,validateScorm12Speed
FNDA:345,validateScorm12Text
FNDA:27,validateReadOnly
DA:2,1
DA:3,1
DA:4,1
DA:5,1
DA:6,1
DA:11,1
DA:24,1
DA:25,20837
DA:26,20837
DA:27,20837
DA:28,20837
DA:29,20837
DA:30,20837
DA:31,20837
DA:32,20837
DA:33,20837
DA:34,20837
DA:35,611
DA:38,20837
DA:47,1
DA:48,340
DA:49,340
DA:50,229
DA:52,340
DA:61,1
DA:62,219
DA:63,219
DA:72,1
DA:73,353
DA:74,353
DA:75,244
DA:77,353
DA:86,1
DA:87,345
DA:88,345
DA:89,228
DA:91,345
DA:100,1
DA:101,27
DA:102,15
DA:103,15
DA:104,27
DA:105,1
DA:108,1
LF:44
LH:44
BRDA:24,0,0,20837
BRDA:34,1,0,611
BRDA:35,2,0,506
BRDA:47,3,0,340
BRDA:49,4,0,229
BRDA:61,5,0,219
BRDA:72,6,0,353
BRDA:74,7,0,244
BRDA:86,8,0,345
BRDA:88,9,0,228
BRDA:100,10,0,27
BRDA:101,11,0,15
BRF:12
BRH:12
end_of_record
